#! /c/Source/iverilog-install/bin/vvp
:ivl_version "12.0 (devel)" "(s20150603-1539-g2693dd32b)";
:ivl_delay_selection "TYPICAL";
:vpi_time_precision + 0;
:vpi_module "C:\iverilog\lib\ivl\system.vpi";
:vpi_module "C:\iverilog\lib\ivl\vhdl_sys.vpi";
:vpi_module "C:\iverilog\lib\ivl\vhdl_textio.vpi";
:vpi_module "C:\iverilog\lib\ivl\v2005_math.vpi";
:vpi_module "C:\iverilog\lib\ivl\va_math.vpi";
S_00000200ca4827f0 .scope module, "enc_control" "enc_control" 2 1;
 .timescale 0 0;
    .port_info 0 /INPUT 1 "clk";
    .port_info 1 /INPUT 1 "reset";
    .port_info 2 /OUTPUT 6 "debug_cc";
    .port_info 3 /OUTPUT 1 "enc1_start";
    .port_info 4 /OUTPUT 1 "enc2_start";
    .port_info 5 /OUTPUT 1 "lambda_start";
    .port_info 6 /OUTPUT 1 "enc3_start";
    .port_info 7 /OUTPUT 1 "enc4_start";
    .port_info 8 /OUTPUT 1 "done_flag";
P_00000200ca482980 .param/l "enc1_cc" 1 2 15, +C4<00000000000000000000000000001100>;
P_00000200ca4829b8 .param/l "enc2_cc" 1 2 17, +C4<00000000000000000000000000001000>;
P_00000200ca4829f0 .param/l "enc3_cc" 1 2 20, +C4<00000000000000000000000000000011>;
P_00000200ca482a28 .param/l "enc4_cc" 1 2 22, +C4<00000000000000000000000000001000>;
P_00000200ca482a60 .param/l "lambda" 1 2 19, +C4<00000000000000000000000000001000>;
P_00000200ca482a98 .param/l "offset" 1 2 14, +C4<00000000000000000000000000000010>;
P_00000200ca482ad0 .param/l "sigmoid" 1 2 23, +C4<00000000000000000000000000000011>;
P_00000200ca482b08 .param/l "softplus1" 1 2 16, +C4<00000000000000000000000000000011>;
P_00000200ca482b40 .param/l "softplus2" 1 2 18, +C4<00000000000000000000000000000011>;
P_00000200ca482b78 .param/l "softplus3" 1 2 21, +C4<00000000000000000000000000000011>;
v00000200ca4a6820_0 .var "cc", 6 0;
o00000200ca4bbfb8 .functor BUFZ 1, C4<z>; HiZ drive
v00000200ca4b3580_0 .net "clk", 0 0, o00000200ca4bbfb8;  0 drivers
v00000200ca4b3620_0 .net "debug_cc", 5 0, L_00000200ca4b3b20;  1 drivers
v00000200ca4b36c0_0 .var "done_flag", 0 0;
v00000200ca4b3760_0 .var "enc1_start", 0 0;
v00000200ca4b3800_0 .var "enc2_start", 0 0;
v00000200ca4b38a0_0 .var "enc3_start", 0 0;
v00000200ca4b3940_0 .var "enc4_start", 0 0;
v00000200ca4b39e0_0 .var "lambda_start", 0 0;
o00000200ca4bc138 .functor BUFZ 1, C4<z>; HiZ drive
v00000200ca4b3a80_0 .net "reset", 0 0, o00000200ca4bc138;  0 drivers
E_00000200ca4b9c70 .event posedge, v00000200ca4b3a80_0, v00000200ca4b3580_0;
L_00000200ca4b3b20 .part v00000200ca4a6820_0, 0, 6;
    .scope S_00000200ca4827f0;
T_0 ;
    %wait E_00000200ca4b9c70;
    %load/vec4 v00000200ca4b3a80_0;
    %flag_set/vec4 8;
    %jmp/0xz  T_0.0, 8;
    %pushi/vec4 0, 0, 7;
    %assign/vec4 v00000200ca4a6820_0, 0;
    %pushi/vec4 1, 0, 1;
    %assign/vec4 v00000200ca4b3760_0, 0;
    %pushi/vec4 1, 0, 1;
    %assign/vec4 v00000200ca4b3800_0, 0;
    %pushi/vec4 1, 0, 1;
    %assign/vec4 v00000200ca4b38a0_0, 0;
    %pushi/vec4 1, 0, 1;
    %assign/vec4 v00000200ca4b3940_0, 0;
    %pushi/vec4 0, 0, 1;
    %assign/vec4 v00000200ca4b36c0_0, 0;
    %jmp T_0.1;
T_0.0 ;
    %load/vec4 v00000200ca4b36c0_0;
    %nor/r;
    %flag_set/vec4 8;
    %jmp/0xz  T_0.2, 8;
    %load/vec4 v00000200ca4a6820_0;
    %addi 1, 0, 7;
    %assign/vec4 v00000200ca4a6820_0, 0;
    %load/vec4 v00000200ca4a6820_0;
    %dup/vec4;
    %pushi/vec4 2, 0, 7;
    %cmp/u;
    %jmp/1 T_0.4, 6;
    %dup/vec4;
    %pushi/vec4 17, 0, 7;
    %cmp/u;
    %jmp/1 T_0.5, 6;
    %dup/vec4;
    %pushi/vec4 25, 0, 7;
    %cmp/u;
    %jmp/1 T_0.6, 6;
    %dup/vec4;
    %pushi/vec4 36, 0, 7;
    %cmp/u;
    %jmp/1 T_0.7, 6;
    %dup/vec4;
    %pushi/vec4 42, 0, 7;
    %cmp/u;
    %jmp/1 T_0.8, 6;
    %dup/vec4;
    %pushi/vec4 53, 0, 7;
    %cmp/u;
    %jmp/1 T_0.9, 6;
    %load/vec4 v00000200ca4b3760_0;
    %assign/vec4 v00000200ca4b3760_0, 0;
    %load/vec4 v00000200ca4b3800_0;
    %assign/vec4 v00000200ca4b3800_0, 0;
    %load/vec4 v00000200ca4b39e0_0;
    %assign/vec4 v00000200ca4b39e0_0, 0;
    %load/vec4 v00000200ca4b38a0_0;
    %assign/vec4 v00000200ca4b38a0_0, 0;
    %load/vec4 v00000200ca4b3940_0;
    %assign/vec4 v00000200ca4b3940_0, 0;
    %load/vec4 v00000200ca4b36c0_0;
    %assign/vec4 v00000200ca4b36c0_0, 0;
    %jmp T_0.11;
T_0.4 ;
    %pushi/vec4 0, 0, 1;
    %assign/vec4 v00000200ca4b3760_0, 0;
    %jmp T_0.11;
T_0.5 ;
    %pushi/vec4 0, 0, 1;
    %assign/vec4 v00000200ca4b3800_0, 0;
    %jmp T_0.11;
T_0.6 ;
    %pushi/vec4 0, 0, 1;
    %assign/vec4 v00000200ca4b39e0_0, 0;
    %jmp T_0.11;
T_0.7 ;
    %pushi/vec4 0, 0, 1;
    %assign/vec4 v00000200ca4b38a0_0, 0;
    %jmp T_0.11;
T_0.8 ;
    %pushi/vec4 0, 0, 1;
    %assign/vec4 v00000200ca4b3940_0, 0;
    %jmp T_0.11;
T_0.9 ;
    %pushi/vec4 1, 0, 1;
    %assign/vec4 v00000200ca4b36c0_0, 0;
    %jmp T_0.11;
T_0.11 ;
    %pop/vec4 1;
T_0.2 ;
T_0.1 ;
    %jmp T_0;
    .thread T_0;
# The file index is used to find the file name in the following table.
:file_names 3;
    "N/A";
    "<interactive>";
    "enc_control.v";
