#! /c/Source/iverilog-install/bin/vvp
:ivl_version "12.0 (devel)" "(s20150603-1539-g2693dd32b)";
:ivl_delay_selection "TYPICAL";
:vpi_time_precision + 0;
:vpi_module "C:\iverilog\lib\ivl\system.vpi";
:vpi_module "C:\iverilog\lib\ivl\vhdl_sys.vpi";
:vpi_module "C:\iverilog\lib\ivl\vhdl_textio.vpi";
:vpi_module "C:\iverilog\lib\ivl\v2005_math.vpi";
:vpi_module "C:\iverilog\lib\ivl\va_math.vpi";
S_000001fdd8954720 .scope module, "lambda_layer_v2" "lambda_layer_v2" 2 9;
 .timescale 0 0;
    .port_info 0 /INPUT 1 "clk";
    .port_info 1 /INPUT 1 "reset";
    .port_info 2 /INPUT 16 "mean";
    .port_info 3 /INPUT 16 "vare";
    .port_info 4 /OUTPUT 16 "lambda_out";
    .port_info 5 /OUTPUT 1 "valid";
L_000001fdd8a7f260 .functor BUFZ 16, v000001fdd8ae7250_0, C4<0000000000000000>, C4<0000000000000000>, C4<0000000000000000>;
L_000001fdd8a7fc70 .functor BUFZ 1, v000001fdd8ae6e90_0, C4<0>, C4<0>, C4<0>;
o000001fdd8a828a8 .functor BUFZ 1, C4<z>; HiZ drive
v000001fdd8ae7570_0 .net "clk", 0 0, o000001fdd8a828a8;  0 drivers
v000001fdd8ae7110_0 .net "delayed_mean", 15 0, v000001fdd8a81db0_0;  1 drivers
v000001fdd8ae8ab0_0 .net "delayed_mean_2", 15 0, v000001fdd8a80550_0;  1 drivers
v000001fdd8ae6a30_0 .var "delayed_mean_2ke3", 15 0;
v000001fdd8ae7a70_0 .var "delayed_mean_3", 15 0;
v000001fdd8ae71b0_0 .net "lambda_out", 15 0, L_000001fdd8a7f260;  1 drivers
v000001fdd8ae7890_0 .net "lambda_result", 15 0, L_000001fdd8b4ab30;  1 drivers
o000001fdd8a828d8 .functor BUFZ 16, C4<zzzzzzzzzzzzzzzz>; HiZ drive
v000001fdd8ae7430_0 .net "mean", 15 0, o000001fdd8a828d8;  0 drivers
v000001fdd8ae7250_0 .var "output_reg", 15 0;
v000001fdd8ae8650_0 .var "pipeline_cnt", 3 0;
v000001fdd8ae8830_0 .net "prng_out", 15 0, v000001fdd8ad96e0_0;  1 drivers
v000001fdd8ae6850_0 .var "prng_out_reg", 15 0;
v000001fdd8ae7c50_0 .net "product_var", 15 0, L_000001fdd8b48c90;  1 drivers
v000001fdd8ae8b50_0 .var "product_var_reg", 15 0;
o000001fdd8a83028 .functor BUFZ 1, C4<z>; HiZ drive
v000001fdd8ae7930_0 .net "reset", 0 0, o000001fdd8a83028;  0 drivers
v000001fdd8ae6f30_0 .var "seedprng", 4 0;
v000001fdd8ae77f0_0 .net "sigma_sqrt", 15 0, L_000001fdd8b49190;  1 drivers
v000001fdd8ae81f0_0 .var "sigma_sqrt_reg", 15 0;
v000001fdd8ae86f0_0 .net "softplus_var", 15 0, L_000001fdd8ae92d0;  1 drivers
v000001fdd8ae6d50_0 .net "valid", 0 0, L_000001fdd8a7fc70;  1 drivers
v000001fdd8ae6e90_0 .var "valid_reg", 0 0;
o000001fdd8a84108 .functor BUFZ 16, C4<zzzzzzzzzzzzzzzz>; HiZ drive
v000001fdd8ae79d0_0 .net "vare", 15 0, o000001fdd8a84108;  0 drivers
S_000001fdd8955dd0 .scope module, "add" "fixed_point_add" 2 102, 3 1 0, S_000001fdd8954720;
 .timescale 0 0;
    .port_info 0 /INPUT 16 "A";
    .port_info 1 /INPUT 16 "B";
    .port_info 2 /OUTPUT 16 "C";
P_000001fdd89ef840 .param/l "BITSIZE" 0 3 1, +C4<00000000000000000000000000010000>;
L_000001fdd8a7fab0 .functor XNOR 1, L_000001fdd8b4a630, L_000001fdd8b49f50, C4<0>, C4<0>;
L_000001fdd8a7f500 .functor XNOR 1, L_000001fdd8b4a630, L_000001fdd8b49f50, C4<0>, C4<0>;
L_000001fdd8a7fb90 .functor XNOR 1, L_000001fdd8b4a630, L_000001fdd8b49f50, C4<0>, C4<0>;
L_000001fdd8a7fff0 .functor AND 1, L_000001fdd8a7fb90, L_000001fdd8b4a3b0, C4<1>, C4<1>;
v000001fdd8a81590_0 .net "A", 15 0, v000001fdd8ae7a70_0;  1 drivers
v000001fdd8a807d0_0 .net "B", 15 0, v000001fdd8ae8b50_0;  1 drivers
v000001fdd8a818b0_0 .net "C", 15 0, L_000001fdd8b4ab30;  alias, 1 drivers
v000001fdd8a80c30_0 .net *"_ivl_10", 15 0, L_000001fdd8b4a1d0;  1 drivers
L_000001fdd8aeba68 .functor BUFT 1, C4<0>, C4<0>, C4<0>, C4<0>;
v000001fdd8a81ef0_0 .net *"_ivl_13", 0 0, L_000001fdd8aeba68;  1 drivers
v000001fdd8a80b90_0 .net *"_ivl_14", 15 0, L_000001fdd8b494b0;  1 drivers
L_000001fdd8aebab0 .functor BUFT 1, C4<0>, C4<0>, C4<0>, C4<0>;
v000001fdd8a81450_0 .net *"_ivl_17", 0 0, L_000001fdd8aebab0;  1 drivers
v000001fdd8a80730_0 .net *"_ivl_18", 15 0, L_000001fdd8b49eb0;  1 drivers
v000001fdd8a814f0_0 .net *"_ivl_20", 0 0, L_000001fdd8b49ff0;  1 drivers
v000001fdd8a80690_0 .net *"_ivl_22", 15 0, L_000001fdd8b49a50;  1 drivers
L_000001fdd8aebaf8 .functor BUFT 1, C4<0>, C4<0>, C4<0>, C4<0>;
v000001fdd8a80870_0 .net *"_ivl_25", 0 0, L_000001fdd8aebaf8;  1 drivers
v000001fdd8a81310_0 .net *"_ivl_26", 15 0, L_000001fdd8b4a8b0;  1 drivers
L_000001fdd8aebb40 .functor BUFT 1, C4<0>, C4<0>, C4<0>, C4<0>;
v000001fdd8a819f0_0 .net *"_ivl_29", 0 0, L_000001fdd8aebb40;  1 drivers
v000001fdd8a81630_0 .net *"_ivl_30", 15 0, L_000001fdd8b4a590;  1 drivers
v000001fdd8a81b30_0 .net *"_ivl_32", 15 0, L_000001fdd8b49550;  1 drivers
L_000001fdd8aebb88 .functor BUFT 1, C4<0>, C4<0>, C4<0>, C4<0>;
v000001fdd8a816d0_0 .net *"_ivl_35", 0 0, L_000001fdd8aebb88;  1 drivers
v000001fdd8a804b0_0 .net *"_ivl_36", 15 0, L_000001fdd8b4a450;  1 drivers
L_000001fdd8aebbd0 .functor BUFT 1, C4<0>, C4<0>, C4<0>, C4<0>;
v000001fdd8a81bd0_0 .net *"_ivl_39", 0 0, L_000001fdd8aebbd0;  1 drivers
v000001fdd8a80230_0 .net *"_ivl_40", 15 0, L_000001fdd8b495f0;  1 drivers
v000001fdd8a80910_0 .net *"_ivl_42", 15 0, L_000001fdd8b49730;  1 drivers
v000001fdd8a80f50_0 .net *"_ivl_46", 0 0, L_000001fdd8a7f500;  1 drivers
v000001fdd8a809b0_0 .net *"_ivl_48", 0 0, L_000001fdd8b4a090;  1 drivers
v000001fdd8a80d70_0 .net *"_ivl_50", 0 0, L_000001fdd8b4a130;  1 drivers
v000001fdd8a81770_0 .net *"_ivl_54", 0 0, L_000001fdd8a7fb90;  1 drivers
v000001fdd8a82030_0 .net *"_ivl_57", 0 0, L_000001fdd8b4a3b0;  1 drivers
L_000001fdd8aebc18 .functor BUFT 1, C4<111111111111111>, C4<0>, C4<0>, C4<0>;
v000001fdd8a81f90_0 .net/2u *"_ivl_60", 14 0, L_000001fdd8aebc18;  1 drivers
v000001fdd8a81950_0 .net *"_ivl_63", 14 0, L_000001fdd8b49690;  1 drivers
v000001fdd8a80e10_0 .net *"_ivl_8", 0 0, L_000001fdd8a7fab0;  1 drivers
v000001fdd8a80190_0 .net "overflow", 0 0, L_000001fdd8a7fff0;  1 drivers
v000001fdd8a81a90_0 .net "result_sign", 0 0, L_000001fdd8b4a6d0;  1 drivers
v000001fdd8a80a50_0 .net "result_value", 14 0, L_000001fdd8b4aa90;  1 drivers
v000001fdd8a81c70_0 .net "sign_A", 0 0, L_000001fdd8b4a630;  1 drivers
v000001fdd8a802d0_0 .net "sign_B", 0 0, L_000001fdd8b49f50;  1 drivers
v000001fdd8a80eb0_0 .net "sum", 15 0, L_000001fdd8b4a950;  1 drivers
v000001fdd8a80ff0_0 .net "value_A", 14 0, L_000001fdd8b49910;  1 drivers
v000001fdd8a81090_0 .net "value_B", 14 0, L_000001fdd8b49870;  1 drivers
L_000001fdd8b4a630 .part v000001fdd8ae7a70_0, 15, 1;
L_000001fdd8b49f50 .part v000001fdd8ae8b50_0, 15, 1;
L_000001fdd8b49910 .part v000001fdd8ae7a70_0, 0, 15;
L_000001fdd8b49870 .part v000001fdd8ae8b50_0, 0, 15;
L_000001fdd8b4a1d0 .concat [ 15 1 0 0], L_000001fdd8b49910, L_000001fdd8aeba68;
L_000001fdd8b494b0 .concat [ 15 1 0 0], L_000001fdd8b49870, L_000001fdd8aebab0;
L_000001fdd8b49eb0 .arith/sum 16, L_000001fdd8b4a1d0, L_000001fdd8b494b0;
L_000001fdd8b49ff0 .cmp/gt 15, L_000001fdd8b49910, L_000001fdd8b49870;
L_000001fdd8b49a50 .concat [ 15 1 0 0], L_000001fdd8b49910, L_000001fdd8aebaf8;
L_000001fdd8b4a8b0 .concat [ 15 1 0 0], L_000001fdd8b49870, L_000001fdd8aebb40;
L_000001fdd8b4a590 .arith/sub 16, L_000001fdd8b49a50, L_000001fdd8b4a8b0;
L_000001fdd8b49550 .concat [ 15 1 0 0], L_000001fdd8b49870, L_000001fdd8aebb88;
L_000001fdd8b4a450 .concat [ 15 1 0 0], L_000001fdd8b49910, L_000001fdd8aebbd0;
L_000001fdd8b495f0 .arith/sub 16, L_000001fdd8b49550, L_000001fdd8b4a450;
L_000001fdd8b49730 .functor MUXZ 16, L_000001fdd8b495f0, L_000001fdd8b4a590, L_000001fdd8b49ff0, C4<>;
L_000001fdd8b4a950 .functor MUXZ 16, L_000001fdd8b49730, L_000001fdd8b49eb0, L_000001fdd8a7fab0, C4<>;
L_000001fdd8b4a090 .cmp/gt 15, L_000001fdd8b49910, L_000001fdd8b49870;
L_000001fdd8b4a130 .functor MUXZ 1, L_000001fdd8b49f50, L_000001fdd8b4a630, L_000001fdd8b4a090, C4<>;
L_000001fdd8b4a6d0 .functor MUXZ 1, L_000001fdd8b4a130, L_000001fdd8b4a630, L_000001fdd8a7f500, C4<>;
L_000001fdd8b4a3b0 .part L_000001fdd8b4a950, 15, 1;
L_000001fdd8b49690 .part L_000001fdd8b4a950, 0, 15;
L_000001fdd8b4aa90 .functor MUXZ 15, L_000001fdd8b49690, L_000001fdd8aebc18, L_000001fdd8a7fff0, C4<>;
L_000001fdd8b4ab30 .concat [ 15 1 0 0], L_000001fdd8b4aa90, L_000001fdd8b4a6d0;
S_000001fdd89ae590 .scope module, "delay" "delay_3_cycle_v2" 2 29, 4 1 0, S_000001fdd8954720;
 .timescale 0 0;
    .port_info 0 /INPUT 1 "clk";
    .port_info 1 /INPUT 16 "in_data";
    .port_info 2 /OUTPUT 16 "out_data";
v000001fdd8a81d10_0 .net "clk", 0 0, o000001fdd8a828a8;  alias, 0 drivers
v000001fdd8a81130_0 .net "in_data", 15 0, o000001fdd8a828d8;  alias, 0 drivers
v000001fdd8a81db0_0 .var "out_data", 15 0;
v000001fdd8a81e50 .array "shift_reg", 2 0, 15 0;
E_000001fdd89efb00 .event posedge, v000001fdd8a81d10_0;
S_000001fdd89ae720 .scope module, "delay2" "delay_3_cycle_v2" 2 35, 4 1 0, S_000001fdd8954720;
 .timescale 0 0;
    .port_info 0 /INPUT 1 "clk";
    .port_info 1 /INPUT 16 "in_data";
    .port_info 2 /OUTPUT 16 "out_data";
v000001fdd8a80370_0 .net "clk", 0 0, o000001fdd8a828a8;  alias, 0 drivers
v000001fdd8a80410_0 .net "in_data", 15 0, v000001fdd8a81db0_0;  alias, 1 drivers
v000001fdd8a80550_0 .var "out_data", 15 0;
v000001fdd8a805f0 .array "shift_reg", 2 0, 15 0;
S_000001fdd898bec0 .scope module, "mult" "fixed_point_multiply" 2 82, 5 3 0, S_000001fdd8954720;
 .timescale 0 0;
    .port_info 0 /INPUT 16 "A";
    .port_info 1 /INPUT 16 "B";
    .port_info 2 /OUTPUT 16 "C";
P_000001fdd8a593f0 .param/l "BITSIZE" 0 5 3, +C4<00000000000000000000000000010000>;
P_000001fdd8a59428 .param/l "FRAC" 0 5 3, +C4<00000000000000000000000000001011>;
L_000001fdd8a7f180 .functor XOR 1, L_000001fdd8b47070, L_000001fdd8b49410, C4<0>, C4<0>;
L_000001fdd8aeb948 .functor BUFT 1, C4<1111111>, C4<0>, C4<0>, C4<0>;
L_000001fdd8a7ff10 .functor AND 7, L_000001fdd8aeb948, L_000001fdd8b48510, C4<1111111>, C4<1111111>;
v000001fdd8a6a280_0 .net "A", 15 0, v000001fdd8ae81f0_0;  1 drivers
v000001fdd8a69880_0 .net "B", 15 0, v000001fdd8ae6850_0;  1 drivers
v000001fdd8a69100_0 .net "C", 15 0, L_000001fdd8b48c90;  alias, 1 drivers
L_000001fdd8aeb8b8 .functor BUFT 1, C4<000000000000000>, C4<0>, C4<0>, C4<0>;
v000001fdd8a692e0_0 .net *"_ivl_11", 14 0, L_000001fdd8aeb8b8;  1 drivers
v000001fdd8a69380_0 .net *"_ivl_12", 29 0, L_000001fdd8b47cf0;  1 drivers
L_000001fdd8aeb900 .functor BUFT 1, C4<000000000000000>, C4<0>, C4<0>, C4<0>;
v000001fdd8a69600_0 .net *"_ivl_15", 14 0, L_000001fdd8aeb900;  1 drivers
v000001fdd89dce10_0 .net/2u *"_ivl_22", 6 0, L_000001fdd8aeb948;  1 drivers
v000001fdd89dceb0_0 .net *"_ivl_25", 3 0, L_000001fdd8b48330;  1 drivers
v000001fdd89dcf50_0 .net *"_ivl_26", 6 0, L_000001fdd8b48510;  1 drivers
L_000001fdd8aeb990 .functor BUFT 1, C4<000>, C4<0>, C4<0>, C4<0>;
v000001fdd89dd3b0_0 .net *"_ivl_29", 2 0, L_000001fdd8aeb990;  1 drivers
L_000001fdd8aeb9d8 .functor BUFT 1, C4<0000000>, C4<0>, C4<0>, C4<0>;
v000001fdd89ec1c0_0 .net/2u *"_ivl_32", 6 0, L_000001fdd8aeb9d8;  1 drivers
v000001fdd89ed0c0_0 .net *"_ivl_34", 0 0, L_000001fdd8b485b0;  1 drivers
L_000001fdd8aeba20 .functor BUFT 1, C4<111111111111111>, C4<0>, C4<0>, C4<0>;
v000001fdd89ebc20_0 .net/2u *"_ivl_36", 14 0, L_000001fdd8aeba20;  1 drivers
v000001fdd89ec260_0 .net *"_ivl_38", 15 0, L_000001fdd8b48790;  1 drivers
v000001fdd8a044b0_0 .net *"_ivl_40", 15 0, L_000001fdd8b48bf0;  1 drivers
v000001fdd8a04eb0_0 .net *"_ivl_8", 29 0, L_000001fdd8b480b0;  1 drivers
v000001fdd8a04050_0 .net "mag_A", 14 0, L_000001fdd8b49230;  1 drivers
v000001fdd8a051d0_0 .net "mag_B", 14 0, L_000001fdd8b47c50;  1 drivers
v000001fdd8ad8420_0 .net "normalized_product", 14 0, L_000001fdd8b48150;  1 drivers
v000001fdd8ad9820_0 .net "overflow", 6 0, L_000001fdd8a7ff10;  1 drivers
v000001fdd8ad9280_0 .net "product_unsigned", 29 0, L_000001fdd8b47e30;  1 drivers
v000001fdd8ad9dc0_0 .net "result_sign", 0 0, L_000001fdd8a7f180;  1 drivers
v000001fdd8ad8b00_0 .net "sign_A", 0 0, L_000001fdd8b47070;  1 drivers
v000001fdd8ad9460_0 .net "sign_B", 0 0, L_000001fdd8b49410;  1 drivers
L_000001fdd8b47070 .part v000001fdd8ae81f0_0, 15, 1;
L_000001fdd8b49410 .part v000001fdd8ae6850_0, 15, 1;
L_000001fdd8b49230 .part v000001fdd8ae81f0_0, 0, 15;
L_000001fdd8b47c50 .part v000001fdd8ae6850_0, 0, 15;
L_000001fdd8b480b0 .concat [ 15 15 0 0], L_000001fdd8b49230, L_000001fdd8aeb8b8;
L_000001fdd8b47cf0 .concat [ 15 15 0 0], L_000001fdd8b47c50, L_000001fdd8aeb900;
L_000001fdd8b47e30 .arith/mult 30, L_000001fdd8b480b0, L_000001fdd8b47cf0;
L_000001fdd8b48150 .part L_000001fdd8b47e30, 11, 15;
L_000001fdd8b48330 .part L_000001fdd8b47e30, 26, 4;
L_000001fdd8b48510 .concat [ 4 3 0 0], L_000001fdd8b48330, L_000001fdd8aeb990;
L_000001fdd8b485b0 .cmp/ne 7, L_000001fdd8a7ff10, L_000001fdd8aeb9d8;
L_000001fdd8b48790 .concat [ 15 1 0 0], L_000001fdd8aeba20, L_000001fdd8a7f180;
L_000001fdd8b48bf0 .concat [ 15 1 0 0], L_000001fdd8b48150, L_000001fdd8a7f180;
L_000001fdd8b48c90 .functor MUXZ 16, L_000001fdd8b48bf0, L_000001fdd8b48790, L_000001fdd8b485b0, C4<>;
S_000001fdd898c050 .scope module, "prng_instance" "PRNG" 2 57, 6 1 0, S_000001fdd8954720;
 .timescale 0 0;
    .port_info 0 /INPUT 1 "clk";
    .port_info 1 /INPUT 1 "rst";
    .port_info 2 /INPUT 5 "seed";
    .port_info 3 /OUTPUT 16 "random_out";
    .port_info 4 /OUTPUT 5 "statee";
v000001fdd8ad8740_0 .net "clk", 0 0, o000001fdd8a828a8;  alias, 0 drivers
v000001fdd8ad8920_0 .var "epsilon_LUT", 511 0;
v000001fdd8ad9e60_0 .var "initialize", 0 0;
v000001fdd8ad96e0_0 .var "random_out", 15 0;
v000001fdd8ad95a0_0 .net "rst", 0 0, o000001fdd8a83028;  alias, 0 drivers
v000001fdd8ad89c0_0 .net "seed", 4 0, v000001fdd8ae6f30_0;  1 drivers
v000001fdd8ad8d80_0 .var "state", 4 0;
v000001fdd8ad8600_0 .var "statee", 4 0;
E_000001fdd89f0740 .event posedge, v000001fdd8ad95a0_0, v000001fdd8a81d10_0;
S_000001fdd89861f0 .scope module, "softplus_lambda" "softplus_8slice_piped_v2" 2 41, 7 5 0, S_000001fdd8954720;
 .timescale 0 0;
    .port_info 0 /INPUT 1 "clk";
    .port_info 1 /INPUT 1 "reset";
    .port_info 2 /INPUT 16 "data_in";
    .port_info 3 /OUTPUT 16 "data_out";
P_000001fdd89f0c40 .param/l "BITSIZE" 0 7 6, +C4<00000000000000000000000000010000>;
v000001fdd8adeef0_0 .var "c1", 15 0;
v000001fdd8adee50_0 .var "c2", 15 0;
v000001fdd8adfc10_0 .var "c3", 15 0;
v000001fdd8ae0070_0 .var "c4", 15 0;
v000001fdd8adeb30_0 .var "c5", 15 0;
v000001fdd8ade3b0_0 .var "c6", 15 0;
v000001fdd8adfdf0_0 .var "c7", 15 0;
v000001fdd8adf670_0 .var "c8", 15 0;
v000001fdd8adfe90_0 .var "c9", 15 0;
v000001fdd8adff30_0 .net/s "c_out", 15 0, v000001fdd8adaf70_0;  1 drivers
v000001fdd8ade8b0_0 .var "c_out2", 15 0;
v000001fdd8ae0110_0 .net "clk", 0 0, o000001fdd8a828a8;  alias, 0 drivers
v000001fdd8ade270_0 .net "data_in", 15 0, o000001fdd8a84108;  alias, 0 drivers
v000001fdd8adf350_0 .var "data_in_2", 15 0;
v000001fdd8ade450_0 .var "data_in_3", 15 0;
v000001fdd8ade950_0 .net "data_out", 15 0, L_000001fdd8ae92d0;  alias, 1 drivers
v000001fdd8adf2b0_0 .var "m1", 15 0;
v000001fdd8ade4f0_0 .var "m2", 15 0;
v000001fdd8ade590_0 .var "m3", 15 0;
v000001fdd8adea90_0 .var "m4", 15 0;
v000001fdd8adebd0_0 .var "m5", 15 0;
v000001fdd8ae1c20_0 .var "m6", 15 0;
v000001fdd8ae1220_0 .var "m7", 15 0;
v000001fdd8ae1cc0_0 .var "m8", 15 0;
v000001fdd8ae0f00_0 .var "m9", 15 0;
v000001fdd8ae1e00_0 .net/s "m_out", 15 0, v000001fdd8adbab0_0;  1 drivers
v000001fdd8ae1720_0 .net/s "out_mul", 15 0, L_000001fdd8ae9a50;  1 drivers
v000001fdd8ae15e0_0 .var "out_mul_reg", 15 0;
v000001fdd8ae0960_0 .net "reset", 0 0, o000001fdd8a83028;  alias, 0 drivers
v000001fdd8ae17c0_0 .var "x1", 15 0;
v000001fdd8ae1860_0 .var "x2", 15 0;
v000001fdd8ae0640_0 .var "x3", 15 0;
v000001fdd8ae12c0_0 .var "x4", 15 0;
v000001fdd8ae0a00_0 .var "x5", 15 0;
v000001fdd8ae2080_0 .var "x6", 15 0;
v000001fdd8ae0820_0 .var "x7", 15 0;
v000001fdd8ae0500_0 .var "x8", 15 0;
S_000001fdd8986380 .scope module, "custom_add" "fixed_point_add" 7 125, 3 1 0, S_000001fdd89861f0;
 .timescale 0 0;
    .port_info 0 /INPUT 16 "A";
    .port_info 1 /INPUT 16 "B";
    .port_info 2 /OUTPUT 16 "C";
P_000001fdd89f0d80 .param/l "BITSIZE" 0 3 1, +C4<00000000000000000000000000010000>;
L_000001fdd8a7f6c0 .functor XNOR 1, L_000001fdd8ae9370, L_000001fdd8ae9af0, C4<0>, C4<0>;
L_000001fdd8a7fc00 .functor XNOR 1, L_000001fdd8ae9370, L_000001fdd8ae9af0, C4<0>, C4<0>;
L_000001fdd8a7f420 .functor XNOR 1, L_000001fdd8ae9370, L_000001fdd8ae9af0, C4<0>, C4<0>;
L_000001fdd8a7fb20 .functor AND 1, L_000001fdd8a7f420, L_000001fdd8aea630, C4<1>, C4<1>;
v000001fdd8ad9960_0 .net "A", 15 0, v000001fdd8ae15e0_0;  1 drivers
v000001fdd8ad9000_0 .net "B", 15 0, v000001fdd8ade8b0_0;  1 drivers
v000001fdd8ad9a00_0 .net "C", 15 0, L_000001fdd8ae92d0;  alias, 1 drivers
v000001fdd8ad9140_0 .net *"_ivl_10", 15 0, L_000001fdd8ae97d0;  1 drivers
L_000001fdd8aeabc8 .functor BUFT 1, C4<0>, C4<0>, C4<0>, C4<0>;
v000001fdd8ad9c80_0 .net *"_ivl_13", 0 0, L_000001fdd8aeabc8;  1 drivers
v000001fdd8ad87e0_0 .net *"_ivl_14", 15 0, L_000001fdd8ae9690;  1 drivers
L_000001fdd8aeac10 .functor BUFT 1, C4<0>, C4<0>, C4<0>, C4<0>;
v000001fdd8ad8e20_0 .net *"_ivl_17", 0 0, L_000001fdd8aeac10;  1 drivers
v000001fdd8ad82e0_0 .net *"_ivl_18", 15 0, L_000001fdd8ae9190;  1 drivers
v000001fdd8ad9500_0 .net *"_ivl_20", 0 0, L_000001fdd8ae99b0;  1 drivers
v000001fdd8ad9640_0 .net *"_ivl_22", 15 0, L_000001fdd8ae9730;  1 drivers
L_000001fdd8aeac58 .functor BUFT 1, C4<0>, C4<0>, C4<0>, C4<0>;
v000001fdd8ad8560_0 .net *"_ivl_25", 0 0, L_000001fdd8aeac58;  1 drivers
v000001fdd8ada0e0_0 .net *"_ivl_26", 15 0, L_000001fdd8ae9cd0;  1 drivers
L_000001fdd8aeaca0 .functor BUFT 1, C4<0>, C4<0>, C4<0>, C4<0>;
v000001fdd8ad8a60_0 .net *"_ivl_29", 0 0, L_000001fdd8aeaca0;  1 drivers
v000001fdd8ad8c40_0 .net *"_ivl_30", 15 0, L_000001fdd8ae9d70;  1 drivers
v000001fdd8ad84c0_0 .net *"_ivl_32", 15 0, L_000001fdd8ae9230;  1 drivers
L_000001fdd8aeace8 .functor BUFT 1, C4<0>, C4<0>, C4<0>, C4<0>;
v000001fdd8ad98c0_0 .net *"_ivl_35", 0 0, L_000001fdd8aeace8;  1 drivers
v000001fdd8ad9320_0 .net *"_ivl_36", 15 0, L_000001fdd8ae9eb0;  1 drivers
L_000001fdd8aead30 .functor BUFT 1, C4<0>, C4<0>, C4<0>, C4<0>;
v000001fdd8ad8ec0_0 .net *"_ivl_39", 0 0, L_000001fdd8aead30;  1 drivers
v000001fdd8ad8ba0_0 .net *"_ivl_40", 15 0, L_000001fdd8aea130;  1 drivers
v000001fdd8ad9aa0_0 .net *"_ivl_42", 15 0, L_000001fdd8ae9050;  1 drivers
v000001fdd8ad9780_0 .net *"_ivl_46", 0 0, L_000001fdd8a7fc00;  1 drivers
v000001fdd8ad8ce0_0 .net *"_ivl_48", 0 0, L_000001fdd8ae9910;  1 drivers
v000001fdd8ad91e0_0 .net *"_ivl_50", 0 0, L_000001fdd8ae94b0;  1 drivers
v000001fdd8ad9be0_0 .net *"_ivl_54", 0 0, L_000001fdd8a7f420;  1 drivers
v000001fdd8ad8f60_0 .net *"_ivl_57", 0 0, L_000001fdd8aea630;  1 drivers
L_000001fdd8aead78 .functor BUFT 1, C4<111111111111111>, C4<0>, C4<0>, C4<0>;
v000001fdd8ad90a0_0 .net/2u *"_ivl_60", 14 0, L_000001fdd8aead78;  1 drivers
v000001fdd8ad9b40_0 .net *"_ivl_63", 14 0, L_000001fdd8aea270;  1 drivers
v000001fdd8ad9d20_0 .net *"_ivl_8", 0 0, L_000001fdd8a7f6c0;  1 drivers
v000001fdd8ad86a0_0 .net "overflow", 0 0, L_000001fdd8a7fb20;  1 drivers
v000001fdd8ad93c0_0 .net "result_sign", 0 0, L_000001fdd8ae9550;  1 drivers
v000001fdd8ad8880_0 .net "result_value", 14 0, L_000001fdd8aea090;  1 drivers
v000001fdd8ada040_0 .net "sign_A", 0 0, L_000001fdd8ae9370;  1 drivers
v000001fdd8ad9f00_0 .net "sign_B", 0 0, L_000001fdd8ae9af0;  1 drivers
v000001fdd8ad9fa0_0 .net "sum", 15 0, L_000001fdd8ae9e10;  1 drivers
v000001fdd8ad8240_0 .net "value_A", 14 0, L_000001fdd8ae9c30;  1 drivers
v000001fdd8ad8380_0 .net "value_B", 14 0, L_000001fdd8ae9410;  1 drivers
L_000001fdd8ae9370 .part v000001fdd8ae15e0_0, 15, 1;
L_000001fdd8ae9af0 .part v000001fdd8ade8b0_0, 15, 1;
L_000001fdd8ae9c30 .part v000001fdd8ae15e0_0, 0, 15;
L_000001fdd8ae9410 .part v000001fdd8ade8b0_0, 0, 15;
L_000001fdd8ae97d0 .concat [ 15 1 0 0], L_000001fdd8ae9c30, L_000001fdd8aeabc8;
L_000001fdd8ae9690 .concat [ 15 1 0 0], L_000001fdd8ae9410, L_000001fdd8aeac10;
L_000001fdd8ae9190 .arith/sum 16, L_000001fdd8ae97d0, L_000001fdd8ae9690;
L_000001fdd8ae99b0 .cmp/gt 15, L_000001fdd8ae9c30, L_000001fdd8ae9410;
L_000001fdd8ae9730 .concat [ 15 1 0 0], L_000001fdd8ae9c30, L_000001fdd8aeac58;
L_000001fdd8ae9cd0 .concat [ 15 1 0 0], L_000001fdd8ae9410, L_000001fdd8aeaca0;
L_000001fdd8ae9d70 .arith/sub 16, L_000001fdd8ae9730, L_000001fdd8ae9cd0;
L_000001fdd8ae9230 .concat [ 15 1 0 0], L_000001fdd8ae9410, L_000001fdd8aeace8;
L_000001fdd8ae9eb0 .concat [ 15 1 0 0], L_000001fdd8ae9c30, L_000001fdd8aead30;
L_000001fdd8aea130 .arith/sub 16, L_000001fdd8ae9230, L_000001fdd8ae9eb0;
L_000001fdd8ae9050 .functor MUXZ 16, L_000001fdd8aea130, L_000001fdd8ae9d70, L_000001fdd8ae99b0, C4<>;
L_000001fdd8ae9e10 .functor MUXZ 16, L_000001fdd8ae9050, L_000001fdd8ae9190, L_000001fdd8a7f6c0, C4<>;
L_000001fdd8ae9910 .cmp/gt 15, L_000001fdd8ae9c30, L_000001fdd8ae9410;
L_000001fdd8ae94b0 .functor MUXZ 1, L_000001fdd8ae9af0, L_000001fdd8ae9370, L_000001fdd8ae9910, C4<>;
L_000001fdd8ae9550 .functor MUXZ 1, L_000001fdd8ae94b0, L_000001fdd8ae9370, L_000001fdd8a7fc00, C4<>;
L_000001fdd8aea630 .part L_000001fdd8ae9e10, 15, 1;
L_000001fdd8aea270 .part L_000001fdd8ae9e10, 0, 15;
L_000001fdd8aea090 .functor MUXZ 15, L_000001fdd8aea270, L_000001fdd8aead78, L_000001fdd8a7fb20, C4<>;
L_000001fdd8ae92d0 .concat [ 15 1 0 0], L_000001fdd8aea090, L_000001fdd8ae9550;
S_000001fdd89945a0 .scope module, "custom_mul" "fixed_point_multiply" 7 101, 5 3 0, S_000001fdd89861f0;
 .timescale 0 0;
    .port_info 0 /INPUT 16 "A";
    .port_info 1 /INPUT 16 "B";
    .port_info 2 /OUTPUT 16 "C";
P_000001fdd8a58a70 .param/l "BITSIZE" 0 5 3, +C4<00000000000000000000000000010000>;
P_000001fdd8a58aa8 .param/l "FRAC" 0 5 3, +C4<00000000000000000000000000001011>;
L_000001fdd8a7f960 .functor XOR 1, L_000001fdd8ae8e70, L_000001fdd8ae6c10, C4<0>, C4<0>;
L_000001fdd8aeaaa8 .functor BUFT 1, C4<1111111>, C4<0>, C4<0>, C4<0>;
L_000001fdd8a7f3b0 .functor AND 7, L_000001fdd8aeaaa8, L_000001fdd8ae95f0, C4<1111111>, C4<1111111>;
v000001fdd8ada570_0 .net "A", 15 0, v000001fdd8ade450_0;  1 drivers
v000001fdd8adabb0_0 .net "B", 15 0, v000001fdd8adbab0_0;  alias, 1 drivers
v000001fdd8ada610_0 .net "C", 15 0, L_000001fdd8ae9a50;  alias, 1 drivers
L_000001fdd8aeaa18 .functor BUFT 1, C4<000000000000000>, C4<0>, C4<0>, C4<0>;
v000001fdd8adbc90_0 .net *"_ivl_11", 14 0, L_000001fdd8aeaa18;  1 drivers
v000001fdd8ada2f0_0 .net *"_ivl_12", 29 0, L_000001fdd8ae6b70;  1 drivers
L_000001fdd8aeaa60 .functor BUFT 1, C4<000000000000000>, C4<0>, C4<0>, C4<0>;
v000001fdd8adb6f0_0 .net *"_ivl_15", 14 0, L_000001fdd8aeaa60;  1 drivers
v000001fdd8adbfb0_0 .net/2u *"_ivl_22", 6 0, L_000001fdd8aeaaa8;  1 drivers
v000001fdd8adad90_0 .net *"_ivl_25", 3 0, L_000001fdd8ae9b90;  1 drivers
v000001fdd8adb510_0 .net *"_ivl_26", 6 0, L_000001fdd8ae95f0;  1 drivers
L_000001fdd8aeaaf0 .functor BUFT 1, C4<000>, C4<0>, C4<0>, C4<0>;
v000001fdd8ada6b0_0 .net *"_ivl_29", 2 0, L_000001fdd8aeaaf0;  1 drivers
L_000001fdd8aeab38 .functor BUFT 1, C4<0000000>, C4<0>, C4<0>, C4<0>;
v000001fdd8adb1f0_0 .net/2u *"_ivl_32", 6 0, L_000001fdd8aeab38;  1 drivers
v000001fdd8ada9d0_0 .net *"_ivl_34", 0 0, L_000001fdd8aea590;  1 drivers
L_000001fdd8aeab80 .functor BUFT 1, C4<111111111111111>, C4<0>, C4<0>, C4<0>;
v000001fdd8adaa70_0 .net/2u *"_ivl_36", 14 0, L_000001fdd8aeab80;  1 drivers
v000001fdd8adb470_0 .net *"_ivl_38", 15 0, L_000001fdd8ae9f50;  1 drivers
v000001fdd8ada250_0 .net *"_ivl_40", 15 0, L_000001fdd8ae9ff0;  1 drivers
v000001fdd8adbd30_0 .net *"_ivl_8", 29 0, L_000001fdd8ae6990;  1 drivers
v000001fdd8adae30_0 .net "mag_A", 14 0, L_000001fdd8ae8f10;  1 drivers
v000001fdd8adb3d0_0 .net "mag_B", 14 0, L_000001fdd8ae8fb0;  1 drivers
v000001fdd8adb790_0 .net "normalized_product", 14 0, L_000001fdd8ae90f0;  1 drivers
v000001fdd8ada750_0 .net "overflow", 6 0, L_000001fdd8a7f3b0;  1 drivers
v000001fdd8ada890_0 .net "product_unsigned", 29 0, L_000001fdd8aea1d0;  1 drivers
v000001fdd8adaed0_0 .net "result_sign", 0 0, L_000001fdd8a7f960;  1 drivers
v000001fdd8adb0b0_0 .net "sign_A", 0 0, L_000001fdd8ae8e70;  1 drivers
v000001fdd8adb290_0 .net "sign_B", 0 0, L_000001fdd8ae6c10;  1 drivers
L_000001fdd8ae8e70 .part v000001fdd8ade450_0, 15, 1;
L_000001fdd8ae6c10 .part v000001fdd8adbab0_0, 15, 1;
L_000001fdd8ae8f10 .part v000001fdd8ade450_0, 0, 15;
L_000001fdd8ae8fb0 .part v000001fdd8adbab0_0, 0, 15;
L_000001fdd8ae6990 .concat [ 15 15 0 0], L_000001fdd8ae8f10, L_000001fdd8aeaa18;
L_000001fdd8ae6b70 .concat [ 15 15 0 0], L_000001fdd8ae8fb0, L_000001fdd8aeaa60;
L_000001fdd8aea1d0 .arith/mult 30, L_000001fdd8ae6990, L_000001fdd8ae6b70;
L_000001fdd8ae90f0 .part L_000001fdd8aea1d0, 11, 15;
L_000001fdd8ae9b90 .part L_000001fdd8aea1d0, 26, 4;
L_000001fdd8ae95f0 .concat [ 4 3 0 0], L_000001fdd8ae9b90, L_000001fdd8aeaaf0;
L_000001fdd8aea590 .cmp/ne 7, L_000001fdd8a7f3b0, L_000001fdd8aeab38;
L_000001fdd8ae9f50 .concat [ 15 1 0 0], L_000001fdd8aeab80, L_000001fdd8a7f960;
L_000001fdd8ae9ff0 .concat [ 15 1 0 0], L_000001fdd8ae90f0, L_000001fdd8a7f960;
L_000001fdd8ae9a50 .functor MUXZ 16, L_000001fdd8ae9ff0, L_000001fdd8ae9f50, L_000001fdd8aea590, C4<>;
S_000001fdd896ae90 .scope module, "custom_mux" "compare_8float" 7 47, 8 1 0, S_000001fdd89861f0;
 .timescale 0 0;
    .port_info 0 /INPUT 16 "data";
    .port_info 1 /INPUT 16 "x1";
    .port_info 2 /INPUT 16 "x2";
    .port_info 3 /INPUT 16 "x3";
    .port_info 4 /INPUT 16 "x4";
    .port_info 5 /INPUT 16 "x5";
    .port_info 6 /INPUT 16 "x6";
    .port_info 7 /INPUT 16 "x7";
    .port_info 8 /INPUT 16 "x8";
    .port_info 9 /INPUT 16 "m1";
    .port_info 10 /INPUT 16 "m2";
    .port_info 11 /INPUT 16 "m3";
    .port_info 12 /INPUT 16 "m4";
    .port_info 13 /INPUT 16 "m5";
    .port_info 14 /INPUT 16 "m6";
    .port_info 15 /INPUT 16 "m7";
    .port_info 16 /INPUT 16 "m8";
    .port_info 17 /INPUT 16 "m9";
    .port_info 18 /INPUT 16 "c1";
    .port_info 19 /INPUT 16 "c2";
    .port_info 20 /INPUT 16 "c3";
    .port_info 21 /INPUT 16 "c4";
    .port_info 22 /INPUT 16 "c5";
    .port_info 23 /INPUT 16 "c6";
    .port_info 24 /INPUT 16 "c7";
    .port_info 25 /INPUT 16 "c8";
    .port_info 26 /INPUT 16 "c9";
    .port_info 27 /INPUT 1 "clk";
    .port_info 28 /INPUT 1 "reset";
    .port_info 29 /OUTPUT 16 "m";
    .port_info 30 /OUTPUT 16 "c";
v000001fdd8adaf70_0 .var "c", 15 0;
v000001fdd8ada390_0 .net "c1", 15 0, v000001fdd8adeef0_0;  1 drivers
v000001fdd8adb010_0 .net "c2", 15 0, v000001fdd8adee50_0;  1 drivers
v000001fdd8ada930_0 .net "c3", 15 0, v000001fdd8adfc10_0;  1 drivers
v000001fdd8ada430_0 .net "c4", 15 0, v000001fdd8ae0070_0;  1 drivers
v000001fdd8adb5b0_0 .net "c5", 15 0, v000001fdd8adeb30_0;  1 drivers
v000001fdd8adb830_0 .net "c6", 15 0, v000001fdd8ade3b0_0;  1 drivers
v000001fdd8adab10_0 .net "c7", 15 0, v000001fdd8adfdf0_0;  1 drivers
v000001fdd8adb8d0_0 .net "c8", 15 0, v000001fdd8adf670_0;  1 drivers
v000001fdd8adb650_0 .net "c9", 15 0, v000001fdd8adfe90_0;  1 drivers
v000001fdd8adacf0_0 .net "clk", 0 0, o000001fdd8a828a8;  alias, 0 drivers
v000001fdd8ada4d0_0 .net "data", 15 0, o000001fdd8a84108;  alias, 0 drivers
v000001fdd8adb970_0 .net "data_mag", 14 0, L_000001fdd8ae8470;  1 drivers
v000001fdd8adba10_0 .net "data_sign", 0 0, L_000001fdd8ae6ad0;  1 drivers
v000001fdd8adbe70_0 .var "flag", 7 0;
v000001fdd8adbab0_0 .var "m", 15 0;
v000001fdd8adbf10_0 .net "m1", 15 0, v000001fdd8adf2b0_0;  1 drivers
v000001fdd8adbb50_0 .net "m2", 15 0, v000001fdd8ade4f0_0;  1 drivers
v000001fdd8adbbf0_0 .net "m3", 15 0, v000001fdd8ade590_0;  1 drivers
v000001fdd8adc050_0 .net "m4", 15 0, v000001fdd8adea90_0;  1 drivers
v000001fdd8adc0f0_0 .net "m5", 15 0, v000001fdd8adebd0_0;  1 drivers
v000001fdd8ade310_0 .net "m6", 15 0, v000001fdd8ae1c20_0;  1 drivers
v000001fdd8adf7b0_0 .net "m7", 15 0, v000001fdd8ae1220_0;  1 drivers
v000001fdd8adf710_0 .net "m8", 15 0, v000001fdd8ae1cc0_0;  1 drivers
v000001fdd8ade630_0 .net "m9", 15 0, v000001fdd8ae0f00_0;  1 drivers
v000001fdd8adf210_0 .net "reset", 0 0, o000001fdd8a83028;  alias, 0 drivers
v000001fdd8adf8f0_0 .net "x1", 15 0, v000001fdd8ae17c0_0;  1 drivers
v000001fdd8ade9f0_0 .net "x1_mag", 14 0, L_000001fdd8ae7b10;  1 drivers
v000001fdd8adf490_0 .net "x1_sign", 0 0, L_000001fdd8ae72f0;  1 drivers
v000001fdd8ade6d0_0 .net "x2", 15 0, v000001fdd8ae1860_0;  1 drivers
v000001fdd8adf850_0 .net "x2_mag", 14 0, L_000001fdd8ae7cf0;  1 drivers
v000001fdd8adf030_0 .net "x2_sign", 0 0, L_000001fdd8ae74d0;  1 drivers
v000001fdd8adffd0_0 .net "x3", 15 0, v000001fdd8ae0640_0;  1 drivers
v000001fdd8ade770_0 .net "x3_mag", 14 0, L_000001fdd8ae68f0;  1 drivers
v000001fdd8adf990_0 .net "x3_sign", 0 0, L_000001fdd8ae88d0;  1 drivers
v000001fdd8adf530_0 .net "x4", 15 0, v000001fdd8ae12c0_0;  1 drivers
v000001fdd8adfa30_0 .net "x4_mag", 14 0, L_000001fdd8ae7e30;  1 drivers
v000001fdd8adfad0_0 .net "x4_sign", 0 0, L_000001fdd8ae7d90;  1 drivers
v000001fdd8adec70_0 .net "x5", 15 0, v000001fdd8ae0a00_0;  1 drivers
v000001fdd8adfb70_0 .net "x5_mag", 14 0, L_000001fdd8ae8150;  1 drivers
v000001fdd8ade810_0 .net "x5_sign", 0 0, L_000001fdd8ae8330;  1 drivers
v000001fdd8aded10_0 .net "x6", 15 0, v000001fdd8ae2080_0;  1 drivers
v000001fdd8adf0d0_0 .net "x6_mag", 14 0, L_000001fdd8ae8290;  1 drivers
v000001fdd8adef90_0 .net "x6_sign", 0 0, L_000001fdd8ae7ed0;  1 drivers
v000001fdd8adf5d0_0 .net "x7", 15 0, v000001fdd8ae0820_0;  1 drivers
v000001fdd8adfcb0_0 .net "x7_mag", 14 0, L_000001fdd8ae8790;  1 drivers
v000001fdd8adf170_0 .net "x7_sign", 0 0, L_000001fdd8ae8510;  1 drivers
v000001fdd8adf3f0_0 .net "x8", 15 0, v000001fdd8ae0500_0;  1 drivers
v000001fdd8adfd50_0 .net "x8_mag", 14 0, L_000001fdd8ae8d30;  1 drivers
v000001fdd8adedb0_0 .net "x8_sign", 0 0, L_000001fdd8ae8bf0;  1 drivers
L_000001fdd8ae6ad0 .part o000001fdd8a84108, 15, 1;
L_000001fdd8ae8470 .part o000001fdd8a84108, 0, 15;
L_000001fdd8ae72f0 .part v000001fdd8ae17c0_0, 15, 1;
L_000001fdd8ae7b10 .part v000001fdd8ae17c0_0, 0, 15;
L_000001fdd8ae74d0 .part v000001fdd8ae1860_0, 15, 1;
L_000001fdd8ae7cf0 .part v000001fdd8ae1860_0, 0, 15;
L_000001fdd8ae88d0 .part v000001fdd8ae0640_0, 15, 1;
L_000001fdd8ae68f0 .part v000001fdd8ae0640_0, 0, 15;
L_000001fdd8ae7d90 .part v000001fdd8ae12c0_0, 15, 1;
L_000001fdd8ae7e30 .part v000001fdd8ae12c0_0, 0, 15;
L_000001fdd8ae8330 .part v000001fdd8ae0a00_0, 15, 1;
L_000001fdd8ae8150 .part v000001fdd8ae0a00_0, 0, 15;
L_000001fdd8ae7ed0 .part v000001fdd8ae2080_0, 15, 1;
L_000001fdd8ae8290 .part v000001fdd8ae2080_0, 0, 15;
L_000001fdd8ae8510 .part v000001fdd8ae0820_0, 15, 1;
L_000001fdd8ae8790 .part v000001fdd8ae0820_0, 0, 15;
L_000001fdd8ae8bf0 .part v000001fdd8ae0500_0, 15, 1;
L_000001fdd8ae8d30 .part v000001fdd8ae0500_0, 0, 15;
S_000001fdd8922760 .scope function.vec4.s1, "compare_sign_mag" "compare_sign_mag" 8 40, 8 40 0, S_000001fdd896ae90;
 .timescale 0 0;
; Variable compare_sign_mag is vec4 return value of scope S_000001fdd8922760
v000001fdd8adb330_0 .var "mag_a", 14 0;
v000001fdd8ada7f0_0 .var "mag_b", 14 0;
v000001fdd8adac50_0 .var "sign_a", 0 0;
v000001fdd8adbdd0_0 .var "sign_b", 0 0;
TD_lambda_layer_v2.softplus_lambda.custom_mux.compare_sign_mag ;
    %load/vec4 v000001fdd8adac50_0;
    %load/vec4 v000001fdd8adbdd0_0;
    %cmp/ne;
    %jmp/0xz  T_0.0, 4;
    %load/vec4 v000001fdd8adbdd0_0;
    %load/vec4 v000001fdd8adac50_0;
    %cmp/u;
    %flag_get/vec4 5;
    %ret/vec4 0, 0, 1;  Assign to compare_sign_mag (store_vec4_to_lval)
    %jmp T_0.1;
T_0.0 ;
    %load/vec4 v000001fdd8adac50_0;
    %cmpi/e 1, 0, 1;
    %jmp/0xz  T_0.2, 4;
    %load/vec4 v000001fdd8ada7f0_0;
    %load/vec4 v000001fdd8adb330_0;
    %cmp/u;
    %flag_get/vec4 5;
    %ret/vec4 0, 0, 1;  Assign to compare_sign_mag (store_vec4_to_lval)
    %jmp T_0.3;
T_0.2 ;
    %load/vec4 v000001fdd8adb330_0;
    %load/vec4 v000001fdd8ada7f0_0;
    %cmp/u;
    %flag_get/vec4 5;
    %ret/vec4 0, 0, 1;  Assign to compare_sign_mag (store_vec4_to_lval)
T_0.3 ;
T_0.1 ;
    %end;
S_000001fdd8a0ed20 .scope module, "sqrt" "squareroot_piped_v2" 2 49, 9 5 0, S_000001fdd8954720;
 .timescale 0 0;
    .port_info 0 /INPUT 1 "clk";
    .port_info 1 /INPUT 1 "reset";
    .port_info 2 /INPUT 16 "data_in";
    .port_info 3 /OUTPUT 16 "data_out";
P_000001fdd89f07c0 .param/l "BITSIZE" 0 9 6, +C4<00000000000000000000000000010000>;
L_000001fdd8aeae08 .functor BUFT 1, C4<0000000000000000>, C4<0>, C4<0>, C4<0>;
v000001fdd8ae5c20_0 .net "c1", 15 0, L_000001fdd8aeae08;  1 drivers
L_000001fdd8aeae98 .functor BUFT 1, C4<0000000010010101>, C4<0>, C4<0>, C4<0>;
v000001fdd8ae4c80_0 .net "c2", 15 0, L_000001fdd8aeae98;  1 drivers
L_000001fdd8aeaf28 .functor BUFT 1, C4<0000000110100000>, C4<0>, C4<0>, C4<0>;
v000001fdd8ae5540_0 .net "c3", 15 0, L_000001fdd8aeaf28;  1 drivers
L_000001fdd8aeafb8 .functor BUFT 1, C4<0000001011101101>, C4<0>, C4<0>, C4<0>;
v000001fdd8ae5360_0 .net "c4", 15 0, L_000001fdd8aeafb8;  1 drivers
L_000001fdd8aeb048 .functor BUFT 1, C4<0000010001011101>, C4<0>, C4<0>, C4<0>;
v000001fdd8ae4d20_0 .net "c5", 15 0, L_000001fdd8aeb048;  1 drivers
L_000001fdd8aeb0d8 .functor BUFT 1, C4<0000010111101101>, C4<0>, C4<0>, C4<0>;
v000001fdd8ae55e0_0 .net "c6", 15 0, L_000001fdd8aeb0d8;  1 drivers
L_000001fdd8aeb168 .functor BUFT 1, C4<0000011101110011>, C4<0>, C4<0>, C4<0>;
v000001fdd8ae5d60_0 .net "c7", 15 0, L_000001fdd8aeb168;  1 drivers
L_000001fdd8aeb1f8 .functor BUFT 1, C4<0000100100010100>, C4<0>, C4<0>, C4<0>;
v000001fdd8ae57c0_0 .net "c8", 15 0, L_000001fdd8aeb1f8;  1 drivers
L_000001fdd8aeb288 .functor BUFT 1, C4<0000101010011011>, C4<0>, C4<0>, C4<0>;
v000001fdd8ae5f40_0 .net "c9", 15 0, L_000001fdd8aeb288;  1 drivers
v000001fdd8ae5720_0 .net/s "c_out", 15 0, v000001fdd8ae2de0_0;  1 drivers
v000001fdd8ae5b80_0 .var "c_out2", 15 0;
v000001fdd8ae5fe0_0 .net "clk", 0 0, o000001fdd8a828a8;  alias, 0 drivers
v000001fdd8ae4dc0_0 .net "data_in", 15 0, L_000001fdd8ae92d0;  alias, 1 drivers
v000001fdd8ae6080_0 .var "data_in_2", 15 0;
v000001fdd8ae5860_0 .var "data_in_3", 15 0;
v000001fdd8ae5ae0_0 .net "data_out", 15 0, L_000001fdd8b49190;  alias, 1 drivers
L_000001fdd8aeadc0 .functor BUFT 1, C4<0101001110001101>, C4<0>, C4<0>, C4<0>;
v000001fdd8ae5cc0_0 .net "m1", 15 0, L_000001fdd8aeadc0;  1 drivers
L_000001fdd8aeae50 .functor BUFT 1, C4<0001001111100011>, C4<0>, C4<0>, C4<0>;
v000001fdd8ae5e00_0 .net "m2", 15 0, L_000001fdd8aeae50;  1 drivers
L_000001fdd8aeaee0 .functor BUFT 1, C4<0000100011001001>, C4<0>, C4<0>, C4<0>;
v000001fdd8ae6120_0 .net "m3", 15 0, L_000001fdd8aeaee0;  1 drivers
L_000001fdd8aeaf70 .functor BUFT 1, C4<0000010100110111>, C4<0>, C4<0>, C4<0>;
v000001fdd8ae4f00_0 .net "m4", 15 0, L_000001fdd8aeaf70;  1 drivers
L_000001fdd8aeb000 .functor BUFT 1, C4<0000001110001101>, C4<0>, C4<0>, C4<0>;
v000001fdd8ae6fd0_0 .net "m5", 15 0, L_000001fdd8aeb000;  1 drivers
L_000001fdd8aeb090 .functor BUFT 1, C4<0000001010101001>, C4<0>, C4<0>, C4<0>;
v000001fdd8ae7f70_0 .net "m6", 15 0, L_000001fdd8aeb090;  1 drivers
L_000001fdd8aeb120 .functor BUFT 1, C4<0000001000011111>, C4<0>, C4<0>, C4<0>;
v000001fdd8ae8970_0 .net "m7", 15 0, L_000001fdd8aeb120;  1 drivers
L_000001fdd8aeb1b0 .functor BUFT 1, C4<0000000110111111>, C4<0>, C4<0>, C4<0>;
v000001fdd8ae76b0_0 .net "m8", 15 0, L_000001fdd8aeb1b0;  1 drivers
L_000001fdd8aeb240 .functor BUFT 1, C4<0000000110000000>, C4<0>, C4<0>, C4<0>;
v000001fdd8ae85b0_0 .net "m9", 15 0, L_000001fdd8aeb240;  1 drivers
v000001fdd8ae83d0_0 .net/s "m_out", 15 0, v000001fdd8ae25c0_0;  1 drivers
v000001fdd8ae6cb0_0 .net/s "out_mul", 15 0, L_000001fdd8b474d0;  1 drivers
v000001fdd8ae7bb0_0 .var "out_mul_reg", 15 0;
v000001fdd8ae8010_0 .net "reset", 0 0, o000001fdd8a83028;  alias, 0 drivers
L_000001fdd8aeb2d0 .functor BUFT 1, C4<0000000000010010>, C4<0>, C4<0>, C4<0>;
v000001fdd8ae7610_0 .net "x1", 15 0, L_000001fdd8aeb2d0;  1 drivers
L_000001fdd8aeb318 .functor BUFT 1, C4<0000000011000000>, C4<0>, C4<0>, C4<0>;
v000001fdd8ae7390_0 .net "x2", 15 0, L_000001fdd8aeb318;  1 drivers
L_000001fdd8aeb360 .functor BUFT 1, C4<0000001011101011>, C4<0>, C4<0>, C4<0>;
v000001fdd8ae8c90_0 .net "x3", 15 0, L_000001fdd8aeb360;  1 drivers
L_000001fdd8aeb3a8 .functor BUFT 1, C4<0000011011100111>, C4<0>, C4<0>, C4<0>;
v000001fdd8ae6df0_0 .net "x4", 15 0, L_000001fdd8aeb3a8;  1 drivers
L_000001fdd8aeb3f0 .functor BUFT 1, C4<0000110111111000>, C4<0>, C4<0>, C4<0>;
v000001fdd8ae7070_0 .net "x5", 15 0, L_000001fdd8aeb3f0;  1 drivers
L_000001fdd8aeb438 .functor BUFT 1, C4<0001011010111001>, C4<0>, C4<0>, C4<0>;
v000001fdd8ae80b0_0 .net "x6", 15 0, L_000001fdd8aeb438;  1 drivers
L_000001fdd8aeb480 .functor BUFT 1, C4<0010001010110011>, C4<0>, C4<0>, C4<0>;
v000001fdd8ae8a10_0 .net "x7", 15 0, L_000001fdd8aeb480;  1 drivers
L_000001fdd8aeb4c8 .functor BUFT 1, C4<0011000111001110>, C4<0>, C4<0>, C4<0>;
v000001fdd8ae7750_0 .net "x8", 15 0, L_000001fdd8aeb4c8;  1 drivers
S_000001fdd8a6b0c0 .scope module, "custom_add" "fixed_point_add" 9 135, 3 1 0, S_000001fdd8a0ed20;
 .timescale 0 0;
    .port_info 0 /INPUT 16 "A";
    .port_info 1 /INPUT 16 "B";
    .port_info 2 /OUTPUT 16 "C";
P_000001fdd89f10c0 .param/l "BITSIZE" 0 3 1, +C4<00000000000000000000000000010000>;
L_000001fdd8a7fdc0 .functor XNOR 1, L_000001fdd8b47430, L_000001fdd8b47890, C4<0>, C4<0>;
L_000001fdd8a7f9d0 .functor XNOR 1, L_000001fdd8b47430, L_000001fdd8b47890, C4<0>, C4<0>;
L_000001fdd8a7f7a0 .functor XNOR 1, L_000001fdd8b47430, L_000001fdd8b47890, C4<0>, C4<0>;
L_000001fdd8a7fa40 .functor AND 1, L_000001fdd8a7f7a0, L_000001fdd8b49370, C4<1>, C4<1>;
v000001fdd8ae06e0_0 .net "A", 15 0, v000001fdd8ae7bb0_0;  1 drivers
v000001fdd8ae1900_0 .net "B", 15 0, v000001fdd8ae5b80_0;  1 drivers
v000001fdd8ae0d20_0 .net "C", 15 0, L_000001fdd8b49190;  alias, 1 drivers
v000001fdd8ae19a0_0 .net *"_ivl_10", 15 0, L_000001fdd8b48010;  1 drivers
L_000001fdd8aeb6c0 .functor BUFT 1, C4<0>, C4<0>, C4<0>, C4<0>;
v000001fdd8ae14a0_0 .net *"_ivl_13", 0 0, L_000001fdd8aeb6c0;  1 drivers
v000001fdd8ae0780_0 .net *"_ivl_14", 15 0, L_000001fdd8b47570;  1 drivers
L_000001fdd8aeb708 .functor BUFT 1, C4<0>, C4<0>, C4<0>, C4<0>;
v000001fdd8ae0fa0_0 .net *"_ivl_17", 0 0, L_000001fdd8aeb708;  1 drivers
v000001fdd8ae1a40_0 .net *"_ivl_18", 15 0, L_000001fdd8b48650;  1 drivers
v000001fdd8ae08c0_0 .net *"_ivl_20", 0 0, L_000001fdd8b471b0;  1 drivers
v000001fdd8ae0b40_0 .net *"_ivl_22", 15 0, L_000001fdd8b46f30;  1 drivers
L_000001fdd8aeb750 .functor BUFT 1, C4<0>, C4<0>, C4<0>, C4<0>;
v000001fdd8ae03c0_0 .net *"_ivl_25", 0 0, L_000001fdd8aeb750;  1 drivers
v000001fdd8ae0c80_0 .net *"_ivl_26", 15 0, L_000001fdd8b47d90;  1 drivers
L_000001fdd8aeb798 .functor BUFT 1, C4<0>, C4<0>, C4<0>, C4<0>;
v000001fdd8ae0aa0_0 .net *"_ivl_29", 0 0, L_000001fdd8aeb798;  1 drivers
v000001fdd8ae1d60_0 .net *"_ivl_30", 15 0, L_000001fdd8b48970;  1 drivers
v000001fdd8ae1ea0_0 .net *"_ivl_32", 15 0, L_000001fdd8b48b50;  1 drivers
L_000001fdd8aeb7e0 .functor BUFT 1, C4<0>, C4<0>, C4<0>, C4<0>;
v000001fdd8ae0be0_0 .net *"_ivl_35", 0 0, L_000001fdd8aeb7e0;  1 drivers
v000001fdd8ae1f40_0 .net *"_ivl_36", 15 0, L_000001fdd8b46fd0;  1 drivers
L_000001fdd8aeb828 .functor BUFT 1, C4<0>, C4<0>, C4<0>, C4<0>;
v000001fdd8ae0dc0_0 .net *"_ivl_39", 0 0, L_000001fdd8aeb828;  1 drivers
v000001fdd8ae1ae0_0 .net *"_ivl_40", 15 0, L_000001fdd8b48d30;  1 drivers
v000001fdd8ae1040_0 .net *"_ivl_42", 15 0, L_000001fdd8b48dd0;  1 drivers
v000001fdd8ae1b80_0 .net *"_ivl_46", 0 0, L_000001fdd8a7f9d0;  1 drivers
v000001fdd8ae1fe0_0 .net *"_ivl_48", 0 0, L_000001fdd8b47bb0;  1 drivers
v000001fdd8ae2120_0 .net *"_ivl_50", 0 0, L_000001fdd8b481f0;  1 drivers
v000001fdd8ae0280_0 .net *"_ivl_54", 0 0, L_000001fdd8a7f7a0;  1 drivers
v000001fdd8ae0320_0 .net *"_ivl_57", 0 0, L_000001fdd8b49370;  1 drivers
L_000001fdd8aeb870 .functor BUFT 1, C4<111111111111111>, C4<0>, C4<0>, C4<0>;
v000001fdd8ae0e60_0 .net/2u *"_ivl_60", 14 0, L_000001fdd8aeb870;  1 drivers
v000001fdd8ae10e0_0 .net *"_ivl_63", 14 0, L_000001fdd8b479d0;  1 drivers
v000001fdd8ae1180_0 .net *"_ivl_8", 0 0, L_000001fdd8a7fdc0;  1 drivers
v000001fdd8ae1360_0 .net "overflow", 0 0, L_000001fdd8a7fa40;  1 drivers
v000001fdd8ae0460_0 .net "result_sign", 0 0, L_000001fdd8b47610;  1 drivers
v000001fdd8ae1400_0 .net "result_value", 14 0, L_000001fdd8b48e70;  1 drivers
v000001fdd8ae05a0_0 .net "sign_A", 0 0, L_000001fdd8b47430;  1 drivers
v000001fdd8ae1540_0 .net "sign_B", 0 0, L_000001fdd8b47890;  1 drivers
v000001fdd8ae1680_0 .net "sum", 15 0, L_000001fdd8b46cb0;  1 drivers
v000001fdd8ae3420_0 .net "value_A", 14 0, L_000001fdd8b48ab0;  1 drivers
v000001fdd8ae4820_0 .net "value_B", 14 0, L_000001fdd8b48a10;  1 drivers
L_000001fdd8b47430 .part v000001fdd8ae7bb0_0, 15, 1;
L_000001fdd8b47890 .part v000001fdd8ae5b80_0, 15, 1;
L_000001fdd8b48ab0 .part v000001fdd8ae7bb0_0, 0, 15;
L_000001fdd8b48a10 .part v000001fdd8ae5b80_0, 0, 15;
L_000001fdd8b48010 .concat [ 15 1 0 0], L_000001fdd8b48ab0, L_000001fdd8aeb6c0;
L_000001fdd8b47570 .concat [ 15 1 0 0], L_000001fdd8b48a10, L_000001fdd8aeb708;
L_000001fdd8b48650 .arith/sum 16, L_000001fdd8b48010, L_000001fdd8b47570;
L_000001fdd8b471b0 .cmp/gt 15, L_000001fdd8b48ab0, L_000001fdd8b48a10;
L_000001fdd8b46f30 .concat [ 15 1 0 0], L_000001fdd8b48ab0, L_000001fdd8aeb750;
L_000001fdd8b47d90 .concat [ 15 1 0 0], L_000001fdd8b48a10, L_000001fdd8aeb798;
L_000001fdd8b48970 .arith/sub 16, L_000001fdd8b46f30, L_000001fdd8b47d90;
L_000001fdd8b48b50 .concat [ 15 1 0 0], L_000001fdd8b48a10, L_000001fdd8aeb7e0;
L_000001fdd8b46fd0 .concat [ 15 1 0 0], L_000001fdd8b48ab0, L_000001fdd8aeb828;
L_000001fdd8b48d30 .arith/sub 16, L_000001fdd8b48b50, L_000001fdd8b46fd0;
L_000001fdd8b48dd0 .functor MUXZ 16, L_000001fdd8b48d30, L_000001fdd8b48970, L_000001fdd8b471b0, C4<>;
L_000001fdd8b46cb0 .functor MUXZ 16, L_000001fdd8b48dd0, L_000001fdd8b48650, L_000001fdd8a7fdc0, C4<>;
L_000001fdd8b47bb0 .cmp/gt 15, L_000001fdd8b48ab0, L_000001fdd8b48a10;
L_000001fdd8b481f0 .functor MUXZ 1, L_000001fdd8b47890, L_000001fdd8b47430, L_000001fdd8b47bb0, C4<>;
L_000001fdd8b47610 .functor MUXZ 1, L_000001fdd8b481f0, L_000001fdd8b47430, L_000001fdd8a7f9d0, C4<>;
L_000001fdd8b49370 .part L_000001fdd8b46cb0, 15, 1;
L_000001fdd8b479d0 .part L_000001fdd8b46cb0, 0, 15;
L_000001fdd8b48e70 .functor MUXZ 15, L_000001fdd8b479d0, L_000001fdd8aeb870, L_000001fdd8a7fa40, C4<>;
L_000001fdd8b49190 .concat [ 15 1 0 0], L_000001fdd8b48e70, L_000001fdd8b47610;
S_000001fdd8a6b460 .scope module, "custom_mul" "fixed_point_multiply" 9 111, 5 3 0, S_000001fdd8a0ed20;
 .timescale 0 0;
    .port_info 0 /INPUT 16 "A";
    .port_info 1 /INPUT 16 "B";
    .port_info 2 /OUTPUT 16 "C";
P_000001fdd8a58df0 .param/l "BITSIZE" 0 5 3, +C4<00000000000000000000000000010000>;
P_000001fdd8a58e28 .param/l "FRAC" 0 5 3, +C4<00000000000000000000000000001011>;
L_000001fdd8a7f730 .functor XOR 1, L_000001fdd8b47390, L_000001fdd8b47110, C4<0>, C4<0>;
L_000001fdd8aeb5a0 .functor BUFT 1, C4<1111111>, C4<0>, C4<0>, C4<0>;
L_000001fdd8a7f810 .functor AND 7, L_000001fdd8aeb5a0, L_000001fdd8b48f10, C4<1111111>, C4<1111111>;
v000001fdd8ae3100_0 .net "A", 15 0, v000001fdd8ae5860_0;  1 drivers
v000001fdd8ae2480_0 .net "B", 15 0, v000001fdd8ae25c0_0;  alias, 1 drivers
v000001fdd8ae3f60_0 .net "C", 15 0, L_000001fdd8b474d0;  alias, 1 drivers
L_000001fdd8aeb510 .functor BUFT 1, C4<000000000000000>, C4<0>, C4<0>, C4<0>;
v000001fdd8ae2840_0 .net *"_ivl_11", 14 0, L_000001fdd8aeb510;  1 drivers
v000001fdd8ae2980_0 .net *"_ivl_12", 29 0, L_000001fdd8b46e90;  1 drivers
L_000001fdd8aeb558 .functor BUFT 1, C4<000000000000000>, C4<0>, C4<0>, C4<0>;
v000001fdd8ae32e0_0 .net *"_ivl_15", 14 0, L_000001fdd8aeb558;  1 drivers
v000001fdd8ae45a0_0 .net/2u *"_ivl_22", 6 0, L_000001fdd8aeb5a0;  1 drivers
v000001fdd8ae3ce0_0 .net *"_ivl_25", 3 0, L_000001fdd8b48470;  1 drivers
v000001fdd8ae3ba0_0 .net *"_ivl_26", 6 0, L_000001fdd8b48f10;  1 drivers
L_000001fdd8aeb5e8 .functor BUFT 1, C4<000>, C4<0>, C4<0>, C4<0>;
v000001fdd8ae23e0_0 .net *"_ivl_29", 2 0, L_000001fdd8aeb5e8;  1 drivers
L_000001fdd8aeb630 .functor BUFT 1, C4<0000000>, C4<0>, C4<0>, C4<0>;
v000001fdd8ae31a0_0 .net/2u *"_ivl_32", 6 0, L_000001fdd8aeb630;  1 drivers
v000001fdd8ae34c0_0 .net *"_ivl_34", 0 0, L_000001fdd8b483d0;  1 drivers
L_000001fdd8aeb678 .functor BUFT 1, C4<111111111111111>, C4<0>, C4<0>, C4<0>;
v000001fdd8ae2fc0_0 .net/2u *"_ivl_36", 14 0, L_000001fdd8aeb678;  1 drivers
v000001fdd8ae3b00_0 .net *"_ivl_38", 15 0, L_000001fdd8b477f0;  1 drivers
v000001fdd8ae2a20_0 .net *"_ivl_40", 15 0, L_000001fdd8b47750;  1 drivers
v000001fdd8ae3a60_0 .net *"_ivl_8", 29 0, L_000001fdd8b49050;  1 drivers
v000001fdd8ae2ac0_0 .net "mag_A", 14 0, L_000001fdd8b488d0;  1 drivers
v000001fdd8ae2660_0 .net "mag_B", 14 0, L_000001fdd8b47f70;  1 drivers
v000001fdd8ae3c40_0 .net "normalized_product", 14 0, L_000001fdd8b47250;  1 drivers
v000001fdd8ae3d80_0 .net "overflow", 6 0, L_000001fdd8a7f810;  1 drivers
v000001fdd8ae2700_0 .net "product_unsigned", 29 0, L_000001fdd8b47930;  1 drivers
v000001fdd8ae43c0_0 .net "result_sign", 0 0, L_000001fdd8a7f730;  1 drivers
v000001fdd8ae39c0_0 .net "sign_A", 0 0, L_000001fdd8b47390;  1 drivers
v000001fdd8ae3060_0 .net "sign_B", 0 0, L_000001fdd8b47110;  1 drivers
L_000001fdd8b47390 .part v000001fdd8ae5860_0, 15, 1;
L_000001fdd8b47110 .part v000001fdd8ae25c0_0, 15, 1;
L_000001fdd8b488d0 .part v000001fdd8ae5860_0, 0, 15;
L_000001fdd8b47f70 .part v000001fdd8ae25c0_0, 0, 15;
L_000001fdd8b49050 .concat [ 15 15 0 0], L_000001fdd8b488d0, L_000001fdd8aeb510;
L_000001fdd8b46e90 .concat [ 15 15 0 0], L_000001fdd8b47f70, L_000001fdd8aeb558;
L_000001fdd8b47930 .arith/mult 30, L_000001fdd8b49050, L_000001fdd8b46e90;
L_000001fdd8b47250 .part L_000001fdd8b47930, 11, 15;
L_000001fdd8b48470 .part L_000001fdd8b47930, 26, 4;
L_000001fdd8b48f10 .concat [ 4 3 0 0], L_000001fdd8b48470, L_000001fdd8aeb5e8;
L_000001fdd8b483d0 .cmp/ne 7, L_000001fdd8a7f810, L_000001fdd8aeb630;
L_000001fdd8b477f0 .concat [ 15 1 0 0], L_000001fdd8aeb678, L_000001fdd8a7f730;
L_000001fdd8b47750 .concat [ 15 1 0 0], L_000001fdd8b47250, L_000001fdd8a7f730;
L_000001fdd8b474d0 .functor MUXZ 16, L_000001fdd8b47750, L_000001fdd8b477f0, L_000001fdd8b483d0, C4<>;
S_000001fdd8a6b5f0 .scope module, "custom_mux" "compare_8float" 9 57, 8 1 0, S_000001fdd8a0ed20;
 .timescale 0 0;
    .port_info 0 /INPUT 16 "data";
    .port_info 1 /INPUT 16 "x1";
    .port_info 2 /INPUT 16 "x2";
    .port_info 3 /INPUT 16 "x3";
    .port_info 4 /INPUT 16 "x4";
    .port_info 5 /INPUT 16 "x5";
    .port_info 6 /INPUT 16 "x6";
    .port_info 7 /INPUT 16 "x7";
    .port_info 8 /INPUT 16 "x8";
    .port_info 9 /INPUT 16 "m1";
    .port_info 10 /INPUT 16 "m2";
    .port_info 11 /INPUT 16 "m3";
    .port_info 12 /INPUT 16 "m4";
    .port_info 13 /INPUT 16 "m5";
    .port_info 14 /INPUT 16 "m6";
    .port_info 15 /INPUT 16 "m7";
    .port_info 16 /INPUT 16 "m8";
    .port_info 17 /INPUT 16 "m9";
    .port_info 18 /INPUT 16 "c1";
    .port_info 19 /INPUT 16 "c2";
    .port_info 20 /INPUT 16 "c3";
    .port_info 21 /INPUT 16 "c4";
    .port_info 22 /INPUT 16 "c5";
    .port_info 23 /INPUT 16 "c6";
    .port_info 24 /INPUT 16 "c7";
    .port_info 25 /INPUT 16 "c8";
    .port_info 26 /INPUT 16 "c9";
    .port_info 27 /INPUT 1 "clk";
    .port_info 28 /INPUT 1 "reset";
    .port_info 29 /OUTPUT 16 "m";
    .port_info 30 /OUTPUT 16 "c";
v000001fdd8ae2de0_0 .var "c", 15 0;
v000001fdd8ae4a00_0 .net "c1", 15 0, L_000001fdd8aeae08;  alias, 1 drivers
v000001fdd8ae4640_0 .net "c2", 15 0, L_000001fdd8aeae98;  alias, 1 drivers
v000001fdd8ae3560_0 .net "c3", 15 0, L_000001fdd8aeaf28;  alias, 1 drivers
v000001fdd8ae3600_0 .net "c4", 15 0, L_000001fdd8aeafb8;  alias, 1 drivers
v000001fdd8ae3380_0 .net "c5", 15 0, L_000001fdd8aeb048;  alias, 1 drivers
v000001fdd8ae2e80_0 .net "c6", 15 0, L_000001fdd8aeb0d8;  alias, 1 drivers
v000001fdd8ae2b60_0 .net "c7", 15 0, L_000001fdd8aeb168;  alias, 1 drivers
v000001fdd8ae36a0_0 .net "c8", 15 0, L_000001fdd8aeb1f8;  alias, 1 drivers
v000001fdd8ae4280_0 .net "c9", 15 0, L_000001fdd8aeb288;  alias, 1 drivers
v000001fdd8ae22a0_0 .net "clk", 0 0, o000001fdd8a828a8;  alias, 0 drivers
v000001fdd8ae2340_0 .net "data", 15 0, L_000001fdd8ae92d0;  alias, 1 drivers
v000001fdd8ae2f20_0 .net "data_mag", 14 0, L_000001fdd8aea6d0;  1 drivers
v000001fdd8ae2c00_0 .net "data_sign", 0 0, L_000001fdd8ae9870;  1 drivers
v000001fdd8ae3740_0 .var "flag", 7 0;
v000001fdd8ae25c0_0 .var "m", 15 0;
v000001fdd8ae37e0_0 .net "m1", 15 0, L_000001fdd8aeadc0;  alias, 1 drivers
v000001fdd8ae3e20_0 .net "m2", 15 0, L_000001fdd8aeae50;  alias, 1 drivers
v000001fdd8ae3ec0_0 .net "m3", 15 0, L_000001fdd8aeaee0;  alias, 1 drivers
v000001fdd8ae27a0_0 .net "m4", 15 0, L_000001fdd8aeaf70;  alias, 1 drivers
v000001fdd8ae4000_0 .net "m5", 15 0, L_000001fdd8aeb000;  alias, 1 drivers
v000001fdd8ae4460_0 .net "m6", 15 0, L_000001fdd8aeb090;  alias, 1 drivers
v000001fdd8ae2ca0_0 .net "m7", 15 0, L_000001fdd8aeb120;  alias, 1 drivers
v000001fdd8ae2520_0 .net "m8", 15 0, L_000001fdd8aeb1b0;  alias, 1 drivers
v000001fdd8ae40a0_0 .net "m9", 15 0, L_000001fdd8aeb240;  alias, 1 drivers
v000001fdd8ae3880_0 .net "reset", 0 0, o000001fdd8a83028;  alias, 0 drivers
v000001fdd8ae3920_0 .net "x1", 15 0, L_000001fdd8aeb2d0;  alias, 1 drivers
v000001fdd8ae4140_0 .net "x1_mag", 14 0, L_000001fdd8aea3b0;  1 drivers
v000001fdd8ae41e0_0 .net "x1_sign", 0 0, L_000001fdd8aea310;  1 drivers
v000001fdd8ae4320_0 .net "x2", 15 0, L_000001fdd8aeb318;  alias, 1 drivers
v000001fdd8ae4500_0 .net "x2_mag", 14 0, L_000001fdd8aea4f0;  1 drivers
v000001fdd8ae46e0_0 .net "x2_sign", 0 0, L_000001fdd8aea450;  1 drivers
v000001fdd8ae4780_0 .net "x3", 15 0, L_000001fdd8aeb360;  alias, 1 drivers
v000001fdd8ae4e60_0 .net "x3_mag", 14 0, L_000001fdd8b47ed0;  1 drivers
v000001fdd8ae4fa0_0 .net "x3_sign", 0 0, L_000001fdd8b47a70;  1 drivers
v000001fdd8ae5900_0 .net "x4", 15 0, L_000001fdd8aeb3a8;  alias, 1 drivers
v000001fdd8ae4aa0_0 .net "x4_mag", 14 0, L_000001fdd8b47b10;  1 drivers
v000001fdd8ae4b40_0 .net "x4_sign", 0 0, L_000001fdd8b46d50;  1 drivers
v000001fdd8ae5a40_0 .net "x5", 15 0, L_000001fdd8aeb3f0;  alias, 1 drivers
v000001fdd8ae50e0_0 .net "x5_mag", 14 0, L_000001fdd8b492d0;  1 drivers
v000001fdd8ae5400_0 .net "x5_sign", 0 0, L_000001fdd8b476b0;  1 drivers
v000001fdd8ae4be0_0 .net "x6", 15 0, L_000001fdd8aeb438;  alias, 1 drivers
v000001fdd8ae5ea0_0 .net "x6_mag", 14 0, L_000001fdd8b48830;  1 drivers
v000001fdd8ae5180_0 .net "x6_sign", 0 0, L_000001fdd8b472f0;  1 drivers
v000001fdd8ae5220_0 .net "x7", 15 0, L_000001fdd8aeb480;  alias, 1 drivers
v000001fdd8ae5680_0 .net "x7_mag", 14 0, L_000001fdd8b48fb0;  1 drivers
v000001fdd8ae54a0_0 .net "x7_sign", 0 0, L_000001fdd8b48290;  1 drivers
v000001fdd8ae5040_0 .net "x8", 15 0, L_000001fdd8aeb4c8;  alias, 1 drivers
v000001fdd8ae52c0_0 .net "x8_mag", 14 0, L_000001fdd8b46df0;  1 drivers
v000001fdd8ae59a0_0 .net "x8_sign", 0 0, L_000001fdd8b486f0;  1 drivers
L_000001fdd8ae9870 .part L_000001fdd8ae92d0, 15, 1;
L_000001fdd8aea6d0 .part L_000001fdd8ae92d0, 0, 15;
L_000001fdd8aea310 .part L_000001fdd8aeb2d0, 15, 1;
L_000001fdd8aea3b0 .part L_000001fdd8aeb2d0, 0, 15;
L_000001fdd8aea450 .part L_000001fdd8aeb318, 15, 1;
L_000001fdd8aea4f0 .part L_000001fdd8aeb318, 0, 15;
L_000001fdd8b47a70 .part L_000001fdd8aeb360, 15, 1;
L_000001fdd8b47ed0 .part L_000001fdd8aeb360, 0, 15;
L_000001fdd8b46d50 .part L_000001fdd8aeb3a8, 15, 1;
L_000001fdd8b47b10 .part L_000001fdd8aeb3a8, 0, 15;
L_000001fdd8b476b0 .part L_000001fdd8aeb3f0, 15, 1;
L_000001fdd8b492d0 .part L_000001fdd8aeb3f0, 0, 15;
L_000001fdd8b472f0 .part L_000001fdd8aeb438, 15, 1;
L_000001fdd8b48830 .part L_000001fdd8aeb438, 0, 15;
L_000001fdd8b48290 .part L_000001fdd8aeb480, 15, 1;
L_000001fdd8b48fb0 .part L_000001fdd8aeb480, 0, 15;
L_000001fdd8b486f0 .part L_000001fdd8aeb4c8, 15, 1;
L_000001fdd8b46df0 .part L_000001fdd8aeb4c8, 0, 15;
S_000001fdd8ae6450 .scope function.vec4.s1, "compare_sign_mag" "compare_sign_mag" 8 40, 8 40 0, S_000001fdd8a6b5f0;
 .timescale 0 0;
; Variable compare_sign_mag is vec4 return value of scope S_000001fdd8ae6450
v000001fdd8ae28e0_0 .var "mag_a", 14 0;
v000001fdd8ae2d40_0 .var "mag_b", 14 0;
v000001fdd8ae48c0_0 .var "sign_a", 0 0;
v000001fdd8ae3240_0 .var "sign_b", 0 0;
TD_lambda_layer_v2.sqrt.custom_mux.compare_sign_mag ;
    %load/vec4 v000001fdd8ae48c0_0;
    %load/vec4 v000001fdd8ae3240_0;
    %cmp/ne;
    %jmp/0xz  T_1.4, 4;
    %load/vec4 v000001fdd8ae3240_0;
    %load/vec4 v000001fdd8ae48c0_0;
    %cmp/u;
    %flag_get/vec4 5;
    %ret/vec4 0, 0, 1;  Assign to compare_sign_mag (store_vec4_to_lval)
    %jmp T_1.5;
T_1.4 ;
    %load/vec4 v000001fdd8ae48c0_0;
    %cmpi/e 1, 0, 1;
    %jmp/0xz  T_1.6, 4;
    %load/vec4 v000001fdd8ae2d40_0;
    %load/vec4 v000001fdd8ae28e0_0;
    %cmp/u;
    %flag_get/vec4 5;
    %ret/vec4 0, 0, 1;  Assign to compare_sign_mag (store_vec4_to_lval)
    %jmp T_1.7;
T_1.6 ;
    %load/vec4 v000001fdd8ae28e0_0;
    %load/vec4 v000001fdd8ae2d40_0;
    %cmp/u;
    %flag_get/vec4 5;
    %ret/vec4 0, 0, 1;  Assign to compare_sign_mag (store_vec4_to_lval)
T_1.7 ;
T_1.5 ;
    %end;
    .scope S_000001fdd89ae590;
T_2 ;
    %wait E_000001fdd89efb00;
    %load/vec4 v000001fdd8a81130_0;
    %ix/load 3, 0, 0;
    %flag_set/imm 4, 0;
    %ix/load 4, 0, 0; Constant delay
    %assign/vec4/a/d v000001fdd8a81e50, 0, 4;
    %ix/load 4, 0, 0;
    %flag_set/imm 4, 0;
    %load/vec4a v000001fdd8a81e50, 4;
    %ix/load 3, 1, 0;
    %flag_set/imm 4, 0;
    %ix/load 4, 0, 0; Constant delay
    %assign/vec4/a/d v000001fdd8a81e50, 0, 4;
    %ix/load 4, 1, 0;
    %flag_set/imm 4, 0;
    %load/vec4a v000001fdd8a81e50, 4;
    %assign/vec4 v000001fdd8a81db0_0, 0;
    %jmp T_2;
    .thread T_2;
    .scope S_000001fdd89ae720;
T_3 ;
    %wait E_000001fdd89efb00;
    %load/vec4 v000001fdd8a80410_0;
    %ix/load 3, 0, 0;
    %flag_set/imm 4, 0;
    %ix/load 4, 0, 0; Constant delay
    %assign/vec4/a/d v000001fdd8a805f0, 0, 4;
    %ix/load 4, 0, 0;
    %flag_set/imm 4, 0;
    %load/vec4a v000001fdd8a805f0, 4;
    %ix/load 3, 1, 0;
    %flag_set/imm 4, 0;
    %ix/load 4, 0, 0; Constant delay
    %assign/vec4/a/d v000001fdd8a805f0, 0, 4;
    %ix/load 4, 1, 0;
    %flag_set/imm 4, 0;
    %load/vec4a v000001fdd8a805f0, 4;
    %assign/vec4 v000001fdd8a80550_0, 0;
    %jmp T_3;
    .thread T_3;
    .scope S_000001fdd896ae90;
T_4 ;
    %wait E_000001fdd89f0740;
    %load/vec4 v000001fdd8adf210_0;
    %flag_set/vec4 8;
    %jmp/0xz  T_4.0, 8;
    %pushi/vec4 0, 0, 8;
    %assign/vec4 v000001fdd8adbe70_0, 0;
    %jmp T_4.1;
T_4.0 ;
    %load/vec4 v000001fdd8adba10_0;
    %load/vec4 v000001fdd8adf490_0;
    %load/vec4 v000001fdd8adb970_0;
    %load/vec4 v000001fdd8ade9f0_0;
    %store/vec4 v000001fdd8ada7f0_0, 0, 15;
    %store/vec4 v000001fdd8adb330_0, 0, 15;
    %store/vec4 v000001fdd8adbdd0_0, 0, 1;
    %store/vec4 v000001fdd8adac50_0, 0, 1;
    %callf/vec4 TD_lambda_layer_v2.softplus_lambda.custom_mux.compare_sign_mag, S_000001fdd8922760;
    %ix/load 4, 0, 0;
    %ix/load 5, 0, 0;
    %flag_set/imm 4, 0;
    %assign/vec4/off/d v000001fdd8adbe70_0, 4, 5;
    %load/vec4 v000001fdd8adba10_0;
    %load/vec4 v000001fdd8adf030_0;
    %load/vec4 v000001fdd8adb970_0;
    %load/vec4 v000001fdd8adf850_0;
    %store/vec4 v000001fdd8ada7f0_0, 0, 15;
    %store/vec4 v000001fdd8adb330_0, 0, 15;
    %store/vec4 v000001fdd8adbdd0_0, 0, 1;
    %store/vec4 v000001fdd8adac50_0, 0, 1;
    %callf/vec4 TD_lambda_layer_v2.softplus_lambda.custom_mux.compare_sign_mag, S_000001fdd8922760;
    %ix/load 4, 1, 0;
    %ix/load 5, 0, 0;
    %flag_set/imm 4, 0;
    %assign/vec4/off/d v000001fdd8adbe70_0, 4, 5;
    %load/vec4 v000001fdd8adba10_0;
    %load/vec4 v000001fdd8adf990_0;
    %load/vec4 v000001fdd8adb970_0;
    %load/vec4 v000001fdd8ade770_0;
    %store/vec4 v000001fdd8ada7f0_0, 0, 15;
    %store/vec4 v000001fdd8adb330_0, 0, 15;
    %store/vec4 v000001fdd8adbdd0_0, 0, 1;
    %store/vec4 v000001fdd8adac50_0, 0, 1;
    %callf/vec4 TD_lambda_layer_v2.softplus_lambda.custom_mux.compare_sign_mag, S_000001fdd8922760;
    %ix/load 4, 2, 0;
    %ix/load 5, 0, 0;
    %flag_set/imm 4, 0;
    %assign/vec4/off/d v000001fdd8adbe70_0, 4, 5;
    %load/vec4 v000001fdd8adba10_0;
    %load/vec4 v000001fdd8adfad0_0;
    %load/vec4 v000001fdd8adb970_0;
    %load/vec4 v000001fdd8adfa30_0;
    %store/vec4 v000001fdd8ada7f0_0, 0, 15;
    %store/vec4 v000001fdd8adb330_0, 0, 15;
    %store/vec4 v000001fdd8adbdd0_0, 0, 1;
    %store/vec4 v000001fdd8adac50_0, 0, 1;
    %callf/vec4 TD_lambda_layer_v2.softplus_lambda.custom_mux.compare_sign_mag, S_000001fdd8922760;
    %ix/load 4, 3, 0;
    %ix/load 5, 0, 0;
    %flag_set/imm 4, 0;
    %assign/vec4/off/d v000001fdd8adbe70_0, 4, 5;
    %load/vec4 v000001fdd8adba10_0;
    %load/vec4 v000001fdd8ade810_0;
    %load/vec4 v000001fdd8adb970_0;
    %load/vec4 v000001fdd8adfb70_0;
    %store/vec4 v000001fdd8ada7f0_0, 0, 15;
    %store/vec4 v000001fdd8adb330_0, 0, 15;
    %store/vec4 v000001fdd8adbdd0_0, 0, 1;
    %store/vec4 v000001fdd8adac50_0, 0, 1;
    %callf/vec4 TD_lambda_layer_v2.softplus_lambda.custom_mux.compare_sign_mag, S_000001fdd8922760;
    %ix/load 4, 4, 0;
    %ix/load 5, 0, 0;
    %flag_set/imm 4, 0;
    %assign/vec4/off/d v000001fdd8adbe70_0, 4, 5;
    %load/vec4 v000001fdd8adba10_0;
    %load/vec4 v000001fdd8adef90_0;
    %load/vec4 v000001fdd8adb970_0;
    %load/vec4 v000001fdd8adf0d0_0;
    %store/vec4 v000001fdd8ada7f0_0, 0, 15;
    %store/vec4 v000001fdd8adb330_0, 0, 15;
    %store/vec4 v000001fdd8adbdd0_0, 0, 1;
    %store/vec4 v000001fdd8adac50_0, 0, 1;
    %callf/vec4 TD_lambda_layer_v2.softplus_lambda.custom_mux.compare_sign_mag, S_000001fdd8922760;
    %ix/load 4, 5, 0;
    %ix/load 5, 0, 0;
    %flag_set/imm 4, 0;
    %assign/vec4/off/d v000001fdd8adbe70_0, 4, 5;
    %load/vec4 v000001fdd8adba10_0;
    %load/vec4 v000001fdd8adf170_0;
    %load/vec4 v000001fdd8adb970_0;
    %load/vec4 v000001fdd8adfcb0_0;
    %store/vec4 v000001fdd8ada7f0_0, 0, 15;
    %store/vec4 v000001fdd8adb330_0, 0, 15;
    %store/vec4 v000001fdd8adbdd0_0, 0, 1;
    %store/vec4 v000001fdd8adac50_0, 0, 1;
    %callf/vec4 TD_lambda_layer_v2.softplus_lambda.custom_mux.compare_sign_mag, S_000001fdd8922760;
    %ix/load 4, 6, 0;
    %ix/load 5, 0, 0;
    %flag_set/imm 4, 0;
    %assign/vec4/off/d v000001fdd8adbe70_0, 4, 5;
    %load/vec4 v000001fdd8adba10_0;
    %load/vec4 v000001fdd8adedb0_0;
    %load/vec4 v000001fdd8adb970_0;
    %load/vec4 v000001fdd8adfd50_0;
    %store/vec4 v000001fdd8ada7f0_0, 0, 15;
    %store/vec4 v000001fdd8adb330_0, 0, 15;
    %store/vec4 v000001fdd8adbdd0_0, 0, 1;
    %store/vec4 v000001fdd8adac50_0, 0, 1;
    %callf/vec4 TD_lambda_layer_v2.softplus_lambda.custom_mux.compare_sign_mag, S_000001fdd8922760;
    %ix/load 4, 7, 0;
    %ix/load 5, 0, 0;
    %flag_set/imm 4, 0;
    %assign/vec4/off/d v000001fdd8adbe70_0, 4, 5;
T_4.1 ;
    %jmp T_4;
    .thread T_4;
    .scope S_000001fdd896ae90;
T_5 ;
    %wait E_000001fdd89f0740;
    %load/vec4 v000001fdd8adf210_0;
    %flag_set/vec4 8;
    %jmp/0xz  T_5.0, 8;
    %pushi/vec4 0, 0, 16;
    %assign/vec4 v000001fdd8adbab0_0, 0;
    %pushi/vec4 0, 0, 16;
    %assign/vec4 v000001fdd8adaf70_0, 0;
    %jmp T_5.1;
T_5.0 ;
    %load/vec4 v000001fdd8adbe70_0;
    %parti/s 1, 3, 3;
    %flag_set/vec4 8;
    %jmp/0xz  T_5.2, 8;
    %load/vec4 v000001fdd8adbe70_0;
    %parti/s 1, 1, 2;
    %flag_set/vec4 8;
    %jmp/0xz  T_5.4, 8;
    %load/vec4 v000001fdd8adbe70_0;
    %parti/s 1, 0, 2;
    %flag_set/vec4 8;
    %jmp/0xz  T_5.6, 8;
    %load/vec4 v000001fdd8adbf10_0;
    %assign/vec4 v000001fdd8adbab0_0, 0;
    %load/vec4 v000001fdd8ada390_0;
    %assign/vec4 v000001fdd8adaf70_0, 0;
    %jmp T_5.7;
T_5.6 ;
    %load/vec4 v000001fdd8adbb50_0;
    %assign/vec4 v000001fdd8adbab0_0, 0;
    %load/vec4 v000001fdd8adb010_0;
    %assign/vec4 v000001fdd8adaf70_0, 0;
T_5.7 ;
    %jmp T_5.5;
T_5.4 ;
    %load/vec4 v000001fdd8adbe70_0;
    %parti/s 1, 2, 3;
    %flag_set/vec4 8;
    %jmp/0xz  T_5.8, 8;
    %load/vec4 v000001fdd8adbbf0_0;
    %assign/vec4 v000001fdd8adbab0_0, 0;
    %load/vec4 v000001fdd8ada930_0;
    %assign/vec4 v000001fdd8adaf70_0, 0;
    %jmp T_5.9;
T_5.8 ;
    %load/vec4 v000001fdd8adc050_0;
    %assign/vec4 v000001fdd8adbab0_0, 0;
    %load/vec4 v000001fdd8ada430_0;
    %assign/vec4 v000001fdd8adaf70_0, 0;
T_5.9 ;
T_5.5 ;
    %jmp T_5.3;
T_5.2 ;
    %load/vec4 v000001fdd8adbe70_0;
    %parti/s 1, 5, 4;
    %flag_set/vec4 8;
    %jmp/0xz  T_5.10, 8;
    %load/vec4 v000001fdd8adbe70_0;
    %parti/s 1, 4, 4;
    %flag_set/vec4 8;
    %jmp/0xz  T_5.12, 8;
    %load/vec4 v000001fdd8adc0f0_0;
    %assign/vec4 v000001fdd8adbab0_0, 0;
    %load/vec4 v000001fdd8adb5b0_0;
    %assign/vec4 v000001fdd8adaf70_0, 0;
    %jmp T_5.13;
T_5.12 ;
    %load/vec4 v000001fdd8ade310_0;
    %assign/vec4 v000001fdd8adbab0_0, 0;
    %load/vec4 v000001fdd8adb830_0;
    %assign/vec4 v000001fdd8adaf70_0, 0;
T_5.13 ;
    %jmp T_5.11;
T_5.10 ;
    %load/vec4 v000001fdd8adbe70_0;
    %parti/s 1, 6, 4;
    %flag_set/vec4 8;
    %jmp/0xz  T_5.14, 8;
    %load/vec4 v000001fdd8adf7b0_0;
    %assign/vec4 v000001fdd8adbab0_0, 0;
    %load/vec4 v000001fdd8adab10_0;
    %assign/vec4 v000001fdd8adaf70_0, 0;
    %jmp T_5.15;
T_5.14 ;
    %load/vec4 v000001fdd8adbe70_0;
    %parti/s 1, 7, 4;
    %flag_set/vec4 8;
    %jmp/0xz  T_5.16, 8;
    %load/vec4 v000001fdd8adf710_0;
    %assign/vec4 v000001fdd8adbab0_0, 0;
    %load/vec4 v000001fdd8adb8d0_0;
    %assign/vec4 v000001fdd8adaf70_0, 0;
    %jmp T_5.17;
T_5.16 ;
    %load/vec4 v000001fdd8ade630_0;
    %assign/vec4 v000001fdd8adbab0_0, 0;
    %load/vec4 v000001fdd8adb650_0;
    %assign/vec4 v000001fdd8adaf70_0, 0;
T_5.17 ;
T_5.15 ;
T_5.11 ;
T_5.3 ;
T_5.1 ;
    %jmp T_5;
    .thread T_5;
    .scope S_000001fdd89861f0;
T_6 ;
    %pushi/vec4 1, 0, 16;
    %store/vec4 v000001fdd8adf2b0_0, 0, 16;
    %pushi/vec4 99, 0, 16;
    %store/vec4 v000001fdd8ade4f0_0, 0, 16;
    %pushi/vec4 312, 0, 16;
    %store/vec4 v000001fdd8ade590_0, 0, 16;
    %pushi/vec4 638, 0, 16;
    %store/vec4 v000001fdd8adea90_0, 0, 16;
    %pushi/vec4 1023, 0, 16;
    %store/vec4 v000001fdd8adebd0_0, 0, 16;
    %pushi/vec4 1409, 0, 16;
    %store/vec4 v000001fdd8ae1c20_0, 0, 16;
    %pushi/vec4 910, 0, 16;
    %store/vec4 v000001fdd8ae1220_0, 0, 16;
    %pushi/vec4 425, 0, 16;
    %store/vec4 v000001fdd8ae1cc0_0, 0, 16;
    %pushi/vec4 2037, 0, 16;
    %store/vec4 v000001fdd8ae0f00_0, 0, 16;
    %pushi/vec4 24, 0, 16;
    %store/vec4 v000001fdd8adeef0_0, 0, 16;
    %pushi/vec4 426, 0, 16;
    %store/vec4 v000001fdd8adee50_0, 0, 16;
    %pushi/vec4 911, 0, 16;
    %store/vec4 v000001fdd8adfc10_0, 0, 16;
    %pushi/vec4 1308, 0, 16;
    %store/vec4 v000001fdd8ae0070_0, 0, 16;
    %pushi/vec4 1457, 0, 16;
    %store/vec4 v000001fdd8adeb30_0, 0, 16;
    %pushi/vec4 1308, 0, 16;
    %store/vec4 v000001fdd8ade3b0_0, 0, 16;
    %pushi/vec4 2727, 0, 16;
    %store/vec4 v000001fdd8adfdf0_0, 0, 16;
    %pushi/vec4 3195, 0, 16;
    %store/vec4 v000001fdd8adf670_0, 0, 16;
    %pushi/vec4 81, 0, 16;
    %store/vec4 v000001fdd8adfe90_0, 0, 16;
    %pushi/vec4 40704, 0, 16;
    %store/vec4 v000001fdd8ae17c0_0, 0, 16;
    %pushi/vec4 37417, 0, 16;
    %store/vec4 v000001fdd8ae1860_0, 0, 16;
    %pushi/vec4 35263, 0, 16;
    %store/vec4 v000001fdd8ae0640_0, 0, 16;
    %pushi/vec4 33563, 0, 16;
    %store/vec4 v000001fdd8ae12c0_0, 0, 16;
    %pushi/vec4 788, 0, 16;
    %store/vec4 v000001fdd8ae0a00_0, 0, 16;
    %pushi/vec4 2501, 0, 16;
    %store/vec4 v000001fdd8ae2080_0, 0, 16;
    %pushi/vec4 4661, 0, 16;
    %store/vec4 v000001fdd8ae0820_0, 0, 16;
    %pushi/vec4 7928, 0, 16;
    %store/vec4 v000001fdd8ae0500_0, 0, 16;
    %end;
    .thread T_6;
    .scope S_000001fdd89861f0;
T_7 ;
    %wait E_000001fdd89f0740;
    %load/vec4 v000001fdd8ae0960_0;
    %flag_set/vec4 8;
    %jmp/0xz  T_7.0, 8;
    %pushi/vec4 0, 0, 16;
    %assign/vec4 v000001fdd8adf350_0, 0;
    %pushi/vec4 0, 0, 16;
    %assign/vec4 v000001fdd8ade450_0, 0;
    %jmp T_7.1;
T_7.0 ;
    %load/vec4 v000001fdd8ade270_0;
    %assign/vec4 v000001fdd8adf350_0, 0;
    %load/vec4 v000001fdd8adf350_0;
    %assign/vec4 v000001fdd8ade450_0, 0;
T_7.1 ;
    %jmp T_7;
    .thread T_7;
    .scope S_000001fdd89861f0;
T_8 ;
    %wait E_000001fdd89f0740;
    %load/vec4 v000001fdd8ae0960_0;
    %flag_set/vec4 8;
    %jmp/0xz  T_8.0, 8;
    %pushi/vec4 0, 0, 16;
    %assign/vec4 v000001fdd8ae15e0_0, 0;
    %pushi/vec4 0, 0, 16;
    %assign/vec4 v000001fdd8ade8b0_0, 0;
    %jmp T_8.1;
T_8.0 ;
    %load/vec4 v000001fdd8ae1720_0;
    %assign/vec4 v000001fdd8ae15e0_0, 0;
    %load/vec4 v000001fdd8adff30_0;
    %assign/vec4 v000001fdd8ade8b0_0, 0;
T_8.1 ;
    %jmp T_8;
    .thread T_8;
    .scope S_000001fdd8a6b5f0;
T_9 ;
    %wait E_000001fdd89f0740;
    %load/vec4 v000001fdd8ae3880_0;
    %flag_set/vec4 8;
    %jmp/0xz  T_9.0, 8;
    %pushi/vec4 0, 0, 8;
    %assign/vec4 v000001fdd8ae3740_0, 0;
    %jmp T_9.1;
T_9.0 ;
    %load/vec4 v000001fdd8ae2c00_0;
    %load/vec4 v000001fdd8ae41e0_0;
    %load/vec4 v000001fdd8ae2f20_0;
    %load/vec4 v000001fdd8ae4140_0;
    %store/vec4 v000001fdd8ae2d40_0, 0, 15;
    %store/vec4 v000001fdd8ae28e0_0, 0, 15;
    %store/vec4 v000001fdd8ae3240_0, 0, 1;
    %store/vec4 v000001fdd8ae48c0_0, 0, 1;
    %callf/vec4 TD_lambda_layer_v2.sqrt.custom_mux.compare_sign_mag, S_000001fdd8ae6450;
    %ix/load 4, 0, 0;
    %ix/load 5, 0, 0;
    %flag_set/imm 4, 0;
    %assign/vec4/off/d v000001fdd8ae3740_0, 4, 5;
    %load/vec4 v000001fdd8ae2c00_0;
    %load/vec4 v000001fdd8ae46e0_0;
    %load/vec4 v000001fdd8ae2f20_0;
    %load/vec4 v000001fdd8ae4500_0;
    %store/vec4 v000001fdd8ae2d40_0, 0, 15;
    %store/vec4 v000001fdd8ae28e0_0, 0, 15;
    %store/vec4 v000001fdd8ae3240_0, 0, 1;
    %store/vec4 v000001fdd8ae48c0_0, 0, 1;
    %callf/vec4 TD_lambda_layer_v2.sqrt.custom_mux.compare_sign_mag, S_000001fdd8ae6450;
    %ix/load 4, 1, 0;
    %ix/load 5, 0, 0;
    %flag_set/imm 4, 0;
    %assign/vec4/off/d v000001fdd8ae3740_0, 4, 5;
    %load/vec4 v000001fdd8ae2c00_0;
    %load/vec4 v000001fdd8ae4fa0_0;
    %load/vec4 v000001fdd8ae2f20_0;
    %load/vec4 v000001fdd8ae4e60_0;
    %store/vec4 v000001fdd8ae2d40_0, 0, 15;
    %store/vec4 v000001fdd8ae28e0_0, 0, 15;
    %store/vec4 v000001fdd8ae3240_0, 0, 1;
    %store/vec4 v000001fdd8ae48c0_0, 0, 1;
    %callf/vec4 TD_lambda_layer_v2.sqrt.custom_mux.compare_sign_mag, S_000001fdd8ae6450;
    %ix/load 4, 2, 0;
    %ix/load 5, 0, 0;
    %flag_set/imm 4, 0;
    %assign/vec4/off/d v000001fdd8ae3740_0, 4, 5;
    %load/vec4 v000001fdd8ae2c00_0;
    %load/vec4 v000001fdd8ae4b40_0;
    %load/vec4 v000001fdd8ae2f20_0;
    %load/vec4 v000001fdd8ae4aa0_0;
    %store/vec4 v000001fdd8ae2d40_0, 0, 15;
    %store/vec4 v000001fdd8ae28e0_0, 0, 15;
    %store/vec4 v000001fdd8ae3240_0, 0, 1;
    %store/vec4 v000001fdd8ae48c0_0, 0, 1;
    %callf/vec4 TD_lambda_layer_v2.sqrt.custom_mux.compare_sign_mag, S_000001fdd8ae6450;
    %ix/load 4, 3, 0;
    %ix/load 5, 0, 0;
    %flag_set/imm 4, 0;
    %assign/vec4/off/d v000001fdd8ae3740_0, 4, 5;
    %load/vec4 v000001fdd8ae2c00_0;
    %load/vec4 v000001fdd8ae5400_0;
    %load/vec4 v000001fdd8ae2f20_0;
    %load/vec4 v000001fdd8ae50e0_0;
    %store/vec4 v000001fdd8ae2d40_0, 0, 15;
    %store/vec4 v000001fdd8ae28e0_0, 0, 15;
    %store/vec4 v000001fdd8ae3240_0, 0, 1;
    %store/vec4 v000001fdd8ae48c0_0, 0, 1;
    %callf/vec4 TD_lambda_layer_v2.sqrt.custom_mux.compare_sign_mag, S_000001fdd8ae6450;
    %ix/load 4, 4, 0;
    %ix/load 5, 0, 0;
    %flag_set/imm 4, 0;
    %assign/vec4/off/d v000001fdd8ae3740_0, 4, 5;
    %load/vec4 v000001fdd8ae2c00_0;
    %load/vec4 v000001fdd8ae5180_0;
    %load/vec4 v000001fdd8ae2f20_0;
    %load/vec4 v000001fdd8ae5ea0_0;
    %store/vec4 v000001fdd8ae2d40_0, 0, 15;
    %store/vec4 v000001fdd8ae28e0_0, 0, 15;
    %store/vec4 v000001fdd8ae3240_0, 0, 1;
    %store/vec4 v000001fdd8ae48c0_0, 0, 1;
    %callf/vec4 TD_lambda_layer_v2.sqrt.custom_mux.compare_sign_mag, S_000001fdd8ae6450;
    %ix/load 4, 5, 0;
    %ix/load 5, 0, 0;
    %flag_set/imm 4, 0;
    %assign/vec4/off/d v000001fdd8ae3740_0, 4, 5;
    %load/vec4 v000001fdd8ae2c00_0;
    %load/vec4 v000001fdd8ae54a0_0;
    %load/vec4 v000001fdd8ae2f20_0;
    %load/vec4 v000001fdd8ae5680_0;
    %store/vec4 v000001fdd8ae2d40_0, 0, 15;
    %store/vec4 v000001fdd8ae28e0_0, 0, 15;
    %store/vec4 v000001fdd8ae3240_0, 0, 1;
    %store/vec4 v000001fdd8ae48c0_0, 0, 1;
    %callf/vec4 TD_lambda_layer_v2.sqrt.custom_mux.compare_sign_mag, S_000001fdd8ae6450;
    %ix/load 4, 6, 0;
    %ix/load 5, 0, 0;
    %flag_set/imm 4, 0;
    %assign/vec4/off/d v000001fdd8ae3740_0, 4, 5;
    %load/vec4 v000001fdd8ae2c00_0;
    %load/vec4 v000001fdd8ae59a0_0;
    %load/vec4 v000001fdd8ae2f20_0;
    %load/vec4 v000001fdd8ae52c0_0;
    %store/vec4 v000001fdd8ae2d40_0, 0, 15;
    %store/vec4 v000001fdd8ae28e0_0, 0, 15;
    %store/vec4 v000001fdd8ae3240_0, 0, 1;
    %store/vec4 v000001fdd8ae48c0_0, 0, 1;
    %callf/vec4 TD_lambda_layer_v2.sqrt.custom_mux.compare_sign_mag, S_000001fdd8ae6450;
    %ix/load 4, 7, 0;
    %ix/load 5, 0, 0;
    %flag_set/imm 4, 0;
    %assign/vec4/off/d v000001fdd8ae3740_0, 4, 5;
T_9.1 ;
    %jmp T_9;
    .thread T_9;
    .scope S_000001fdd8a6b5f0;
T_10 ;
    %wait E_000001fdd89f0740;
    %load/vec4 v000001fdd8ae3880_0;
    %flag_set/vec4 8;
    %jmp/0xz  T_10.0, 8;
    %pushi/vec4 0, 0, 16;
    %assign/vec4 v000001fdd8ae25c0_0, 0;
    %pushi/vec4 0, 0, 16;
    %assign/vec4 v000001fdd8ae2de0_0, 0;
    %jmp T_10.1;
T_10.0 ;
    %load/vec4 v000001fdd8ae3740_0;
    %parti/s 1, 3, 3;
    %flag_set/vec4 8;
    %jmp/0xz  T_10.2, 8;
    %load/vec4 v000001fdd8ae3740_0;
    %parti/s 1, 1, 2;
    %flag_set/vec4 8;
    %jmp/0xz  T_10.4, 8;
    %load/vec4 v000001fdd8ae3740_0;
    %parti/s 1, 0, 2;
    %flag_set/vec4 8;
    %jmp/0xz  T_10.6, 8;
    %load/vec4 v000001fdd8ae37e0_0;
    %assign/vec4 v000001fdd8ae25c0_0, 0;
    %load/vec4 v000001fdd8ae4a00_0;
    %assign/vec4 v000001fdd8ae2de0_0, 0;
    %jmp T_10.7;
T_10.6 ;
    %load/vec4 v000001fdd8ae3e20_0;
    %assign/vec4 v000001fdd8ae25c0_0, 0;
    %load/vec4 v000001fdd8ae4640_0;
    %assign/vec4 v000001fdd8ae2de0_0, 0;
T_10.7 ;
    %jmp T_10.5;
T_10.4 ;
    %load/vec4 v000001fdd8ae3740_0;
    %parti/s 1, 2, 3;
    %flag_set/vec4 8;
    %jmp/0xz  T_10.8, 8;
    %load/vec4 v000001fdd8ae3ec0_0;
    %assign/vec4 v000001fdd8ae25c0_0, 0;
    %load/vec4 v000001fdd8ae3560_0;
    %assign/vec4 v000001fdd8ae2de0_0, 0;
    %jmp T_10.9;
T_10.8 ;
    %load/vec4 v000001fdd8ae27a0_0;
    %assign/vec4 v000001fdd8ae25c0_0, 0;
    %load/vec4 v000001fdd8ae3600_0;
    %assign/vec4 v000001fdd8ae2de0_0, 0;
T_10.9 ;
T_10.5 ;
    %jmp T_10.3;
T_10.2 ;
    %load/vec4 v000001fdd8ae3740_0;
    %parti/s 1, 5, 4;
    %flag_set/vec4 8;
    %jmp/0xz  T_10.10, 8;
    %load/vec4 v000001fdd8ae3740_0;
    %parti/s 1, 4, 4;
    %flag_set/vec4 8;
    %jmp/0xz  T_10.12, 8;
    %load/vec4 v000001fdd8ae4000_0;
    %assign/vec4 v000001fdd8ae25c0_0, 0;
    %load/vec4 v000001fdd8ae3380_0;
    %assign/vec4 v000001fdd8ae2de0_0, 0;
    %jmp T_10.13;
T_10.12 ;
    %load/vec4 v000001fdd8ae4460_0;
    %assign/vec4 v000001fdd8ae25c0_0, 0;
    %load/vec4 v000001fdd8ae2e80_0;
    %assign/vec4 v000001fdd8ae2de0_0, 0;
T_10.13 ;
    %jmp T_10.11;
T_10.10 ;
    %load/vec4 v000001fdd8ae3740_0;
    %parti/s 1, 6, 4;
    %flag_set/vec4 8;
    %jmp/0xz  T_10.14, 8;
    %load/vec4 v000001fdd8ae2ca0_0;
    %assign/vec4 v000001fdd8ae25c0_0, 0;
    %load/vec4 v000001fdd8ae2b60_0;
    %assign/vec4 v000001fdd8ae2de0_0, 0;
    %jmp T_10.15;
T_10.14 ;
    %load/vec4 v000001fdd8ae3740_0;
    %parti/s 1, 7, 4;
    %flag_set/vec4 8;
    %jmp/0xz  T_10.16, 8;
    %load/vec4 v000001fdd8ae2520_0;
    %assign/vec4 v000001fdd8ae25c0_0, 0;
    %load/vec4 v000001fdd8ae36a0_0;
    %assign/vec4 v000001fdd8ae2de0_0, 0;
    %jmp T_10.17;
T_10.16 ;
    %load/vec4 v000001fdd8ae40a0_0;
    %assign/vec4 v000001fdd8ae25c0_0, 0;
    %load/vec4 v000001fdd8ae4280_0;
    %assign/vec4 v000001fdd8ae2de0_0, 0;
T_10.17 ;
T_10.15 ;
T_10.11 ;
T_10.3 ;
T_10.1 ;
    %jmp T_10;
    .thread T_10;
    .scope S_000001fdd8a0ed20;
T_11 ;
    %wait E_000001fdd89f0740;
    %load/vec4 v000001fdd8ae8010_0;
    %flag_set/vec4 8;
    %jmp/0xz  T_11.0, 8;
    %pushi/vec4 0, 0, 16;
    %assign/vec4 v000001fdd8ae6080_0, 0;
    %pushi/vec4 0, 0, 16;
    %assign/vec4 v000001fdd8ae5860_0, 0;
    %jmp T_11.1;
T_11.0 ;
    %load/vec4 v000001fdd8ae4dc0_0;
    %assign/vec4 v000001fdd8ae6080_0, 0;
    %load/vec4 v000001fdd8ae6080_0;
    %assign/vec4 v000001fdd8ae5860_0, 0;
T_11.1 ;
    %jmp T_11;
    .thread T_11;
    .scope S_000001fdd8a0ed20;
T_12 ;
    %wait E_000001fdd89f0740;
    %load/vec4 v000001fdd8ae8010_0;
    %flag_set/vec4 8;
    %jmp/0xz  T_12.0, 8;
    %pushi/vec4 0, 0, 16;
    %assign/vec4 v000001fdd8ae7bb0_0, 0;
    %pushi/vec4 0, 0, 16;
    %assign/vec4 v000001fdd8ae5b80_0, 0;
    %jmp T_12.1;
T_12.0 ;
    %load/vec4 v000001fdd8ae6cb0_0;
    %assign/vec4 v000001fdd8ae7bb0_0, 0;
    %load/vec4 v000001fdd8ae5720_0;
    %assign/vec4 v000001fdd8ae5b80_0, 0;
T_12.1 ;
    %jmp T_12;
    .thread T_12;
    .scope S_000001fdd898c050;
T_13 ;
    %pushi/vec4 0, 0, 1;
    %store/vec4 v000001fdd8ad9e60_0, 0, 1;
    %pushi/vec4 3791708673, 0, 73;
    %concati/vec4 3322004993, 0, 32;
    %concati/vec4 3322063362, 0, 32;
    %concati/vec4 2852301314, 0, 32;
    %concati/vec4 2852359683, 0, 32;
    %concati/vec4 2382597635, 0, 32;
    %concati/vec4 2382597636, 0, 32;
    %concati/vec4 3758678024, 0, 33;
    %concati/vec4 3758678024, 0, 32;
    %concati/vec4 3758794762, 0, 32;
    %concati/vec4 2819270666, 0, 32;
    %concati/vec4 2819387404, 0, 32;
    %concati/vec4 3759726620, 0, 33;
    %concati/vec4 3761823808, 0, 33;
    %concati/vec4 1024, 0, 20;
    %store/vec4 v000001fdd8ad8920_0, 0, 512;
    %end;
    .thread T_13;
    .scope S_000001fdd898c050;
T_14 ;
    %wait E_000001fdd89f0740;
    %load/vec4 v000001fdd8ad95a0_0;
    %flag_set/vec4 8;
    %jmp/0xz  T_14.0, 8;
    %pushi/vec4 0, 0, 16;
    %assign/vec4 v000001fdd8ad96e0_0, 0;
    %jmp T_14.1;
T_14.0 ;
    %load/vec4 v000001fdd8ad8920_0;
    %load/vec4 v000001fdd8ad8d80_0;
    %pad/u 32;
    %muli 16, 0, 32;
    %part/u 16;
    %store/vec4 v000001fdd8ad96e0_0, 0, 16;
T_14.1 ;
    %jmp T_14;
    .thread T_14;
    .scope S_000001fdd898c050;
T_15 ;
    %wait E_000001fdd89f0740;
    %load/vec4 v000001fdd8ad9e60_0;
    %nor/r;
    %flag_set/vec4 8;
    %jmp/0xz  T_15.0, 8;
    %load/vec4 v000001fdd8ad89c0_0;
    %assign/vec4 v000001fdd8ad8d80_0, 0;
    %pushi/vec4 1, 0, 1;
    %store/vec4 v000001fdd8ad9e60_0, 0, 1;
    %jmp T_15.1;
T_15.0 ;
    %load/vec4 v000001fdd8ad95a0_0;
    %flag_set/vec4 8;
    %jmp/0xz  T_15.2, 8;
    %load/vec4 v000001fdd8ad89c0_0;
    %assign/vec4 v000001fdd8ad8d80_0, 0;
    %jmp T_15.3;
T_15.2 ;
    %load/vec4 v000001fdd8ad8d80_0;
    %load/vec4 v000001fdd8ad8d80_0;
    %ix/load 4, 4, 0;
    %flag_set/imm 4, 0;
    %shiftl 4;
    %xor;
    %addi 3, 0, 5;
    %assign/vec4 v000001fdd8ad8d80_0, 0;
T_15.3 ;
T_15.1 ;
    %load/vec4 v000001fdd8ad8d80_0;
    %store/vec4 v000001fdd8ad8600_0, 0, 5;
    %jmp T_15;
    .thread T_15;
    .scope S_000001fdd8954720;
T_16 ;
    %pushi/vec4 26, 0, 5;
    %store/vec4 v000001fdd8ae6f30_0, 0, 5;
    %pushi/vec4 0, 0, 4;
    %store/vec4 v000001fdd8ae8650_0, 0, 4;
    %pushi/vec4 0, 0, 1;
    %store/vec4 v000001fdd8ae6e90_0, 0, 1;
    %end;
    .thread T_16;
    .scope S_000001fdd8954720;
T_17 ;
    %wait E_000001fdd89efb00;
    %load/vec4 v000001fdd8ae7930_0;
    %flag_set/vec4 8;
    %jmp/0xz  T_17.0, 8;
    %pushi/vec4 0, 0, 16;
    %assign/vec4 v000001fdd8ae6850_0, 0;
    %pushi/vec4 0, 0, 16;
    %assign/vec4 v000001fdd8ae81f0_0, 0;
    %pushi/vec4 0, 0, 16;
    %assign/vec4 v000001fdd8ae6a30_0, 0;
    %jmp T_17.1;
T_17.0 ;
    %load/vec4 v000001fdd8ae8830_0;
    %assign/vec4 v000001fdd8ae6850_0, 0;
    %load/vec4 v000001fdd8ae77f0_0;
    %assign/vec4 v000001fdd8ae81f0_0, 0;
    %load/vec4 v000001fdd8ae8ab0_0;
    %assign/vec4 v000001fdd8ae6a30_0, 0;
T_17.1 ;
    %jmp T_17;
    .thread T_17;
    .scope S_000001fdd8954720;
T_18 ;
    %wait E_000001fdd89efb00;
    %load/vec4 v000001fdd8ae7930_0;
    %flag_set/vec4 8;
    %jmp/0xz  T_18.0, 8;
    %pushi/vec4 0, 0, 16;
    %assign/vec4 v000001fdd8ae8b50_0, 0;
    %pushi/vec4 0, 0, 16;
    %assign/vec4 v000001fdd8ae7a70_0, 0;
    %jmp T_18.1;
T_18.0 ;
    %load/vec4 v000001fdd8ae7c50_0;
    %assign/vec4 v000001fdd8ae8b50_0, 0;
    %load/vec4 v000001fdd8ae6a30_0;
    %assign/vec4 v000001fdd8ae7a70_0, 0;
T_18.1 ;
    %jmp T_18;
    .thread T_18;
    .scope S_000001fdd8954720;
T_19 ;
    %wait E_000001fdd89efb00;
    %load/vec4 v000001fdd8ae7930_0;
    %flag_set/vec4 8;
    %jmp/0xz  T_19.0, 8;
    %pushi/vec4 0, 0, 16;
    %assign/vec4 v000001fdd8ae7250_0, 0;
    %jmp T_19.1;
T_19.0 ;
    %load/vec4 v000001fdd8ae7890_0;
    %assign/vec4 v000001fdd8ae7250_0, 0;
T_19.1 ;
    %jmp T_19;
    .thread T_19;
    .scope S_000001fdd8954720;
T_20 ;
    %wait E_000001fdd89efb00;
    %load/vec4 v000001fdd8ae7930_0;
    %flag_set/vec4 8;
    %jmp/0xz  T_20.0, 8;
    %pushi/vec4 0, 0, 4;
    %assign/vec4 v000001fdd8ae8650_0, 0;
    %pushi/vec4 0, 0, 1;
    %assign/vec4 v000001fdd8ae6e90_0, 0;
    %jmp T_20.1;
T_20.0 ;
    %load/vec4 v000001fdd8ae8650_0;
    %pad/u 32;
    %cmpi/u 10, 0, 32;
    %jmp/0xz  T_20.2, 5;
    %load/vec4 v000001fdd8ae8650_0;
    %addi 1, 0, 4;
    %assign/vec4 v000001fdd8ae8650_0, 0;
    %load/vec4 v000001fdd8ae8650_0;
    %pad/u 32;
    %cmpi/e 9, 0, 32;
    %jmp/0xz  T_20.4, 4;
    %pushi/vec4 1, 0, 1;
    %assign/vec4 v000001fdd8ae6e90_0, 0;
    %jmp T_20.5;
T_20.4 ;
    %pushi/vec4 0, 0, 1;
    %assign/vec4 v000001fdd8ae6e90_0, 0;
T_20.5 ;
    %jmp T_20.3;
T_20.2 ;
    %pushi/vec4 1, 0, 1;
    %assign/vec4 v000001fdd8ae6e90_0, 0;
T_20.3 ;
T_20.1 ;
    %jmp T_20;
    .thread T_20;
# The file index is used to find the file name in the following table.
:file_names 10;
    "N/A";
    "<interactive>";
    "lambda_layer_v2.v";
    "./fixed_point_add.v";
    "./delay3cc_v2.v";
    "./fixed_point_multiply.v";
    "./PRNG.v";
    "./softplus_8slice_piped_v2.v";
    "./compare_8float_v2.v";
    "./squareroot_piped_v2.v";
