#! /c/Source/iverilog-install/bin/vvp
:ivl_version "12.0 (devel)" "(s20150603-1539-g2693dd32b)";
:ivl_delay_selection "TYPICAL";
:vpi_time_precision + 0;
:vpi_module "C:\iverilog\lib\ivl\system.vpi";
:vpi_module "C:\iverilog\lib\ivl\vhdl_sys.vpi";
:vpi_module "C:\iverilog\lib\ivl\vhdl_textio.vpi";
:vpi_module "C:\iverilog\lib\ivl\v2005_math.vpi";
:vpi_module "C:\iverilog\lib\ivl\va_math.vpi";
S_000001eefdb727f0 .scope module, "PRNG" "PRNG" 2 1;
 .timescale 0 0;
    .port_info 0 /INPUT 1 "clk";
    .port_info 1 /INPUT 1 "rst";
    .port_info 2 /INPUT 5 "seed";
    .port_info 3 /OUTPUT 16 "random_out";
    .port_info 4 /OUTPUT 5 "statee";
o000001eefdbaaf18 .functor BUFZ 1, C4<z>; HiZ drive
v000001eefdb72e50_0 .net "clk", 0 0, o000001eefdbaaf18;  0 drivers
v000001eefdb5be60_0 .var "epsilon_LUT", 511 0;
v000001eefdb72980_0 .var "initialize", 0 0;
v000001eefdb72a20_0 .var "random_out", 15 0;
o000001eefdbaafd8 .functor BUFZ 1, C4<z>; HiZ drive
v000001eefdb72ac0_0 .net "rst", 0 0, o000001eefdbaafd8;  0 drivers
o000001eefdbab008 .functor BUFZ 5, C4<zzzzz>; HiZ drive
v000001eefdb72b60_0 .net "seed", 4 0, o000001eefdbab008;  0 drivers
v000001eefdba38e0_0 .var "state", 4 0;
v000001eefdba3980_0 .var "statee", 4 0;
E_000001eefdba8670 .event posedge, v000001eefdb72ac0_0, v000001eefdb72e50_0;
    .scope S_000001eefdb727f0;
T_0 ;
    %pushi/vec4 0, 0, 1;
    %store/vec4 v000001eefdb72980_0, 0, 1;
    %pushi/vec4 3791708673, 0, 73;
    %concati/vec4 3322004993, 0, 32;
    %concati/vec4 3322063362, 0, 32;
    %concati/vec4 2852301314, 0, 32;
    %concati/vec4 2852359683, 0, 32;
    %concati/vec4 2382597635, 0, 32;
    %concati/vec4 2382597636, 0, 32;
    %concati/vec4 3758678024, 0, 33;
    %concati/vec4 3758678024, 0, 32;
    %concati/vec4 3758794762, 0, 32;
    %concati/vec4 2819270666, 0, 32;
    %concati/vec4 2819387404, 0, 32;
    %concati/vec4 3759726620, 0, 33;
    %concati/vec4 3761823808, 0, 33;
    %concati/vec4 1024, 0, 20;
    %store/vec4 v000001eefdb5be60_0, 0, 512;
    %end;
    .thread T_0;
    .scope S_000001eefdb727f0;
T_1 ;
    %wait E_000001eefdba8670;
    %load/vec4 v000001eefdb72ac0_0;
    %flag_set/vec4 8;
    %jmp/0xz  T_1.0, 8;
    %pushi/vec4 0, 0, 16;
    %assign/vec4 v000001eefdb72a20_0, 0;
    %jmp T_1.1;
T_1.0 ;
    %load/vec4 v000001eefdb5be60_0;
    %load/vec4 v000001eefdba38e0_0;
    %pad/u 32;
    %muli 16, 0, 32;
    %part/u 16;
    %store/vec4 v000001eefdb72a20_0, 0, 16;
T_1.1 ;
    %jmp T_1;
    .thread T_1;
    .scope S_000001eefdb727f0;
T_2 ;
    %wait E_000001eefdba8670;
    %load/vec4 v000001eefdb72980_0;
    %nor/r;
    %flag_set/vec4 8;
    %jmp/0xz  T_2.0, 8;
    %load/vec4 v000001eefdb72b60_0;
    %assign/vec4 v000001eefdba38e0_0, 0;
    %pushi/vec4 1, 0, 1;
    %store/vec4 v000001eefdb72980_0, 0, 1;
    %jmp T_2.1;
T_2.0 ;
    %load/vec4 v000001eefdb72ac0_0;
    %flag_set/vec4 8;
    %jmp/0xz  T_2.2, 8;
    %load/vec4 v000001eefdb72b60_0;
    %assign/vec4 v000001eefdba38e0_0, 0;
    %jmp T_2.3;
T_2.2 ;
    %load/vec4 v000001eefdba38e0_0;
    %load/vec4 v000001eefdba38e0_0;
    %ix/load 4, 4, 0;
    %flag_set/imm 4, 0;
    %shiftl 4;
    %xor;
    %addi 3, 0, 5;
    %assign/vec4 v000001eefdba38e0_0, 0;
T_2.3 ;
T_2.1 ;
    %load/vec4 v000001eefdba38e0_0;
    %store/vec4 v000001eefdba3980_0, 0, 5;
    %jmp T_2;
    .thread T_2;
# The file index is used to find the file name in the following table.
:file_names 3;
    "N/A";
    "<interactive>";
    "PRNG.v";
