#! /c/Source/iverilog-install/bin/vvp
:ivl_version "12.0 (devel)" "(s20150603-1539-g2693dd32b)";
:ivl_delay_selection "TYPICAL";
:vpi_time_precision + 0;
:vpi_module "C:\iverilog\lib\ivl\system.vpi";
:vpi_module "C:\iverilog\lib\ivl\vhdl_sys.vpi";
:vpi_module "C:\iverilog\lib\ivl\vhdl_textio.vpi";
:vpi_module "C:\iverilog\lib\ivl\v2005_math.vpi";
:vpi_module "C:\iverilog\lib\ivl\va_math.vpi";
S_0000018c111d2510 .scope module, "peak_detector" "peak_detector" 2 2;
 .timescale 0 0;
    .port_info 0 /INPUT 1 "clk";
    .port_info 1 /INPUT 1 "rst";
    .port_info 2 /INPUT 16 "data_in";
    .port_info 3 /OUTPUT 1 "peak_detected";
    .port_info 4 /OUTPUT 16 "current_threshold";
P_0000018c111d26a0 .param/l "ADAPTATION_WINDOW" 0 2 12, +C4<00000000000000000000000001100100>;
P_0000018c111d26d8 .param/l "MAX_THRESHOLD" 0 2 15, C4<0000110110011010>;
P_0000018c111d2710 .param/l "MIN_DISTANCE" 0 2 11, +C4<00000000000000000000000000110010>;
P_0000018c111d2748 .param/l "MIN_THRESHOLD" 0 2 14, C4<0000000110011010>;
P_0000018c111d2780 .param/l "THRESHOLD_MULTIPLIER" 0 2 13, C4<0000010110011010>;
P_0000018c111d27b8 .param/l "WINDOW_SIZE" 0 2 10, +C4<00000000000000000000000000011001>;
L_0000018c11214aa0 .functor BUFZ 16, v0000018c112710f0_0, C4<0000000000000000>, C4<0000000000000000>, C4<0000000000000000>;
v0000018c11270970 .array "adaptation_buffer", 99 0, 15 0;
v0000018c11270ab0_0 .var "adaptation_counter", 10 0;
v0000018c112710f0_0 .var "adaptive_threshold", 15 0;
o0000018c11222368 .functor BUFZ 1, C4<z>; HiZ drive
v0000018c11270a10_0 .net "clk", 0 0, o0000018c11222368;  0 drivers
v0000018c11270b50_0 .net "current_threshold", 15 0, L_0000018c11214aa0;  1 drivers
o0000018c112223c8 .functor BUFZ 16, C4<zzzzzzzzzzzzzzzz>; HiZ drive
v0000018c11270fb0_0 .net "data_in", 15 0, o0000018c112223c8;  0 drivers
v0000018c11271410_0 .var "distance_counter", 10 0;
v0000018c112714b0_0 .var/i "i", 31 0;
v0000018c11270f10_0 .var "is_max", 0 0;
v0000018c11270d30_0 .var "max_value", 15 0;
v0000018c112705b0_0 .var "mean_value", 15 0;
v0000018c11270bf0_0 .var "peak_detected", 0 0;
o0000018c11222518 .functor BUFZ 1, C4<z>; HiZ drive
v0000018c11270dd0_0 .net "rst", 0 0, o0000018c11222518;  0 drivers
v0000018c112706f0_0 .var "sample_counter", 10 0;
v0000018c11271050_0 .var "std_estimate", 15 0;
v0000018c11270c90_0 .var "sum_accumulator", 31 0;
v0000018c112712d0 .array "window_buffer", 24 0, 15 0;
E_0000018c111fc790 .event posedge, v0000018c11270dd0_0, v0000018c11270a10_0;
S_0000018c111d2800 .scope function.vec4.s16, "fp_add" "fp_add" 2 66, 2 66 0, S_0000018c111d2510;
 .timescale 0 0;
v0000018c111d2b90_0 .var "a", 15 0;
v0000018c112045d0_0 .var "b", 15 0;
; Variable fp_add is vec4 return value of scope S_0000018c111d2800
v0000018c11204710_0 .var "temp_sum", 31 0;
TD_peak_detector.fp_add ;
    %pushi/vec4 0, 0, 16;
    %load/vec4 v0000018c111d2b90_0;
    %concat/vec4; draw_concat_vec4
    %pushi/vec4 0, 0, 16;
    %load/vec4 v0000018c112045d0_0;
    %concat/vec4; draw_concat_vec4
    %add;
    %store/vec4 v0000018c11204710_0, 0, 32;
    %load/vec4 v0000018c11204710_0;
    %parti/s 16, 0, 2;
    %ret/vec4 0, 0, 16;  Assign to fp_add (store_vec4_to_lval)
    %end;
S_0000018c1126fca0 .scope function.vec4.s16, "fp_mult" "fp_mult" 2 79, 2 79 0, S_0000018c111d2510;
 .timescale 0 0;
v0000018c112047b0_0 .var "a", 15 0;
v0000018c11204850_0 .var "b", 15 0;
; Variable fp_mult is vec4 return value of scope S_0000018c1126fca0
v0000018c1126fed0_0 .var "temp_mult", 31 0;
TD_peak_detector.fp_mult ;
    %load/vec4 v0000018c112047b0_0;
    %pad/u 32;
    %load/vec4 v0000018c11204850_0;
    %pad/u 32;
    %mul;
    %store/vec4 v0000018c1126fed0_0, 0, 32;
    %load/vec4 v0000018c1126fed0_0;
    %parti/s 16, 0, 2;
    %ret/vec4 0, 0, 16;  Assign to fp_mult (store_vec4_to_lval)
    %end;
S_0000018c1126ff70 .scope function.vec4.s1, "is_greater" "is_greater" 2 40, 2 40 0, S_0000018c111d2510;
 .timescale 0 0;
v0000018c11270100_0 .var "a", 15 0;
v0000018c112701a0_0 .var "a_int", 3 0;
v0000018c11270240_0 .var "a_man", 10 0;
v0000018c112702e0_0 .var "a_sign", 0 0;
v0000018c11270380_0 .var "b", 15 0;
v0000018c11270420_0 .var "b_int", 3 0;
v0000018c112704c0_0 .var "b_man", 10 0;
v0000018c11271190_0 .var "b_sign", 0 0;
; Variable is_greater is vec4 return value of scope S_0000018c1126ff70
TD_peak_detector.is_greater ;
    %load/vec4 v0000018c11270100_0;
    %parti/s 1, 15, 5;
    %store/vec4 v0000018c112702e0_0, 0, 1;
    %load/vec4 v0000018c11270380_0;
    %parti/s 1, 15, 5;
    %store/vec4 v0000018c11271190_0, 0, 1;
    %load/vec4 v0000018c11270100_0;
    %parti/s 4, 11, 5;
    %store/vec4 v0000018c112701a0_0, 0, 4;
    %load/vec4 v0000018c11270380_0;
    %parti/s 4, 11, 5;
    %store/vec4 v0000018c11270420_0, 0, 4;
    %load/vec4 v0000018c11270100_0;
    %parti/s 11, 0, 2;
    %store/vec4 v0000018c11270240_0, 0, 11;
    %load/vec4 v0000018c11270380_0;
    %parti/s 11, 0, 2;
    %store/vec4 v0000018c112704c0_0, 0, 11;
    %load/vec4 v0000018c112702e0_0;
    %load/vec4 v0000018c11271190_0;
    %cmp/ne;
    %jmp/0xz  T_2.0, 4;
    %load/vec4 v0000018c11271190_0;
    %pad/u 32;
    %pushi/vec4 1, 0, 32;
    %cmp/e;
    %flag_get/vec4 4;
    %ret/vec4 0, 0, 1;  Assign to is_greater (store_vec4_to_lval)
    %jmp T_2.1;
T_2.0 ;
    %load/vec4 v0000018c112701a0_0;
    %load/vec4 v0000018c11270420_0;
    %cmp/ne;
    %jmp/0xz  T_2.2, 4;
    %load/vec4 v0000018c11270420_0;
    %load/vec4 v0000018c112701a0_0;
    %cmp/u;
    %flag_get/vec4 5;
    %load/vec4 v0000018c112702e0_0;
    %xor;
    %ret/vec4 0, 0, 1;  Assign to is_greater (store_vec4_to_lval)
    %jmp T_2.3;
T_2.2 ;
    %load/vec4 v0000018c112704c0_0;
    %load/vec4 v0000018c11270240_0;
    %cmp/u;
    %flag_get/vec4 5;
    %load/vec4 v0000018c112702e0_0;
    %xor;
    %ret/vec4 0, 0, 1;  Assign to is_greater (store_vec4_to_lval)
T_2.3 ;
T_2.1 ;
    %end;
    .scope S_0000018c111d2510;
T_3 ;
    %wait E_0000018c111fc790;
    %load/vec4 v0000018c11270dd0_0;
    %flag_set/vec4 8;
    %jmp/0xz  T_3.0, 8;
    %pushi/vec4 0, 0, 32;
    %store/vec4 v0000018c112714b0_0, 0, 32;
T_3.2 ;
    %load/vec4 v0000018c112714b0_0;
    %cmpi/s 25, 0, 32;
    %jmp/0xz T_3.3, 5;
    %pushi/vec4 0, 0, 16;
    %ix/getv/s 3, v0000018c112714b0_0;
    %ix/load 4, 0, 0; Constant delay
    %assign/vec4/a/d v0000018c112712d0, 0, 4;
    %load/vec4 v0000018c112714b0_0;
    %addi 1, 0, 32;
    %store/vec4 v0000018c112714b0_0, 0, 32;
    %jmp T_3.2;
T_3.3 ;
    %pushi/vec4 0, 0, 32;
    %store/vec4 v0000018c112714b0_0, 0, 32;
T_3.4 ;
    %load/vec4 v0000018c112714b0_0;
    %cmpi/s 100, 0, 32;
    %jmp/0xz T_3.5, 5;
    %pushi/vec4 0, 0, 16;
    %ix/getv/s 3, v0000018c112714b0_0;
    %ix/load 4, 0, 0; Constant delay
    %assign/vec4/a/d v0000018c11270970, 0, 4;
    %load/vec4 v0000018c112714b0_0;
    %addi 1, 0, 32;
    %store/vec4 v0000018c112714b0_0, 0, 32;
    %jmp T_3.4;
T_3.5 ;
    %pushi/vec4 0, 0, 11;
    %assign/vec4 v0000018c112706f0_0, 0;
    %pushi/vec4 0, 0, 11;
    %assign/vec4 v0000018c11271410_0, 0;
    %pushi/vec4 0, 0, 11;
    %assign/vec4 v0000018c11270ab0_0, 0;
    %pushi/vec4 410, 0, 16;
    %assign/vec4 v0000018c112710f0_0, 0;
    %pushi/vec4 0, 0, 32;
    %assign/vec4 v0000018c11270c90_0, 0;
    %pushi/vec4 0, 0, 16;
    %assign/vec4 v0000018c112705b0_0, 0;
    %pushi/vec4 0, 0, 16;
    %assign/vec4 v0000018c11270d30_0, 0;
    %pushi/vec4 0, 0, 16;
    %assign/vec4 v0000018c11271050_0, 0;
    %pushi/vec4 0, 0, 1;
    %assign/vec4 v0000018c11270bf0_0, 0;
    %jmp T_3.1;
T_3.0 ;
    %pushi/vec4 24, 0, 32;
    %store/vec4 v0000018c112714b0_0, 0, 32;
T_3.6 ;
    %load/vec4 v0000018c112714b0_0;
    %cmpi/s 0, 0, 32;
    %flag_or 5, 4; GT is !LE
    %flag_inv 5;
    %jmp/0xz T_3.7, 5;
    %load/vec4 v0000018c112714b0_0;
    %subi 1, 0, 32;
    %ix/vec4/s 4;
    %load/vec4a v0000018c112712d0, 4;
    %ix/getv/s 3, v0000018c112714b0_0;
    %ix/load 4, 0, 0; Constant delay
    %assign/vec4/a/d v0000018c112712d0, 0, 4;
    %load/vec4 v0000018c112714b0_0;
    %subi 1, 0, 32;
    %store/vec4 v0000018c112714b0_0, 0, 32;
    %jmp T_3.6;
T_3.7 ;
    %load/vec4 v0000018c11270fb0_0;
    %ix/load 3, 0, 0;
    %flag_set/imm 4, 0;
    %ix/load 4, 0, 0; Constant delay
    %assign/vec4/a/d v0000018c112712d0, 0, 4;
    %pushi/vec4 99, 0, 32;
    %store/vec4 v0000018c112714b0_0, 0, 32;
T_3.8 ;
    %load/vec4 v0000018c112714b0_0;
    %cmpi/s 0, 0, 32;
    %flag_or 5, 4; GT is !LE
    %flag_inv 5;
    %jmp/0xz T_3.9, 5;
    %load/vec4 v0000018c112714b0_0;
    %subi 1, 0, 32;
    %ix/vec4/s 4;
    %load/vec4a v0000018c11270970, 4;
    %ix/getv/s 3, v0000018c112714b0_0;
    %ix/load 4, 0, 0; Constant delay
    %assign/vec4/a/d v0000018c11270970, 0, 4;
    %load/vec4 v0000018c112714b0_0;
    %subi 1, 0, 32;
    %store/vec4 v0000018c112714b0_0, 0, 32;
    %jmp T_3.8;
T_3.9 ;
    %load/vec4 v0000018c11270fb0_0;
    %ix/load 3, 0, 0;
    %flag_set/imm 4, 0;
    %ix/load 4, 0, 0; Constant delay
    %assign/vec4/a/d v0000018c11270970, 0, 4;
    %load/vec4 v0000018c11270ab0_0;
    %pad/u 32;
    %cmpi/u 100, 0, 32;
    %flag_inv 5; GE is !LT
    %jmp/0xz  T_3.10, 5;
    %pushi/vec4 0, 0, 32;
    %store/vec4 v0000018c11270c90_0, 0, 32;
    %ix/load 4, 0, 0;
    %flag_set/imm 4, 0;
    %load/vec4a v0000018c11270970, 4;
    %store/vec4 v0000018c11270d30_0, 0, 16;
    %pushi/vec4 0, 0, 32;
    %store/vec4 v0000018c112714b0_0, 0, 32;
T_3.12 ;
    %load/vec4 v0000018c112714b0_0;
    %cmpi/s 100, 0, 32;
    %jmp/0xz T_3.13, 5;
    %load/vec4 v0000018c11270c90_0;
    %pushi/vec4 0, 0, 16;
    %ix/getv/s 4, v0000018c112714b0_0;
    %load/vec4a v0000018c11270970, 4;
    %concat/vec4; draw_concat_vec4
    %add;
    %store/vec4 v0000018c11270c90_0, 0, 32;
    %ix/getv/s 4, v0000018c112714b0_0;
    %load/vec4a v0000018c11270970, 4;
    %load/vec4 v0000018c11270d30_0;
    %store/vec4 v0000018c11270380_0, 0, 16;
    %store/vec4 v0000018c11270100_0, 0, 16;
    %callf/vec4 TD_peak_detector.is_greater, S_0000018c1126ff70;
    %flag_set/vec4 8;
    %jmp/0xz  T_3.14, 8;
    %ix/getv/s 4, v0000018c112714b0_0;
    %load/vec4a v0000018c11270970, 4;
    %store/vec4 v0000018c11270d30_0, 0, 16;
T_3.14 ;
    %load/vec4 v0000018c112714b0_0;
    %addi 1, 0, 32;
    %store/vec4 v0000018c112714b0_0, 0, 32;
    %jmp T_3.12;
T_3.13 ;
    %load/vec4 v0000018c11270c90_0;
    %parti/s 16, 0, 2;
    %ix/load 4, 8, 0;
    %flag_set/imm 4, 0;
    %shiftr 4;
    %store/vec4 v0000018c112705b0_0, 0, 16;
    %load/vec4 v0000018c11270d30_0;
    %load/vec4 v0000018c112705b0_0;
    %store/vec4 v0000018c11270380_0, 0, 16;
    %store/vec4 v0000018c11270100_0, 0, 16;
    %callf/vec4 TD_peak_detector.is_greater, S_0000018c1126ff70;
    %flag_set/vec4 8;
    %jmp/0xz  T_3.16, 8;
    %load/vec4 v0000018c11270d30_0;
    %load/vec4 v0000018c112705b0_0;
    %sub;
    %ix/load 4, 2, 0;
    %flag_set/imm 4, 0;
    %shiftr 4;
    %store/vec4 v0000018c11271050_0, 0, 16;
    %jmp T_3.17;
T_3.16 ;
    %pushi/vec4 410, 0, 16;
    %store/vec4 v0000018c11271050_0, 0, 16;
T_3.17 ;
    %load/vec4 v0000018c112705b0_0;
    %load/vec4 v0000018c11271050_0;
    %ix/load 4, 1, 0;
    %flag_set/imm 4, 0;
    %shiftl 4;
    %store/vec4 v0000018c112045d0_0, 0, 16;
    %store/vec4 v0000018c111d2b90_0, 0, 16;
    %callf/vec4 TD_peak_detector.fp_add, S_0000018c111d2800;
    %store/vec4 v0000018c112710f0_0, 0, 16;
    %pushi/vec4 410, 0, 16;
    %load/vec4 v0000018c112710f0_0;
    %store/vec4 v0000018c11270380_0, 0, 16;
    %store/vec4 v0000018c11270100_0, 0, 16;
    %callf/vec4 TD_peak_detector.is_greater, S_0000018c1126ff70;
    %flag_set/vec4 8;
    %jmp/0xz  T_3.18, 8;
    %pushi/vec4 410, 0, 16;
    %store/vec4 v0000018c112710f0_0, 0, 16;
    %jmp T_3.19;
T_3.18 ;
    %load/vec4 v0000018c112710f0_0;
    %pushi/vec4 3482, 0, 16;
    %store/vec4 v0000018c11270380_0, 0, 16;
    %store/vec4 v0000018c11270100_0, 0, 16;
    %callf/vec4 TD_peak_detector.is_greater, S_0000018c1126ff70;
    %flag_set/vec4 8;
    %jmp/0xz  T_3.20, 8;
    %pushi/vec4 3482, 0, 16;
    %store/vec4 v0000018c112710f0_0, 0, 16;
T_3.20 ;
T_3.19 ;
T_3.10 ;
    %pushi/vec4 0, 0, 1;
    %assign/vec4 v0000018c11270bf0_0, 0;
    %load/vec4 v0000018c112706f0_0;
    %pad/u 32;
    %cmpi/u 25, 0, 32;
    %flag_inv 5; GE is !LT
    %flag_get/vec4 5;
    %jmp/0 T_3.24, 5;
    %pushi/vec4 50, 0, 32;
    %load/vec4 v0000018c11271410_0;
    %pad/u 32;
    %cmp/u;
    %flag_get/vec4 4;
    %flag_get/vec4 5;
    %or;
    %and;
T_3.24;
    %flag_set/vec4 8;
    %jmp/0xz  T_3.22, 8;
    %load/vec4 v0000018c11270fb0_0;
    %load/vec4 v0000018c112710f0_0;
    %store/vec4 v0000018c11270380_0, 0, 16;
    %store/vec4 v0000018c11270100_0, 0, 16;
    %callf/vec4 TD_peak_detector.is_greater, S_0000018c1126ff70;
    %flag_set/vec4 8;
    %jmp/0xz  T_3.25, 8;
    %pushi/vec4 1, 0, 1;
    %store/vec4 v0000018c11270f10_0, 0, 1;
    %pushi/vec4 1, 0, 32;
    %store/vec4 v0000018c112714b0_0, 0, 32;
T_3.27 ;
    %load/vec4 v0000018c112714b0_0;
    %cmpi/s 25, 0, 32;
    %jmp/0xz T_3.28, 5;
    %load/vec4 v0000018c11270fb0_0;
    %ix/getv/s 4, v0000018c112714b0_0;
    %load/vec4a v0000018c112712d0, 4;
    %store/vec4 v0000018c11270380_0, 0, 16;
    %store/vec4 v0000018c11270100_0, 0, 16;
    %callf/vec4 TD_peak_detector.is_greater, S_0000018c1126ff70;
    %nor/r;
    %flag_set/vec4 8;
    %jmp/0xz  T_3.29, 8;
    %pushi/vec4 0, 0, 1;
    %store/vec4 v0000018c11270f10_0, 0, 1;
    %pushi/vec4 25, 0, 32;
    %store/vec4 v0000018c112714b0_0, 0, 32;
T_3.29 ;
    %load/vec4 v0000018c112714b0_0;
    %addi 1, 0, 32;
    %store/vec4 v0000018c112714b0_0, 0, 32;
    %jmp T_3.27;
T_3.28 ;
    %load/vec4 v0000018c11270f10_0;
    %flag_set/vec4 8;
    %jmp/0xz  T_3.31, 8;
    %pushi/vec4 1, 0, 1;
    %assign/vec4 v0000018c11270bf0_0, 0;
    %pushi/vec4 0, 0, 11;
    %assign/vec4 v0000018c11271410_0, 0;
T_3.31 ;
T_3.25 ;
T_3.22 ;
    %load/vec4 v0000018c112706f0_0;
    %addi 1, 0, 11;
    %assign/vec4 v0000018c112706f0_0, 0;
    %load/vec4 v0000018c11271410_0;
    %pad/u 32;
    %cmpi/u 50, 0, 32;
    %jmp/0xz  T_3.33, 5;
    %load/vec4 v0000018c11271410_0;
    %addi 1, 0, 11;
    %assign/vec4 v0000018c11271410_0, 0;
T_3.33 ;
    %load/vec4 v0000018c11270ab0_0;
    %pad/u 32;
    %cmpi/u 100, 0, 32;
    %jmp/0xz  T_3.35, 5;
    %load/vec4 v0000018c11270ab0_0;
    %addi 1, 0, 11;
    %assign/vec4 v0000018c11270ab0_0, 0;
T_3.35 ;
T_3.1 ;
    %jmp T_3;
    .thread T_3;
# The file index is used to find the file name in the following table.
:file_names 3;
    "N/A";
    "<interactive>";
    "peak_detector.v";
