#! /c/Source/iverilog-install/bin/vvp
:ivl_version "12.0 (devel)" "(s20150603-1539-g2693dd32b)";
:ivl_delay_selection "TYPICAL";
:vpi_time_precision + 0;
:vpi_module "C:\iverilog\lib\ivl\system.vpi";
:vpi_module "C:\iverilog\lib\ivl\vhdl_sys.vpi";
:vpi_module "C:\iverilog\lib\ivl\vhdl_textio.vpi";
:vpi_module "C:\iverilog\lib\ivl\v2005_math.vpi";
:vpi_module "C:\iverilog\lib\ivl\va_math.vpi";
S_0000021c275e61d0 .scope module, "rr_interval_calculator" "rr_interval_calculator" 2 2;
 .timescale 0 0;
    .port_info 0 /INPUT 1 "clk";
    .port_info 1 /INPUT 1 "rst";
    .port_info 2 /INPUT 1 "peak_detected";
    .port_info 3 /OUTPUT 16 "rr_interval";
    .port_info 4 /OUTPUT 1 "rr_valid";
v0000021c275e6360_0 .var "calculation_temp", 31 0;
o0000021c2763afc8 .functor BUFZ 1, C4<z>; HiZ drive
v0000021c275e6400_0 .net "clk", 0 0, o0000021c2763afc8;  0 drivers
v0000021c275e64a0_0 .var "current_pos", 15 0;
v0000021c275ebcb0_0 .var "last_peak_pos", 15 0;
o0000021c2763b058 .functor BUFZ 1, C4<z>; HiZ drive
v0000021c275ebd50_0 .net "peak_detected", 0 0, o0000021c2763b058;  0 drivers
v0000021c275ebdf0_0 .var "peak_detected_delayed", 0 0;
v0000021c275ebe90_0 .var "raw_interval", 15 0;
v0000021c275ebf30_0 .var "rr_interval", 15 0;
v0000021c27633f80_0 .var "rr_valid", 0 0;
o0000021c2763b148 .functor BUFZ 1, C4<z>; HiZ drive
v0000021c27634020_0 .net "rst", 0 0, o0000021c2763b148;  0 drivers
E_0000021c275ee080 .event posedge, v0000021c27634020_0, v0000021c275e6400_0;
    .scope S_0000021c275e61d0;
T_0 ;
    %wait E_0000021c275ee080;
    %load/vec4 v0000021c27634020_0;
    %flag_set/vec4 8;
    %jmp/0xz  T_0.0, 8;
    %pushi/vec4 0, 0, 16;
    %assign/vec4 v0000021c275ebcb0_0, 0;
    %pushi/vec4 0, 0, 16;
    %assign/vec4 v0000021c275e64a0_0, 0;
    %pushi/vec4 0, 0, 16;
    %assign/vec4 v0000021c275ebf30_0, 0;
    %pushi/vec4 0, 0, 16;
    %assign/vec4 v0000021c275ebe90_0, 0;
    %pushi/vec4 0, 0, 32;
    %assign/vec4 v0000021c275e6360_0, 0;
    %pushi/vec4 0, 0, 1;
    %assign/vec4 v0000021c27633f80_0, 0;
    %pushi/vec4 0, 0, 1;
    %assign/vec4 v0000021c275ebdf0_0, 0;
    %jmp T_0.1;
T_0.0 ;
    %load/vec4 v0000021c275e64a0_0;
    %addi 1, 0, 16;
    %assign/vec4 v0000021c275e64a0_0, 0;
    %load/vec4 v0000021c275ebd50_0;
    %assign/vec4 v0000021c275ebdf0_0, 0;
    %load/vec4 v0000021c275ebd50_0;
    %flag_set/vec4 9;
    %flag_get/vec4 9;
    %jmp/0 T_0.4, 9;
    %load/vec4 v0000021c275ebdf0_0;
    %nor/r;
    %and;
T_0.4;
    %flag_set/vec4 8;
    %jmp/0xz  T_0.2, 8;
    %load/vec4 v0000021c275ebcb0_0;
    %pad/u 32;
    %cmpi/ne 0, 0, 32;
    %jmp/0xz  T_0.5, 4;
    %load/vec4 v0000021c275e64a0_0;
    %load/vec4 v0000021c275ebcb0_0;
    %sub;
    %assign/vec4 v0000021c275ebe90_0, 0;
    %load/vec4 v0000021c275e64a0_0;
    %pad/u 32;
    %load/vec4 v0000021c275ebcb0_0;
    %pad/u 32;
    %sub;
    %muli 2048, 0, 32;
    %assign/vec4 v0000021c275e6360_0, 0;
    %pushi/vec4 0, 0, 1;
    %ix/load 4, 15, 0;
    %ix/load 5, 0, 0;
    %flag_set/imm 4, 0;
    %assign/vec4/off/d v0000021c275ebf30_0, 4, 5;
    %load/vec4 v0000021c275e64a0_0;
    %pad/u 32;
    %load/vec4 v0000021c275ebcb0_0;
    %pad/u 32;
    %sub;
    %pushi/vec4 360, 0, 32;
    %div;
    %pad/u 4;
    %ix/load 4, 11, 0;
    %ix/load 5, 0, 0;
    %flag_set/imm 4, 0;
    %assign/vec4/off/d v0000021c275ebf30_0, 4, 5;
    %load/vec4 v0000021c275e64a0_0;
    %pad/u 32;
    %load/vec4 v0000021c275ebcb0_0;
    %pad/u 32;
    %sub;
    %pushi/vec4 360, 0, 32;
    %mod;
    %muli 2048, 0, 32;
    %pushi/vec4 360, 0, 32;
    %div;
    %pad/u 11;
    %ix/load 4, 0, 0;
    %ix/load 5, 0, 0;
    %flag_set/imm 4, 0;
    %assign/vec4/off/d v0000021c275ebf30_0, 4, 5;
    %pushi/vec4 1, 0, 1;
    %assign/vec4 v0000021c27633f80_0, 0;
    %jmp T_0.6;
T_0.5 ;
    %pushi/vec4 0, 0, 1;
    %assign/vec4 v0000021c27633f80_0, 0;
T_0.6 ;
    %load/vec4 v0000021c275e64a0_0;
    %assign/vec4 v0000021c275ebcb0_0, 0;
    %jmp T_0.3;
T_0.2 ;
    %pushi/vec4 0, 0, 1;
    %assign/vec4 v0000021c27633f80_0, 0;
T_0.3 ;
T_0.1 ;
    %jmp T_0;
    .thread T_0;
# The file index is used to find the file name in the following table.
:file_names 3;
    "N/A";
    "<interactive>";
    "rr_interval_calculator.v";
