#! /c/Source/iverilog-install/bin/vvp
:ivl_version "12.0 (devel)" "(s20150603-1539-g2693dd32b)";
:ivl_delay_selection "TYPICAL";
:vpi_time_precision + 0;
:vpi_module "C:\iverilog\lib\ivl\system.vpi";
:vpi_module "C:\iverilog\lib\ivl\vhdl_sys.vpi";
:vpi_module "C:\iverilog\lib\ivl\vhdl_textio.vpi";
:vpi_module "C:\iverilog\lib\ivl\v2005_math.vpi";
:vpi_module "C:\iverilog\lib\ivl\va_math.vpi";
S_0000014d6bba5670 .scope module, "top_level" "top_level" 2 5;
 .timescale 0 0;
    .port_info 0 /INPUT 1 "clk";
    .port_info 1 /INPUT 1 "rst";
    .port_info 2 /INPUT 16 "ecg_sample";
    .port_info 3 /OUTPUT 1 "peak_detected";
    .port_info 4 /OUTPUT 16 "rr_interval";
    .port_info 5 /OUTPUT 1 "rr_valid";
o0000014d6bbaafb8 .functor BUFZ 1, C4<z>; HiZ drive
v0000014d6bbfdcd0_0 .net "clk", 0 0, o0000014d6bbaafb8;  0 drivers
o0000014d6bbab618 .functor BUFZ 16, C4<zzzzzzzzzzzzzzzz>; HiZ drive
v0000014d6bbfde10_0 .net "ecg_sample", 15 0, o0000014d6bbab618;  0 drivers
v0000014d6bbfe270_0 .net "peak_detected", 0 0, v0000014d6bbfc360_0;  1 drivers
v0000014d6bbfd190_0 .net "rr_interval", 15 0, v0000014d6bb9fa60_0;  1 drivers
v0000014d6bbfcb50_0 .net "rr_valid", 0 0, v0000014d6bb9fb00_0;  1 drivers
o0000014d6bbab138 .functor BUFZ 1, C4<z>; HiZ drive
v0000014d6bbfd730_0 .net "rst", 0 0, o0000014d6bbab138;  0 drivers
S_0000014d6bba5800 .scope module, "calculator" "rr_interval_calculator" 2 29, 3 2 0, S_0000014d6bba5670;
 .timescale 0 0;
    .port_info 0 /INPUT 1 "clk";
    .port_info 1 /INPUT 1 "rst";
    .port_info 2 /INPUT 1 "peak_detected";
    .port_info 3 /OUTPUT 16 "rr_interval";
    .port_info 4 /OUTPUT 1 "rr_valid";
v0000014d6bba9ed0_0 .var "calculation_temp", 31 0;
v0000014d6bcabad0_0 .net "clk", 0 0, o0000014d6bbaafb8;  alias, 0 drivers
v0000014d6bb52bd0_0 .var "current_pos", 15 0;
v0000014d6bba5990_0 .var "last_peak_pos", 15 0;
v0000014d6bba5a30_0 .net "peak_detected", 0 0, v0000014d6bbfc360_0;  alias, 1 drivers
v0000014d6bb9f920_0 .var "peak_detected_delayed", 0 0;
v0000014d6bb9f9c0_0 .var "raw_interval", 15 0;
v0000014d6bb9fa60_0 .var "rr_interval", 15 0;
v0000014d6bb9fb00_0 .var "rr_valid", 0 0;
v0000014d6bb9fba0_0 .net "rst", 0 0, o0000014d6bbab138;  alias, 0 drivers
E_0000014d6bb7a780 .event posedge, v0000014d6bb9fba0_0, v0000014d6bcabad0_0;
S_0000014d6bb52550 .scope module, "detector" "peak_detector" 2 22, 4 2 0, S_0000014d6bba5670;
 .timescale 0 0;
    .port_info 0 /INPUT 1 "clk";
    .port_info 1 /INPUT 1 "rst";
    .port_info 2 /INPUT 16 "data_in";
    .port_info 3 /OUTPUT 1 "peak_detected";
    .port_info 4 /OUTPUT 16 "current_threshold";
P_0000014d6bb9fc40 .param/l "ADAPTATION_WINDOW" 0 4 12, +C4<00000000000000000000000001100100>;
P_0000014d6bb9fc78 .param/l "MAX_THRESHOLD" 0 4 15, C4<0000110110011010>;
P_0000014d6bb9fcb0 .param/l "MIN_DISTANCE" 0 4 11, +C4<00000000000000000000000000110010>;
P_0000014d6bb9fce8 .param/l "MIN_THRESHOLD" 0 4 14, C4<0000000110011010>;
P_0000014d6bb9fd20 .param/l "THRESHOLD_MULTIPLIER" 0 4 13, C4<0000010110011010>;
P_0000014d6bb9fd58 .param/l "WINDOW_SIZE" 0 4 10, +C4<00000000000000000000000000011001>;
L_0000014d6bb812f0 .functor BUFZ 16, v0000014d6bbfbb40_0, C4<0000000000000000>, C4<0000000000000000>, C4<0000000000000000>;
v0000014d6bbfc040 .array "adaptation_buffer", 99 0, 15 0;
v0000014d6bbfc5e0_0 .var "adaptation_counter", 10 0;
v0000014d6bbfbb40_0 .var "adaptive_threshold", 15 0;
v0000014d6bbfc720_0 .net "clk", 0 0, o0000014d6bbaafb8;  alias, 0 drivers
v0000014d6bbfc220_0 .net "current_threshold", 15 0, L_0000014d6bb812f0;  1 drivers
v0000014d6bbfc7c0_0 .net "data_in", 15 0, o0000014d6bbab618;  alias, 0 drivers
v0000014d6bbfbdc0_0 .var "distance_counter", 10 0;
v0000014d6bbfc4a0_0 .var/i "i", 31 0;
v0000014d6bbfbc80_0 .var "is_max", 0 0;
v0000014d6bbfc180_0 .var "max_value", 15 0;
v0000014d6bbfbd20_0 .var "mean_value", 15 0;
v0000014d6bbfc360_0 .var "peak_detected", 0 0;
v0000014d6bbfbe60_0 .net "rst", 0 0, o0000014d6bbab138;  alias, 0 drivers
v0000014d6bbfcfb0_0 .var "sample_counter", 10 0;
v0000014d6bbfd910_0 .var "std_estimate", 15 0;
v0000014d6bbfe630_0 .var "sum_accumulator", 31 0;
v0000014d6bbfdd70 .array "window_buffer", 24 0, 15 0;
S_0000014d6bb526e0 .scope function.vec4.s16, "fp_add" "fp_add" 4 66, 4 66 0, S_0000014d6bb52550;
 .timescale 0 0;
v0000014d6bb52870_0 .var "a", 15 0;
v0000014d6bb52910_0 .var "b", 15 0;
; Variable fp_add is vec4 return value of scope S_0000014d6bb526e0
v0000014d6bb84260_0 .var "temp_sum", 31 0;
TD_top_level.detector.fp_add ;
    %pushi/vec4 0, 0, 16;
    %load/vec4 v0000014d6bb52870_0;
    %concat/vec4; draw_concat_vec4
    %pushi/vec4 0, 0, 16;
    %load/vec4 v0000014d6bb52910_0;
    %concat/vec4; draw_concat_vec4
    %add;
    %store/vec4 v0000014d6bb84260_0, 0, 32;
    %load/vec4 v0000014d6bb84260_0;
    %parti/s 16, 0, 2;
    %ret/vec4 0, 0, 16;  Assign to fp_add (store_vec4_to_lval)
    %end;
S_0000014d6bb84300 .scope function.vec4.s16, "fp_mult" "fp_mult" 4 79, 4 79 0, S_0000014d6bb52550;
 .timescale 0 0;
v0000014d6bb84490_0 .var "a", 15 0;
v0000014d6bbfb8c0_0 .var "b", 15 0;
; Variable fp_mult is vec4 return value of scope S_0000014d6bb84300
v0000014d6bbfc400_0 .var "temp_mult", 31 0;
TD_top_level.detector.fp_mult ;
    %load/vec4 v0000014d6bb84490_0;
    %pad/u 32;
    %load/vec4 v0000014d6bbfb8c0_0;
    %pad/u 32;
    %mul;
    %store/vec4 v0000014d6bbfc400_0, 0, 32;
    %load/vec4 v0000014d6bbfc400_0;
    %parti/s 16, 0, 2;
    %ret/vec4 0, 0, 16;  Assign to fp_mult (store_vec4_to_lval)
    %end;
S_0000014d6bb84530 .scope function.vec4.s1, "is_greater" "is_greater" 4 40, 4 40 0, S_0000014d6bb52550;
 .timescale 0 0;
v0000014d6bbfc680_0 .var "a", 15 0;
v0000014d6bbfbf00_0 .var "a_int", 3 0;
v0000014d6bbfc540_0 .var "a_man", 10 0;
v0000014d6bbfbfa0_0 .var "a_sign", 0 0;
v0000014d6bbfc2c0_0 .var "b", 15 0;
v0000014d6bbfb960_0 .var "b_int", 3 0;
v0000014d6bbfbaa0_0 .var "b_man", 10 0;
v0000014d6bbfbbe0_0 .var "b_sign", 0 0;
; Variable is_greater is vec4 return value of scope S_0000014d6bb84530
TD_top_level.detector.is_greater ;
    %load/vec4 v0000014d6bbfc680_0;
    %parti/s 1, 15, 5;
    %store/vec4 v0000014d6bbfbfa0_0, 0, 1;
    %load/vec4 v0000014d6bbfc2c0_0;
    %parti/s 1, 15, 5;
    %store/vec4 v0000014d6bbfbbe0_0, 0, 1;
    %load/vec4 v0000014d6bbfc680_0;
    %parti/s 4, 11, 5;
    %store/vec4 v0000014d6bbfbf00_0, 0, 4;
    %load/vec4 v0000014d6bbfc2c0_0;
    %parti/s 4, 11, 5;
    %store/vec4 v0000014d6bbfb960_0, 0, 4;
    %load/vec4 v0000014d6bbfc680_0;
    %parti/s 11, 0, 2;
    %store/vec4 v0000014d6bbfc540_0, 0, 11;
    %load/vec4 v0000014d6bbfc2c0_0;
    %parti/s 11, 0, 2;
    %store/vec4 v0000014d6bbfbaa0_0, 0, 11;
    %load/vec4 v0000014d6bbfbfa0_0;
    %load/vec4 v0000014d6bbfbbe0_0;
    %cmp/ne;
    %jmp/0xz  T_2.0, 4;
    %load/vec4 v0000014d6bbfbbe0_0;
    %pad/u 32;
    %pushi/vec4 1, 0, 32;
    %cmp/e;
    %flag_get/vec4 4;
    %ret/vec4 0, 0, 1;  Assign to is_greater (store_vec4_to_lval)
    %jmp T_2.1;
T_2.0 ;
    %load/vec4 v0000014d6bbfbf00_0;
    %load/vec4 v0000014d6bbfb960_0;
    %cmp/ne;
    %jmp/0xz  T_2.2, 4;
    %load/vec4 v0000014d6bbfb960_0;
    %load/vec4 v0000014d6bbfbf00_0;
    %cmp/u;
    %flag_get/vec4 5;
    %load/vec4 v0000014d6bbfbfa0_0;
    %xor;
    %ret/vec4 0, 0, 1;  Assign to is_greater (store_vec4_to_lval)
    %jmp T_2.3;
T_2.2 ;
    %load/vec4 v0000014d6bbfbaa0_0;
    %load/vec4 v0000014d6bbfc540_0;
    %cmp/u;
    %flag_get/vec4 5;
    %load/vec4 v0000014d6bbfbfa0_0;
    %xor;
    %ret/vec4 0, 0, 1;  Assign to is_greater (store_vec4_to_lval)
T_2.3 ;
T_2.1 ;
    %end;
    .scope S_0000014d6bb52550;
T_3 ;
    %wait E_0000014d6bb7a780;
    %load/vec4 v0000014d6bbfbe60_0;
    %flag_set/vec4 8;
    %jmp/0xz  T_3.0, 8;
    %pushi/vec4 0, 0, 32;
    %store/vec4 v0000014d6bbfc4a0_0, 0, 32;
T_3.2 ;
    %load/vec4 v0000014d6bbfc4a0_0;
    %cmpi/s 25, 0, 32;
    %jmp/0xz T_3.3, 5;
    %pushi/vec4 0, 0, 16;
    %ix/getv/s 3, v0000014d6bbfc4a0_0;
    %ix/load 4, 0, 0; Constant delay
    %assign/vec4/a/d v0000014d6bbfdd70, 0, 4;
    %load/vec4 v0000014d6bbfc4a0_0;
    %addi 1, 0, 32;
    %store/vec4 v0000014d6bbfc4a0_0, 0, 32;
    %jmp T_3.2;
T_3.3 ;
    %pushi/vec4 0, 0, 32;
    %store/vec4 v0000014d6bbfc4a0_0, 0, 32;
T_3.4 ;
    %load/vec4 v0000014d6bbfc4a0_0;
    %cmpi/s 100, 0, 32;
    %jmp/0xz T_3.5, 5;
    %pushi/vec4 0, 0, 16;
    %ix/getv/s 3, v0000014d6bbfc4a0_0;
    %ix/load 4, 0, 0; Constant delay
    %assign/vec4/a/d v0000014d6bbfc040, 0, 4;
    %load/vec4 v0000014d6bbfc4a0_0;
    %addi 1, 0, 32;
    %store/vec4 v0000014d6bbfc4a0_0, 0, 32;
    %jmp T_3.4;
T_3.5 ;
    %pushi/vec4 0, 0, 11;
    %assign/vec4 v0000014d6bbfcfb0_0, 0;
    %pushi/vec4 0, 0, 11;
    %assign/vec4 v0000014d6bbfbdc0_0, 0;
    %pushi/vec4 0, 0, 11;
    %assign/vec4 v0000014d6bbfc5e0_0, 0;
    %pushi/vec4 410, 0, 16;
    %assign/vec4 v0000014d6bbfbb40_0, 0;
    %pushi/vec4 0, 0, 32;
    %assign/vec4 v0000014d6bbfe630_0, 0;
    %pushi/vec4 0, 0, 16;
    %assign/vec4 v0000014d6bbfbd20_0, 0;
    %pushi/vec4 0, 0, 16;
    %assign/vec4 v0000014d6bbfc180_0, 0;
    %pushi/vec4 0, 0, 16;
    %assign/vec4 v0000014d6bbfd910_0, 0;
    %pushi/vec4 0, 0, 1;
    %assign/vec4 v0000014d6bbfc360_0, 0;
    %jmp T_3.1;
T_3.0 ;
    %pushi/vec4 24, 0, 32;
    %store/vec4 v0000014d6bbfc4a0_0, 0, 32;
T_3.6 ;
    %load/vec4 v0000014d6bbfc4a0_0;
    %cmpi/s 0, 0, 32;
    %flag_or 5, 4; GT is !LE
    %flag_inv 5;
    %jmp/0xz T_3.7, 5;
    %load/vec4 v0000014d6bbfc4a0_0;
    %subi 1, 0, 32;
    %ix/vec4/s 4;
    %load/vec4a v0000014d6bbfdd70, 4;
    %ix/getv/s 3, v0000014d6bbfc4a0_0;
    %ix/load 4, 0, 0; Constant delay
    %assign/vec4/a/d v0000014d6bbfdd70, 0, 4;
    %load/vec4 v0000014d6bbfc4a0_0;
    %subi 1, 0, 32;
    %store/vec4 v0000014d6bbfc4a0_0, 0, 32;
    %jmp T_3.6;
T_3.7 ;
    %load/vec4 v0000014d6bbfc7c0_0;
    %ix/load 3, 0, 0;
    %flag_set/imm 4, 0;
    %ix/load 4, 0, 0; Constant delay
    %assign/vec4/a/d v0000014d6bbfdd70, 0, 4;
    %pushi/vec4 99, 0, 32;
    %store/vec4 v0000014d6bbfc4a0_0, 0, 32;
T_3.8 ;
    %load/vec4 v0000014d6bbfc4a0_0;
    %cmpi/s 0, 0, 32;
    %flag_or 5, 4; GT is !LE
    %flag_inv 5;
    %jmp/0xz T_3.9, 5;
    %load/vec4 v0000014d6bbfc4a0_0;
    %subi 1, 0, 32;
    %ix/vec4/s 4;
    %load/vec4a v0000014d6bbfc040, 4;
    %ix/getv/s 3, v0000014d6bbfc4a0_0;
    %ix/load 4, 0, 0; Constant delay
    %assign/vec4/a/d v0000014d6bbfc040, 0, 4;
    %load/vec4 v0000014d6bbfc4a0_0;
    %subi 1, 0, 32;
    %store/vec4 v0000014d6bbfc4a0_0, 0, 32;
    %jmp T_3.8;
T_3.9 ;
    %load/vec4 v0000014d6bbfc7c0_0;
    %ix/load 3, 0, 0;
    %flag_set/imm 4, 0;
    %ix/load 4, 0, 0; Constant delay
    %assign/vec4/a/d v0000014d6bbfc040, 0, 4;
    %load/vec4 v0000014d6bbfc5e0_0;
    %pad/u 32;
    %cmpi/u 100, 0, 32;
    %flag_inv 5; GE is !LT
    %jmp/0xz  T_3.10, 5;
    %pushi/vec4 0, 0, 32;
    %store/vec4 v0000014d6bbfe630_0, 0, 32;
    %ix/load 4, 0, 0;
    %flag_set/imm 4, 0;
    %load/vec4a v0000014d6bbfc040, 4;
    %store/vec4 v0000014d6bbfc180_0, 0, 16;
    %pushi/vec4 0, 0, 32;
    %store/vec4 v0000014d6bbfc4a0_0, 0, 32;
T_3.12 ;
    %load/vec4 v0000014d6bbfc4a0_0;
    %cmpi/s 100, 0, 32;
    %jmp/0xz T_3.13, 5;
    %load/vec4 v0000014d6bbfe630_0;
    %pushi/vec4 0, 0, 16;
    %ix/getv/s 4, v0000014d6bbfc4a0_0;
    %load/vec4a v0000014d6bbfc040, 4;
    %concat/vec4; draw_concat_vec4
    %add;
    %store/vec4 v0000014d6bbfe630_0, 0, 32;
    %ix/getv/s 4, v0000014d6bbfc4a0_0;
    %load/vec4a v0000014d6bbfc040, 4;
    %load/vec4 v0000014d6bbfc180_0;
    %store/vec4 v0000014d6bbfc2c0_0, 0, 16;
    %store/vec4 v0000014d6bbfc680_0, 0, 16;
    %callf/vec4 TD_top_level.detector.is_greater, S_0000014d6bb84530;
    %flag_set/vec4 8;
    %jmp/0xz  T_3.14, 8;
    %ix/getv/s 4, v0000014d6bbfc4a0_0;
    %load/vec4a v0000014d6bbfc040, 4;
    %store/vec4 v0000014d6bbfc180_0, 0, 16;
T_3.14 ;
    %load/vec4 v0000014d6bbfc4a0_0;
    %addi 1, 0, 32;
    %store/vec4 v0000014d6bbfc4a0_0, 0, 32;
    %jmp T_3.12;
T_3.13 ;
    %load/vec4 v0000014d6bbfe630_0;
    %parti/s 16, 0, 2;
    %ix/load 4, 8, 0;
    %flag_set/imm 4, 0;
    %shiftr 4;
    %store/vec4 v0000014d6bbfbd20_0, 0, 16;
    %load/vec4 v0000014d6bbfc180_0;
    %load/vec4 v0000014d6bbfbd20_0;
    %store/vec4 v0000014d6bbfc2c0_0, 0, 16;
    %store/vec4 v0000014d6bbfc680_0, 0, 16;
    %callf/vec4 TD_top_level.detector.is_greater, S_0000014d6bb84530;
    %flag_set/vec4 8;
    %jmp/0xz  T_3.16, 8;
    %load/vec4 v0000014d6bbfc180_0;
    %load/vec4 v0000014d6bbfbd20_0;
    %sub;
    %ix/load 4, 2, 0;
    %flag_set/imm 4, 0;
    %shiftr 4;
    %store/vec4 v0000014d6bbfd910_0, 0, 16;
    %jmp T_3.17;
T_3.16 ;
    %pushi/vec4 410, 0, 16;
    %store/vec4 v0000014d6bbfd910_0, 0, 16;
T_3.17 ;
    %load/vec4 v0000014d6bbfbd20_0;
    %load/vec4 v0000014d6bbfd910_0;
    %ix/load 4, 1, 0;
    %flag_set/imm 4, 0;
    %shiftl 4;
    %store/vec4 v0000014d6bb52910_0, 0, 16;
    %store/vec4 v0000014d6bb52870_0, 0, 16;
    %callf/vec4 TD_top_level.detector.fp_add, S_0000014d6bb526e0;
    %store/vec4 v0000014d6bbfbb40_0, 0, 16;
    %pushi/vec4 410, 0, 16;
    %load/vec4 v0000014d6bbfbb40_0;
    %store/vec4 v0000014d6bbfc2c0_0, 0, 16;
    %store/vec4 v0000014d6bbfc680_0, 0, 16;
    %callf/vec4 TD_top_level.detector.is_greater, S_0000014d6bb84530;
    %flag_set/vec4 8;
    %jmp/0xz  T_3.18, 8;
    %pushi/vec4 410, 0, 16;
    %store/vec4 v0000014d6bbfbb40_0, 0, 16;
    %jmp T_3.19;
T_3.18 ;
    %load/vec4 v0000014d6bbfbb40_0;
    %pushi/vec4 3482, 0, 16;
    %store/vec4 v0000014d6bbfc2c0_0, 0, 16;
    %store/vec4 v0000014d6bbfc680_0, 0, 16;
    %callf/vec4 TD_top_level.detector.is_greater, S_0000014d6bb84530;
    %flag_set/vec4 8;
    %jmp/0xz  T_3.20, 8;
    %pushi/vec4 3482, 0, 16;
    %store/vec4 v0000014d6bbfbb40_0, 0, 16;
T_3.20 ;
T_3.19 ;
T_3.10 ;
    %pushi/vec4 0, 0, 1;
    %assign/vec4 v0000014d6bbfc360_0, 0;
    %load/vec4 v0000014d6bbfcfb0_0;
    %pad/u 32;
    %cmpi/u 25, 0, 32;
    %flag_inv 5; GE is !LT
    %flag_get/vec4 5;
    %jmp/0 T_3.24, 5;
    %pushi/vec4 50, 0, 32;
    %load/vec4 v0000014d6bbfbdc0_0;
    %pad/u 32;
    %cmp/u;
    %flag_get/vec4 4;
    %flag_get/vec4 5;
    %or;
    %and;
T_3.24;
    %flag_set/vec4 8;
    %jmp/0xz  T_3.22, 8;
    %load/vec4 v0000014d6bbfc7c0_0;
    %load/vec4 v0000014d6bbfbb40_0;
    %store/vec4 v0000014d6bbfc2c0_0, 0, 16;
    %store/vec4 v0000014d6bbfc680_0, 0, 16;
    %callf/vec4 TD_top_level.detector.is_greater, S_0000014d6bb84530;
    %flag_set/vec4 8;
    %jmp/0xz  T_3.25, 8;
    %pushi/vec4 1, 0, 1;
    %store/vec4 v0000014d6bbfbc80_0, 0, 1;
    %pushi/vec4 1, 0, 32;
    %store/vec4 v0000014d6bbfc4a0_0, 0, 32;
T_3.27 ;
    %load/vec4 v0000014d6bbfc4a0_0;
    %cmpi/s 25, 0, 32;
    %jmp/0xz T_3.28, 5;
    %load/vec4 v0000014d6bbfc7c0_0;
    %ix/getv/s 4, v0000014d6bbfc4a0_0;
    %load/vec4a v0000014d6bbfdd70, 4;
    %store/vec4 v0000014d6bbfc2c0_0, 0, 16;
    %store/vec4 v0000014d6bbfc680_0, 0, 16;
    %callf/vec4 TD_top_level.detector.is_greater, S_0000014d6bb84530;
    %nor/r;
    %flag_set/vec4 8;
    %jmp/0xz  T_3.29, 8;
    %pushi/vec4 0, 0, 1;
    %store/vec4 v0000014d6bbfbc80_0, 0, 1;
    %pushi/vec4 25, 0, 32;
    %store/vec4 v0000014d6bbfc4a0_0, 0, 32;
T_3.29 ;
    %load/vec4 v0000014d6bbfc4a0_0;
    %addi 1, 0, 32;
    %store/vec4 v0000014d6bbfc4a0_0, 0, 32;
    %jmp T_3.27;
T_3.28 ;
    %load/vec4 v0000014d6bbfbc80_0;
    %flag_set/vec4 8;
    %jmp/0xz  T_3.31, 8;
    %pushi/vec4 1, 0, 1;
    %assign/vec4 v0000014d6bbfc360_0, 0;
    %pushi/vec4 0, 0, 11;
    %assign/vec4 v0000014d6bbfbdc0_0, 0;
T_3.31 ;
T_3.25 ;
T_3.22 ;
    %load/vec4 v0000014d6bbfcfb0_0;
    %addi 1, 0, 11;
    %assign/vec4 v0000014d6bbfcfb0_0, 0;
    %load/vec4 v0000014d6bbfbdc0_0;
    %pad/u 32;
    %cmpi/u 50, 0, 32;
    %jmp/0xz  T_3.33, 5;
    %load/vec4 v0000014d6bbfbdc0_0;
    %addi 1, 0, 11;
    %assign/vec4 v0000014d6bbfbdc0_0, 0;
T_3.33 ;
    %load/vec4 v0000014d6bbfc5e0_0;
    %pad/u 32;
    %cmpi/u 100, 0, 32;
    %jmp/0xz  T_3.35, 5;
    %load/vec4 v0000014d6bbfc5e0_0;
    %addi 1, 0, 11;
    %assign/vec4 v0000014d6bbfc5e0_0, 0;
T_3.35 ;
T_3.1 ;
    %jmp T_3;
    .thread T_3;
    .scope S_0000014d6bba5800;
T_4 ;
    %wait E_0000014d6bb7a780;
    %load/vec4 v0000014d6bb9fba0_0;
    %flag_set/vec4 8;
    %jmp/0xz  T_4.0, 8;
    %pushi/vec4 0, 0, 16;
    %assign/vec4 v0000014d6bba5990_0, 0;
    %pushi/vec4 0, 0, 16;
    %assign/vec4 v0000014d6bb52bd0_0, 0;
    %pushi/vec4 0, 0, 16;
    %assign/vec4 v0000014d6bb9fa60_0, 0;
    %pushi/vec4 0, 0, 16;
    %assign/vec4 v0000014d6bb9f9c0_0, 0;
    %pushi/vec4 0, 0, 32;
    %assign/vec4 v0000014d6bba9ed0_0, 0;
    %pushi/vec4 0, 0, 1;
    %assign/vec4 v0000014d6bb9fb00_0, 0;
    %pushi/vec4 0, 0, 1;
    %assign/vec4 v0000014d6bb9f920_0, 0;
    %jmp T_4.1;
T_4.0 ;
    %load/vec4 v0000014d6bb52bd0_0;
    %addi 1, 0, 16;
    %assign/vec4 v0000014d6bb52bd0_0, 0;
    %load/vec4 v0000014d6bba5a30_0;
    %assign/vec4 v0000014d6bb9f920_0, 0;
    %load/vec4 v0000014d6bba5a30_0;
    %flag_set/vec4 9;
    %flag_get/vec4 9;
    %jmp/0 T_4.4, 9;
    %load/vec4 v0000014d6bb9f920_0;
    %nor/r;
    %and;
T_4.4;
    %flag_set/vec4 8;
    %jmp/0xz  T_4.2, 8;
    %load/vec4 v0000014d6bba5990_0;
    %pad/u 32;
    %cmpi/ne 0, 0, 32;
    %jmp/0xz  T_4.5, 4;
    %load/vec4 v0000014d6bb52bd0_0;
    %load/vec4 v0000014d6bba5990_0;
    %sub;
    %assign/vec4 v0000014d6bb9f9c0_0, 0;
    %load/vec4 v0000014d6bb52bd0_0;
    %pad/u 32;
    %load/vec4 v0000014d6bba5990_0;
    %pad/u 32;
    %sub;
    %muli 2048, 0, 32;
    %assign/vec4 v0000014d6bba9ed0_0, 0;
    %pushi/vec4 0, 0, 1;
    %ix/load 4, 15, 0;
    %ix/load 5, 0, 0;
    %flag_set/imm 4, 0;
    %assign/vec4/off/d v0000014d6bb9fa60_0, 4, 5;
    %load/vec4 v0000014d6bb52bd0_0;
    %pad/u 32;
    %load/vec4 v0000014d6bba5990_0;
    %pad/u 32;
    %sub;
    %pushi/vec4 360, 0, 32;
    %div;
    %pad/u 4;
    %ix/load 4, 11, 0;
    %ix/load 5, 0, 0;
    %flag_set/imm 4, 0;
    %assign/vec4/off/d v0000014d6bb9fa60_0, 4, 5;
    %load/vec4 v0000014d6bb52bd0_0;
    %pad/u 32;
    %load/vec4 v0000014d6bba5990_0;
    %pad/u 32;
    %sub;
    %pushi/vec4 360, 0, 32;
    %mod;
    %muli 2048, 0, 32;
    %pushi/vec4 360, 0, 32;
    %div;
    %pad/u 11;
    %ix/load 4, 0, 0;
    %ix/load 5, 0, 0;
    %flag_set/imm 4, 0;
    %assign/vec4/off/d v0000014d6bb9fa60_0, 4, 5;
    %pushi/vec4 1, 0, 1;
    %assign/vec4 v0000014d6bb9fb00_0, 0;
    %jmp T_4.6;
T_4.5 ;
    %pushi/vec4 0, 0, 1;
    %assign/vec4 v0000014d6bb9fb00_0, 0;
T_4.6 ;
    %load/vec4 v0000014d6bb52bd0_0;
    %assign/vec4 v0000014d6bba5990_0, 0;
    %jmp T_4.3;
T_4.2 ;
    %pushi/vec4 0, 0, 1;
    %assign/vec4 v0000014d6bb9fb00_0, 0;
T_4.3 ;
T_4.1 ;
    %jmp T_4;
    .thread T_4;
# The file index is used to find the file name in the following table.
:file_names 5;
    "N/A";
    "<interactive>";
    "top_level.v";
    "./rr_interval_calculator.v";
    "./peak_detector.v";
