#! /c/Source/iverilog-install/bin/vvp
:ivl_version "12.0 (devel)" "(s20150603-1539-g2693dd32b)";
:ivl_delay_selection "TYPICAL";
:vpi_time_precision - 12;
:vpi_module "C:\iverilog\lib\ivl\system.vpi";
:vpi_module "C:\iverilog\lib\ivl\vhdl_sys.vpi";
:vpi_module "C:\iverilog\lib\ivl\vhdl_textio.vpi";
:vpi_module "C:\iverilog\lib\ivl\v2005_math.vpi";
:vpi_module "C:\iverilog\lib\ivl\va_math.vpi";
S_000002385b3bce10 .scope module, "testbench_top_level" "testbench_top_level" 2 5;
 .timescale -9 -12;
v000002385b41b980_0 .var "clk", 0 0;
v000002385b41ba20 .array "ecg_data", 3599 0, 15 0;
v000002385b41b700_0 .var "ecg_sample", 15 0;
v000002385b41bac0_0 .var/i "i", 31 0;
v000002385b41bde0_0 .net "peak_detected", 0 0, v000002385b41bb60_0;  1 drivers
v000002385b41b160_0 .var/real "rr_decimal", 0 0;
v000002385b41a9e0_0 .net "rr_interval", 15 0, v000002385b3a8670_0;  1 drivers
v000002385b41b840_0 .net "rr_valid", 0 0, v000002385b3a8710_0;  1 drivers
v000002385b41aee0_0 .var "rst", 0 0;
S_000002385b3bb3d0 .scope function.real, "decode_rr_interval" "decode_rr_interval" 2 36, 2 36 0, S_000002385b3bce10;
 .timescale -9 -12;
; Variable decode_rr_interval is REAL return value of scope S_000002385b3bb3d0
v000002385b352c30_0 .var "encoded_interval", 15 0;
v000002385b352e50_0 .var/real "frac_part", 0 0;
v000002385b384840_0 .var/i "integer_part", 31 0;
v000002385b3c0810_0 .var "sign", 0 0;
TD_testbench_top_level.decode_rr_interval ;
    %load/vec4 v000002385b352c30_0;
    %parti/s 1, 15, 5;
    %store/vec4 v000002385b3c0810_0, 0, 1;
    %load/vec4 v000002385b352c30_0;
    %parti/s 4, 11, 5;
    %pad/u 32;
    %store/vec4 v000002385b384840_0, 0, 32;
    %load/vec4 v000002385b352c30_0;
    %parti/s 11, 0, 2;
    %cvt/rv;
    %pushi/real 1073741824, 4077; load=2048.00
    %div/wr;
    %store/real v000002385b352e50_0;
    %load/vec4 v000002385b3c0810_0;
    %flag_set/vec4 8;
    %jmp/0xz  T_0.0, 8;
    %pushi/real 1073741824, 20450; load=-1.00000
    %load/vec4 v000002385b384840_0;
    %cvt/rv/s;
    %load/real v000002385b352e50_0;
    %add/wr;
    %mul/wr;
    %ret/real 0; Assign to decode_rr_interval
    %jmp T_0.1;
T_0.0 ;
    %load/vec4 v000002385b384840_0;
    %cvt/rv/s;
    %load/real v000002385b352e50_0;
    %add/wr;
    %ret/real 0; Assign to decode_rr_interval
T_0.1 ;
    %end;
S_000002385b3bf770 .scope module, "uut" "top_level" 2 19, 3 5 0, S_000002385b3bce10;
 .timescale -9 -12;
    .port_info 0 /INPUT 1 "clk";
    .port_info 1 /INPUT 1 "rst";
    .port_info 2 /INPUT 16 "ecg_sample";
    .port_info 3 /OUTPUT 1 "peak_detected";
    .port_info 4 /OUTPUT 16 "rr_interval";
    .port_info 5 /OUTPUT 1 "rr_valid";
v000002385b41ac60_0 .net "clk", 0 0, v000002385b41b980_0;  1 drivers
v000002385b41b2a0_0 .net "ecg_sample", 15 0, v000002385b41b700_0;  1 drivers
v000002385b41bd40_0 .net "peak_detected", 0 0, v000002385b41bb60_0;  alias, 1 drivers
v000002385b41b5c0_0 .net "rr_interval", 15 0, v000002385b3a8670_0;  alias, 1 drivers
v000002385b41be80_0 .net "rr_valid", 0 0, v000002385b3a8710_0;  alias, 1 drivers
v000002385b41a940_0 .net "rst", 0 0, v000002385b41aee0_0;  1 drivers
S_000002385b3a5670 .scope module, "calculator" "rr_interval_calculator" 3 29, 4 2 0, S_000002385b3bf770;
 .timescale -9 -12;
    .port_info 0 /INPUT 1 "clk";
    .port_info 1 /INPUT 1 "rst";
    .port_info 2 /INPUT 1 "peak_detected";
    .port_info 3 /OUTPUT 16 "rr_interval";
    .port_info 4 /OUTPUT 1 "rr_valid";
v000002385b3bf900_0 .var "calculation_temp", 31 0;
v000002385b3a5800_0 .net "clk", 0 0, v000002385b41b980_0;  alias, 1 drivers
v000002385b3a58a0_0 .var "current_pos", 15 0;
v000002385b3a5940_0 .var "last_peak_pos", 15 0;
v000002385b3a59e0_0 .net "peak_detected", 0 0, v000002385b41bb60_0;  alias, 1 drivers
v000002385b3a8530_0 .var "peak_detected_delayed", 0 0;
v000002385b3a85d0_0 .var "raw_interval", 15 0;
v000002385b3a8670_0 .var "rr_interval", 15 0;
v000002385b3a8710_0 .var "rr_valid", 0 0;
v000002385b3a87b0_0 .net "rst", 0 0, v000002385b41aee0_0;  alias, 1 drivers
E_000002385b3b5e20 .event posedge, v000002385b3a87b0_0, v000002385b3a5800_0;
S_000002385b39f920 .scope module, "detector" "peak_detector" 3 22, 5 2 0, S_000002385b3bf770;
 .timescale -9 -12;
    .port_info 0 /INPUT 1 "clk";
    .port_info 1 /INPUT 1 "rst";
    .port_info 2 /INPUT 16 "data_in";
    .port_info 3 /OUTPUT 1 "peak_detected";
    .port_info 4 /OUTPUT 16 "current_threshold";
P_000002385b3a8850 .param/l "ADAPTATION_WINDOW" 0 5 12, +C4<00000000000000000000000001100100>;
P_000002385b3a8888 .param/l "MAX_THRESHOLD" 0 5 15, C4<0000110110011010>;
P_000002385b3a88c0 .param/l "MIN_DISTANCE" 0 5 11, +C4<00000000000000000000000000110010>;
P_000002385b3a88f8 .param/l "MIN_THRESHOLD" 0 5 14, C4<0000000110011010>;
P_000002385b3a8930 .param/l "THRESHOLD_MULTIPLIER" 0 5 13, C4<0000010110011010>;
P_000002385b3a8968 .param/l "WINDOW_SIZE" 0 5 10, +C4<00000000000000000000000000011001>;
L_000002385b3820d0 .functor BUFZ 16, v000002385b411e20_0, C4<0000000000000000>, C4<0000000000000000>, C4<0000000000000000>;
v000002385b411d80 .array "adaptation_buffer", 99 0, 15 0;
v000002385b411920_0 .var "adaptation_counter", 10 0;
v000002385b411e20_0 .var "adaptive_threshold", 15 0;
v000002385b4120a0_0 .net "clk", 0 0, v000002385b41b980_0;  alias, 1 drivers
v000002385b411f60_0 .net "current_threshold", 15 0, L_000002385b3820d0;  1 drivers
v000002385b4121e0_0 .net "data_in", 15 0, v000002385b41b700_0;  alias, 1 drivers
v000002385b412320_0 .var "distance_counter", 10 0;
v000002385b4123c0_0 .var/i "i", 31 0;
v000002385b41a800_0 .var "is_max", 0 0;
v000002385b41bc00_0 .var "max_value", 15 0;
v000002385b41bca0_0 .var "mean_value", 15 0;
v000002385b41bb60_0 .var "peak_detected", 0 0;
v000002385b41c1a0_0 .net "rst", 0 0, v000002385b41aee0_0;  alias, 1 drivers
v000002385b41ae40_0 .var "sample_counter", 10 0;
v000002385b41b340_0 .var "std_estimate", 15 0;
v000002385b41b200_0 .var "sum_accumulator", 31 0;
v000002385b41a8a0 .array "window_buffer", 24 0, 15 0;
S_000002385b39fab0 .scope function.vec4.s16, "fp_add" "fp_add" 5 66, 5 66 0, S_000002385b39f920;
 .timescale -9 -12;
v000002385b412140_0 .var "a", 15 0;
v000002385b411740_0 .var "b", 15 0;
; Variable fp_add is vec4 return value of scope S_000002385b39fab0
v000002385b411600_0 .var "temp_sum", 31 0;
TD_testbench_top_level.uut.detector.fp_add ;
    %pushi/vec4 0, 0, 16;
    %load/vec4 v000002385b412140_0;
    %concat/vec4; draw_concat_vec4
    %pushi/vec4 0, 0, 16;
    %load/vec4 v000002385b411740_0;
    %concat/vec4; draw_concat_vec4
    %add;
    %store/vec4 v000002385b411600_0, 0, 32;
    %load/vec4 v000002385b411600_0;
    %parti/s 16, 0, 2;
    %ret/vec4 0, 0, 16;  Assign to fp_add (store_vec4_to_lval)
    %end;
S_000002385b3525b0 .scope function.vec4.s16, "fp_mult" "fp_mult" 5 79, 5 79 0, S_000002385b39f920;
 .timescale -9 -12;
v000002385b411b00_0 .var "a", 15 0;
v000002385b411880_0 .var "b", 15 0;
; Variable fp_mult is vec4 return value of scope S_000002385b3525b0
v000002385b412500_0 .var "temp_mult", 31 0;
TD_testbench_top_level.uut.detector.fp_mult ;
    %load/vec4 v000002385b411b00_0;
    %pad/u 32;
    %load/vec4 v000002385b411880_0;
    %pad/u 32;
    %mul;
    %store/vec4 v000002385b412500_0, 0, 32;
    %load/vec4 v000002385b412500_0;
    %parti/s 16, 0, 2;
    %ret/vec4 0, 0, 16;  Assign to fp_mult (store_vec4_to_lval)
    %end;
S_000002385b352740 .scope function.vec4.s1, "is_greater" "is_greater" 5 40, 5 40 0, S_000002385b39f920;
 .timescale -9 -12;
v000002385b412460_0 .var "a", 15 0;
v000002385b4119c0_0 .var "a_int", 3 0;
v000002385b412280_0 .var "a_man", 10 0;
v000002385b411a60_0 .var "a_sign", 0 0;
v000002385b411ec0_0 .var "b", 15 0;
v000002385b411ba0_0 .var "b_int", 3 0;
v000002385b411c40_0 .var "b_man", 10 0;
v000002385b411ce0_0 .var "b_sign", 0 0;
; Variable is_greater is vec4 return value of scope S_000002385b352740
TD_testbench_top_level.uut.detector.is_greater ;
    %load/vec4 v000002385b412460_0;
    %parti/s 1, 15, 5;
    %store/vec4 v000002385b411a60_0, 0, 1;
    %load/vec4 v000002385b411ec0_0;
    %parti/s 1, 15, 5;
    %store/vec4 v000002385b411ce0_0, 0, 1;
    %load/vec4 v000002385b412460_0;
    %parti/s 4, 11, 5;
    %store/vec4 v000002385b4119c0_0, 0, 4;
    %load/vec4 v000002385b411ec0_0;
    %parti/s 4, 11, 5;
    %store/vec4 v000002385b411ba0_0, 0, 4;
    %load/vec4 v000002385b412460_0;
    %parti/s 11, 0, 2;
    %store/vec4 v000002385b412280_0, 0, 11;
    %load/vec4 v000002385b411ec0_0;
    %parti/s 11, 0, 2;
    %store/vec4 v000002385b411c40_0, 0, 11;
    %load/vec4 v000002385b411a60_0;
    %load/vec4 v000002385b411ce0_0;
    %cmp/ne;
    %jmp/0xz  T_3.2, 4;
    %load/vec4 v000002385b411ce0_0;
    %pad/u 32;
    %pushi/vec4 1, 0, 32;
    %cmp/e;
    %flag_get/vec4 4;
    %ret/vec4 0, 0, 1;  Assign to is_greater (store_vec4_to_lval)
    %jmp T_3.3;
T_3.2 ;
    %load/vec4 v000002385b4119c0_0;
    %load/vec4 v000002385b411ba0_0;
    %cmp/ne;
    %jmp/0xz  T_3.4, 4;
    %load/vec4 v000002385b411ba0_0;
    %load/vec4 v000002385b4119c0_0;
    %cmp/u;
    %flag_get/vec4 5;
    %load/vec4 v000002385b411a60_0;
    %xor;
    %ret/vec4 0, 0, 1;  Assign to is_greater (store_vec4_to_lval)
    %jmp T_3.5;
T_3.4 ;
    %load/vec4 v000002385b411c40_0;
    %load/vec4 v000002385b412280_0;
    %cmp/u;
    %flag_get/vec4 5;
    %load/vec4 v000002385b411a60_0;
    %xor;
    %ret/vec4 0, 0, 1;  Assign to is_greater (store_vec4_to_lval)
T_3.5 ;
T_3.3 ;
    %end;
    .scope S_000002385b39f920;
T_4 ;
    %wait E_000002385b3b5e20;
    %load/vec4 v000002385b41c1a0_0;
    %flag_set/vec4 8;
    %jmp/0xz  T_4.0, 8;
    %pushi/vec4 0, 0, 32;
    %store/vec4 v000002385b4123c0_0, 0, 32;
T_4.2 ;
    %load/vec4 v000002385b4123c0_0;
    %cmpi/s 25, 0, 32;
    %jmp/0xz T_4.3, 5;
    %pushi/vec4 0, 0, 16;
    %ix/getv/s 3, v000002385b4123c0_0;
    %ix/load 4, 0, 0; Constant delay
    %assign/vec4/a/d v000002385b41a8a0, 0, 4;
    %load/vec4 v000002385b4123c0_0;
    %addi 1, 0, 32;
    %store/vec4 v000002385b4123c0_0, 0, 32;
    %jmp T_4.2;
T_4.3 ;
    %pushi/vec4 0, 0, 32;
    %store/vec4 v000002385b4123c0_0, 0, 32;
T_4.4 ;
    %load/vec4 v000002385b4123c0_0;
    %cmpi/s 100, 0, 32;
    %jmp/0xz T_4.5, 5;
    %pushi/vec4 0, 0, 16;
    %ix/getv/s 3, v000002385b4123c0_0;
    %ix/load 4, 0, 0; Constant delay
    %assign/vec4/a/d v000002385b411d80, 0, 4;
    %load/vec4 v000002385b4123c0_0;
    %addi 1, 0, 32;
    %store/vec4 v000002385b4123c0_0, 0, 32;
    %jmp T_4.4;
T_4.5 ;
    %pushi/vec4 0, 0, 11;
    %assign/vec4 v000002385b41ae40_0, 0;
    %pushi/vec4 0, 0, 11;
    %assign/vec4 v000002385b412320_0, 0;
    %pushi/vec4 0, 0, 11;
    %assign/vec4 v000002385b411920_0, 0;
    %pushi/vec4 410, 0, 16;
    %assign/vec4 v000002385b411e20_0, 0;
    %pushi/vec4 0, 0, 32;
    %assign/vec4 v000002385b41b200_0, 0;
    %pushi/vec4 0, 0, 16;
    %assign/vec4 v000002385b41bca0_0, 0;
    %pushi/vec4 0, 0, 16;
    %assign/vec4 v000002385b41bc00_0, 0;
    %pushi/vec4 0, 0, 16;
    %assign/vec4 v000002385b41b340_0, 0;
    %pushi/vec4 0, 0, 1;
    %assign/vec4 v000002385b41bb60_0, 0;
    %jmp T_4.1;
T_4.0 ;
    %pushi/vec4 24, 0, 32;
    %store/vec4 v000002385b4123c0_0, 0, 32;
T_4.6 ;
    %load/vec4 v000002385b4123c0_0;
    %cmpi/s 0, 0, 32;
    %flag_or 5, 4; GT is !LE
    %flag_inv 5;
    %jmp/0xz T_4.7, 5;
    %load/vec4 v000002385b4123c0_0;
    %subi 1, 0, 32;
    %ix/vec4/s 4;
    %load/vec4a v000002385b41a8a0, 4;
    %ix/getv/s 3, v000002385b4123c0_0;
    %ix/load 4, 0, 0; Constant delay
    %assign/vec4/a/d v000002385b41a8a0, 0, 4;
    %load/vec4 v000002385b4123c0_0;
    %subi 1, 0, 32;
    %store/vec4 v000002385b4123c0_0, 0, 32;
    %jmp T_4.6;
T_4.7 ;
    %load/vec4 v000002385b4121e0_0;
    %ix/load 3, 0, 0;
    %flag_set/imm 4, 0;
    %ix/load 4, 0, 0; Constant delay
    %assign/vec4/a/d v000002385b41a8a0, 0, 4;
    %pushi/vec4 99, 0, 32;
    %store/vec4 v000002385b4123c0_0, 0, 32;
T_4.8 ;
    %load/vec4 v000002385b4123c0_0;
    %cmpi/s 0, 0, 32;
    %flag_or 5, 4; GT is !LE
    %flag_inv 5;
    %jmp/0xz T_4.9, 5;
    %load/vec4 v000002385b4123c0_0;
    %subi 1, 0, 32;
    %ix/vec4/s 4;
    %load/vec4a v000002385b411d80, 4;
    %ix/getv/s 3, v000002385b4123c0_0;
    %ix/load 4, 0, 0; Constant delay
    %assign/vec4/a/d v000002385b411d80, 0, 4;
    %load/vec4 v000002385b4123c0_0;
    %subi 1, 0, 32;
    %store/vec4 v000002385b4123c0_0, 0, 32;
    %jmp T_4.8;
T_4.9 ;
    %load/vec4 v000002385b4121e0_0;
    %ix/load 3, 0, 0;
    %flag_set/imm 4, 0;
    %ix/load 4, 0, 0; Constant delay
    %assign/vec4/a/d v000002385b411d80, 0, 4;
    %load/vec4 v000002385b411920_0;
    %pad/u 32;
    %cmpi/u 100, 0, 32;
    %flag_inv 5; GE is !LT
    %jmp/0xz  T_4.10, 5;
    %pushi/vec4 0, 0, 32;
    %store/vec4 v000002385b41b200_0, 0, 32;
    %ix/load 4, 0, 0;
    %flag_set/imm 4, 0;
    %load/vec4a v000002385b411d80, 4;
    %store/vec4 v000002385b41bc00_0, 0, 16;
    %pushi/vec4 0, 0, 32;
    %store/vec4 v000002385b4123c0_0, 0, 32;
T_4.12 ;
    %load/vec4 v000002385b4123c0_0;
    %cmpi/s 100, 0, 32;
    %jmp/0xz T_4.13, 5;
    %load/vec4 v000002385b41b200_0;
    %pushi/vec4 0, 0, 16;
    %ix/getv/s 4, v000002385b4123c0_0;
    %load/vec4a v000002385b411d80, 4;
    %concat/vec4; draw_concat_vec4
    %add;
    %store/vec4 v000002385b41b200_0, 0, 32;
    %ix/getv/s 4, v000002385b4123c0_0;
    %load/vec4a v000002385b411d80, 4;
    %load/vec4 v000002385b41bc00_0;
    %store/vec4 v000002385b411ec0_0, 0, 16;
    %store/vec4 v000002385b412460_0, 0, 16;
    %callf/vec4 TD_testbench_top_level.uut.detector.is_greater, S_000002385b352740;
    %flag_set/vec4 8;
    %jmp/0xz  T_4.14, 8;
    %ix/getv/s 4, v000002385b4123c0_0;
    %load/vec4a v000002385b411d80, 4;
    %store/vec4 v000002385b41bc00_0, 0, 16;
T_4.14 ;
    %load/vec4 v000002385b4123c0_0;
    %addi 1, 0, 32;
    %store/vec4 v000002385b4123c0_0, 0, 32;
    %jmp T_4.12;
T_4.13 ;
    %load/vec4 v000002385b41b200_0;
    %parti/s 16, 0, 2;
    %ix/load 4, 8, 0;
    %flag_set/imm 4, 0;
    %shiftr 4;
    %store/vec4 v000002385b41bca0_0, 0, 16;
    %load/vec4 v000002385b41bc00_0;
    %load/vec4 v000002385b41bca0_0;
    %store/vec4 v000002385b411ec0_0, 0, 16;
    %store/vec4 v000002385b412460_0, 0, 16;
    %callf/vec4 TD_testbench_top_level.uut.detector.is_greater, S_000002385b352740;
    %flag_set/vec4 8;
    %jmp/0xz  T_4.16, 8;
    %load/vec4 v000002385b41bc00_0;
    %load/vec4 v000002385b41bca0_0;
    %sub;
    %ix/load 4, 2, 0;
    %flag_set/imm 4, 0;
    %shiftr 4;
    %store/vec4 v000002385b41b340_0, 0, 16;
    %jmp T_4.17;
T_4.16 ;
    %pushi/vec4 410, 0, 16;
    %store/vec4 v000002385b41b340_0, 0, 16;
T_4.17 ;
    %load/vec4 v000002385b41bca0_0;
    %load/vec4 v000002385b41b340_0;
    %ix/load 4, 1, 0;
    %flag_set/imm 4, 0;
    %shiftl 4;
    %store/vec4 v000002385b411740_0, 0, 16;
    %store/vec4 v000002385b412140_0, 0, 16;
    %callf/vec4 TD_testbench_top_level.uut.detector.fp_add, S_000002385b39fab0;
    %store/vec4 v000002385b411e20_0, 0, 16;
    %pushi/vec4 410, 0, 16;
    %load/vec4 v000002385b411e20_0;
    %store/vec4 v000002385b411ec0_0, 0, 16;
    %store/vec4 v000002385b412460_0, 0, 16;
    %callf/vec4 TD_testbench_top_level.uut.detector.is_greater, S_000002385b352740;
    %flag_set/vec4 8;
    %jmp/0xz  T_4.18, 8;
    %pushi/vec4 410, 0, 16;
    %store/vec4 v000002385b411e20_0, 0, 16;
    %jmp T_4.19;
T_4.18 ;
    %load/vec4 v000002385b411e20_0;
    %pushi/vec4 3482, 0, 16;
    %store/vec4 v000002385b411ec0_0, 0, 16;
    %store/vec4 v000002385b412460_0, 0, 16;
    %callf/vec4 TD_testbench_top_level.uut.detector.is_greater, S_000002385b352740;
    %flag_set/vec4 8;
    %jmp/0xz  T_4.20, 8;
    %pushi/vec4 3482, 0, 16;
    %store/vec4 v000002385b411e20_0, 0, 16;
T_4.20 ;
T_4.19 ;
T_4.10 ;
    %pushi/vec4 0, 0, 1;
    %assign/vec4 v000002385b41bb60_0, 0;
    %load/vec4 v000002385b41ae40_0;
    %pad/u 32;
    %cmpi/u 25, 0, 32;
    %flag_inv 5; GE is !LT
    %flag_get/vec4 5;
    %jmp/0 T_4.24, 5;
    %pushi/vec4 50, 0, 32;
    %load/vec4 v000002385b412320_0;
    %pad/u 32;
    %cmp/u;
    %flag_get/vec4 4;
    %flag_get/vec4 5;
    %or;
    %and;
T_4.24;
    %flag_set/vec4 8;
    %jmp/0xz  T_4.22, 8;
    %load/vec4 v000002385b4121e0_0;
    %load/vec4 v000002385b411e20_0;
    %store/vec4 v000002385b411ec0_0, 0, 16;
    %store/vec4 v000002385b412460_0, 0, 16;
    %callf/vec4 TD_testbench_top_level.uut.detector.is_greater, S_000002385b352740;
    %flag_set/vec4 8;
    %jmp/0xz  T_4.25, 8;
    %pushi/vec4 1, 0, 1;
    %store/vec4 v000002385b41a800_0, 0, 1;
    %pushi/vec4 1, 0, 32;
    %store/vec4 v000002385b4123c0_0, 0, 32;
T_4.27 ;
    %load/vec4 v000002385b4123c0_0;
    %cmpi/s 25, 0, 32;
    %jmp/0xz T_4.28, 5;
    %load/vec4 v000002385b4121e0_0;
    %ix/getv/s 4, v000002385b4123c0_0;
    %load/vec4a v000002385b41a8a0, 4;
    %store/vec4 v000002385b411ec0_0, 0, 16;
    %store/vec4 v000002385b412460_0, 0, 16;
    %callf/vec4 TD_testbench_top_level.uut.detector.is_greater, S_000002385b352740;
    %nor/r;
    %flag_set/vec4 8;
    %jmp/0xz  T_4.29, 8;
    %pushi/vec4 0, 0, 1;
    %store/vec4 v000002385b41a800_0, 0, 1;
    %pushi/vec4 25, 0, 32;
    %store/vec4 v000002385b4123c0_0, 0, 32;
T_4.29 ;
    %load/vec4 v000002385b4123c0_0;
    %addi 1, 0, 32;
    %store/vec4 v000002385b4123c0_0, 0, 32;
    %jmp T_4.27;
T_4.28 ;
    %load/vec4 v000002385b41a800_0;
    %flag_set/vec4 8;
    %jmp/0xz  T_4.31, 8;
    %pushi/vec4 1, 0, 1;
    %assign/vec4 v000002385b41bb60_0, 0;
    %pushi/vec4 0, 0, 11;
    %assign/vec4 v000002385b412320_0, 0;
T_4.31 ;
T_4.25 ;
T_4.22 ;
    %load/vec4 v000002385b41ae40_0;
    %addi 1, 0, 11;
    %assign/vec4 v000002385b41ae40_0, 0;
    %load/vec4 v000002385b412320_0;
    %pad/u 32;
    %cmpi/u 50, 0, 32;
    %jmp/0xz  T_4.33, 5;
    %load/vec4 v000002385b412320_0;
    %addi 1, 0, 11;
    %assign/vec4 v000002385b412320_0, 0;
T_4.33 ;
    %load/vec4 v000002385b411920_0;
    %pad/u 32;
    %cmpi/u 100, 0, 32;
    %jmp/0xz  T_4.35, 5;
    %load/vec4 v000002385b411920_0;
    %addi 1, 0, 11;
    %assign/vec4 v000002385b411920_0, 0;
T_4.35 ;
T_4.1 ;
    %jmp T_4;
    .thread T_4;
    .scope S_000002385b3a5670;
T_5 ;
    %wait E_000002385b3b5e20;
    %load/vec4 v000002385b3a87b0_0;
    %flag_set/vec4 8;
    %jmp/0xz  T_5.0, 8;
    %pushi/vec4 0, 0, 16;
    %assign/vec4 v000002385b3a5940_0, 0;
    %pushi/vec4 0, 0, 16;
    %assign/vec4 v000002385b3a58a0_0, 0;
    %pushi/vec4 0, 0, 16;
    %assign/vec4 v000002385b3a8670_0, 0;
    %pushi/vec4 0, 0, 16;
    %assign/vec4 v000002385b3a85d0_0, 0;
    %pushi/vec4 0, 0, 32;
    %assign/vec4 v000002385b3bf900_0, 0;
    %pushi/vec4 0, 0, 1;
    %assign/vec4 v000002385b3a8710_0, 0;
    %pushi/vec4 0, 0, 1;
    %assign/vec4 v000002385b3a8530_0, 0;
    %jmp T_5.1;
T_5.0 ;
    %load/vec4 v000002385b3a58a0_0;
    %addi 1, 0, 16;
    %assign/vec4 v000002385b3a58a0_0, 0;
    %load/vec4 v000002385b3a59e0_0;
    %assign/vec4 v000002385b3a8530_0, 0;
    %load/vec4 v000002385b3a59e0_0;
    %flag_set/vec4 9;
    %flag_get/vec4 9;
    %jmp/0 T_5.4, 9;
    %load/vec4 v000002385b3a8530_0;
    %nor/r;
    %and;
T_5.4;
    %flag_set/vec4 8;
    %jmp/0xz  T_5.2, 8;
    %load/vec4 v000002385b3a5940_0;
    %pad/u 32;
    %cmpi/ne 0, 0, 32;
    %jmp/0xz  T_5.5, 4;
    %load/vec4 v000002385b3a58a0_0;
    %load/vec4 v000002385b3a5940_0;
    %sub;
    %assign/vec4 v000002385b3a85d0_0, 0;
    %load/vec4 v000002385b3a58a0_0;
    %pad/u 32;
    %load/vec4 v000002385b3a5940_0;
    %pad/u 32;
    %sub;
    %muli 2048, 0, 32;
    %assign/vec4 v000002385b3bf900_0, 0;
    %pushi/vec4 0, 0, 1;
    %ix/load 4, 15, 0;
    %ix/load 5, 0, 0;
    %flag_set/imm 4, 0;
    %assign/vec4/off/d v000002385b3a8670_0, 4, 5;
    %load/vec4 v000002385b3a58a0_0;
    %pad/u 32;
    %load/vec4 v000002385b3a5940_0;
    %pad/u 32;
    %sub;
    %pushi/vec4 360, 0, 32;
    %div;
    %pad/u 4;
    %ix/load 4, 11, 0;
    %ix/load 5, 0, 0;
    %flag_set/imm 4, 0;
    %assign/vec4/off/d v000002385b3a8670_0, 4, 5;
    %load/vec4 v000002385b3a58a0_0;
    %pad/u 32;
    %load/vec4 v000002385b3a5940_0;
    %pad/u 32;
    %sub;
    %pushi/vec4 360, 0, 32;
    %mod;
    %muli 2048, 0, 32;
    %pushi/vec4 360, 0, 32;
    %div;
    %pad/u 11;
    %ix/load 4, 0, 0;
    %ix/load 5, 0, 0;
    %flag_set/imm 4, 0;
    %assign/vec4/off/d v000002385b3a8670_0, 4, 5;
    %pushi/vec4 1, 0, 1;
    %assign/vec4 v000002385b3a8710_0, 0;
    %jmp T_5.6;
T_5.5 ;
    %pushi/vec4 0, 0, 1;
    %assign/vec4 v000002385b3a8710_0, 0;
T_5.6 ;
    %load/vec4 v000002385b3a58a0_0;
    %assign/vec4 v000002385b3a5940_0, 0;
    %jmp T_5.3;
T_5.2 ;
    %pushi/vec4 0, 0, 1;
    %assign/vec4 v000002385b3a8710_0, 0;
T_5.3 ;
T_5.1 ;
    %jmp T_5;
    .thread T_5;
    .scope S_000002385b3bce10;
T_6 ;
    %delay 5000, 0;
    %load/vec4 v000002385b41b980_0;
    %inv;
    %store/vec4 v000002385b41b980_0, 0, 1;
    %jmp T_6;
    .thread T_6;
    .scope S_000002385b3bce10;
T_7 ;
    %pushi/vec4 0, 0, 1;
    %store/vec4 v000002385b41b980_0, 0, 1;
    %pushi/vec4 1, 0, 1;
    %store/vec4 v000002385b41aee0_0, 0, 1;
    %pushi/vec4 0, 0, 16;
    %store/vec4 v000002385b41b700_0, 0, 16;
    %vpi_call 2 60 "$readmemb", "11peaksnormal.txt", v000002385b41ba20 {0 0 0};
    %delay 20000, 0;
    %pushi/vec4 0, 0, 1;
    %store/vec4 v000002385b41aee0_0, 0, 1;
    %pushi/vec4 0, 0, 32;
    %store/vec4 v000002385b41bac0_0, 0, 32;
T_7.0 ;
    %load/vec4 v000002385b41bac0_0;
    %cmpi/s 3600, 0, 32;
    %jmp/0xz T_7.1, 5;
    %ix/getv/s 4, v000002385b41bac0_0;
    %load/vec4a v000002385b41ba20, 4;
    %store/vec4 v000002385b41b700_0, 0, 16;
    %delay 10000, 0;
    %load/vec4 v000002385b41bde0_0;
    %flag_set/vec4 8;
    %jmp/0xz  T_7.2, 8;
    %vpi_call 2 71 "$display", "Peak detected at time %0t ns, sample index = %0d, value = %b", $time, v000002385b41bac0_0, v000002385b41b700_0 {0 0 0};
T_7.2 ;
    %load/vec4 v000002385b41b840_0;
    %flag_set/vec4 8;
    %jmp/0xz  T_7.4, 8;
    %load/vec4 v000002385b41a9e0_0;
    %store/vec4 v000002385b352c30_0, 0, 16;
    %callf/real TD_testbench_top_level.decode_rr_interval, S_000002385b3bb3d0;
    %store/real v000002385b41b160_0;
    %vpi_call 2 74 "$display", "R-R interval detected: %0b (binary format)", v000002385b41a9e0_0 {0 0 0};
    %vpi_call 2 75 "$display", "  Sign bit: %b", &PV<v000002385b41a9e0_0, 15, 1> {0 0 0};
    %vpi_call 2 76 "$display", "  Integer part: %b (%0d)", &PV<v000002385b41a9e0_0, 11, 4>, &PV<v000002385b41a9e0_0, 11, 4> {0 0 0};
    %vpi_call 2 77 "$display", "  Mantissa part: %b", &PV<v000002385b41a9e0_0, 0, 11> {0 0 0};
    %vpi_call 2 78 "$display", "  Decoded value: %0.6f seconds", v000002385b41b160_0 {0 0 0};
    %pushi/real 2013265920, 4071; load=60.0000
    %load/real v000002385b41b160_0;
    %div/wr;
    %vpi_call 2 79 "$display", "  Heart rate: %0.1f BPM", W<0,r> {0 1 0};
T_7.4 ;
    %load/vec4 v000002385b41bac0_0;
    %addi 1, 0, 32;
    %store/vec4 v000002385b41bac0_0, 0, 32;
    %jmp T_7.0;
T_7.1 ;
    %vpi_call 2 83 "$finish" {0 0 0};
    %end;
    .thread T_7;
# The file index is used to find the file name in the following table.
:file_names 6;
    "N/A";
    "<interactive>";
    "top_level_tb.v";
    "./top_level.v";
    "./rr_interval_calculator.v";
    "./peak_detector.v";
